{"C:\\Users\\Fede\\Desktop\\MP7\\app.js": {"path":"C:\\Users\\Fede\\Desktop\\MP7\\app.js","statementMap":{"0":{"start":{"line":2,"column":16},"end":{"line":2,"column":34}},"1":{"start":{"line":3,"column":12},"end":{"line":3,"column":21}},"2":{"start":{"line":6,"column":27},"end":{"line":6,"column":70}},"3":{"start":{"line":7,"column":23},"end":{"line":7,"column":62}},"4":{"start":{"line":8,"column":19},"end":{"line":8,"column":55}},"5":{"start":{"line":9,"column":20},"end":{"line":9,"column":55}},"6":{"start":{"line":10,"column":20},"end":{"line":10,"column":56}},"7":{"start":{"line":13,"column":18},"end":{"line":13,"column":47}},"8":{"start":{"line":14,"column":20},"end":{"line":14,"column":52}},"9":{"start":{"line":15,"column":21},"end":{"line":15,"column":45}},"10":{"start":{"line":18,"column":0},"end":{"line":18,"column":23}},"11":{"start":{"line":19,"column":0},"end":{"line":19,"column":48}},"12":{"start":{"line":22,"column":0},"end":{"line":22,"column":30}},"13":{"start":{"line":23,"column":0},"end":{"line":23,"column":29}},"14":{"start":{"line":24,"column":0},"end":{"line":24,"column":29}},"15":{"start":{"line":25,"column":0},"end":{"line":25,"column":36}},"16":{"start":{"line":26,"column":0},"end":{"line":26,"column":44}},"17":{"start":{"line":27,"column":0},"end":{"line":27,"column":81}},"18":{"start":{"line":29,"column":0},"end":{"line":29,"column":20}}},"fnMap":{},"branchMap":{},"s":{"0":1,"1":1,"2":1,"3":1,"4":1,"5":1,"6":1,"7":1,"8":1,"9":1,"10":1,"11":1,"12":1,"13":1,"14":1,"15":1,"16":1,"17":1,"18":1},"f":{},"b":{},"_coverageSchema":"1a1c01bbd47fc00a2c39e90264f33305004495a9","hash":"bad35f4b0287d2d11478e224b896156f99af553c"}
,"C:\\Users\\Fede\\Desktop\\MP7\\src\\controllers\\admin.controller.js": {"path":"C:\\Users\\Fede\\Desktop\\MP7\\src\\controllers\\admin.controller.js","statementMap":{"0":{"start":{"line":1,"column":25},"end":{"line":1,"column":53}},"1":{"start":{"line":2,"column":24},"end":{"line":2,"column":44}},"2":{"start":{"line":3,"column":17},"end":{"line":3,"column":37}},"3":{"start":{"line":4,"column":20},"end":{"line":4,"column":40}},"4":{"start":{"line":7,"column":25},"end":{"line":16,"column":1}},"5":{"start":{"line":8,"column":4},"end":{"line":15,"column":5}},"6":{"start":{"line":9,"column":19},"end":{"line":9,"column":32}},"7":{"start":{"line":10,"column":24},"end":{"line":10,"column":61}},"8":{"start":{"line":11,"column":8},"end":{"line":11,"column":49}},"9":{"start":{"line":14,"column":8},"end":{"line":14,"column":39}},"10":{"start":{"line":20,"column":25},"end":{"line":29,"column":1}},"11":{"start":{"line":21,"column":4},"end":{"line":28,"column":5}},"12":{"start":{"line":22,"column":34},"end":{"line":22,"column":42}},"13":{"start":{"line":23,"column":25},"end":{"line":23,"column":77}},"14":{"start":{"line":24,"column":8},"end":{"line":24,"column":51}},"15":{"start":{"line":27,"column":8},"end":{"line":27,"column":39}},"16":{"start":{"line":32,"column":32},"end":{"line":41,"column":1}},"17":{"start":{"line":33,"column":4},"end":{"line":40,"column":5}},"18":{"start":{"line":34,"column":34},"end":{"line":34,"column":42}},"19":{"start":{"line":35,"column":32},"end":{"line":35,"column":91}},"20":{"start":{"line":36,"column":8},"end":{"line":36,"column":45}},"21":{"start":{"line":39,"column":8},"end":{"line":39,"column":39}},"22":{"start":{"line":44,"column":29},"end":{"line":95,"column":1}},"23":{"start":{"line":45,"column":4},"end":{"line":94,"column":5}},"24":{"start":{"line":46,"column":88},"end":{"line":46,"column":96}},"25":{"start":{"line":47,"column":27},"end":{"line":47,"column":82}},"26":{"start":{"line":48,"column":8},"end":{"line":90,"column":9}},"27":{"start":{"line":49,"column":12},"end":{"line":49,"column":78}},"28":{"start":{"line":52,"column":12},"end":{"line":89,"column":13}},"29":{"start":{"line":53,"column":16},"end":{"line":53,"column":81}},"30":{"start":{"line":56,"column":16},"end":{"line":88,"column":17}},"31":{"start":{"line":57,"column":20},"end":{"line":57,"column":79}},"32":{"start":{"line":59,"column":21},"end":{"line":88,"column":17}},"33":{"start":{"line":60,"column":37},"end":{"line":60,"column":91}},"34":{"start":{"line":61,"column":43},"end":{"line":66,"column":22}},"35":{"start":{"line":67,"column":20},"end":{"line":70,"column":56}},"36":{"start":{"line":71,"column":20},"end":{"line":72,"column":96}},"37":{"start":{"line":75,"column":37},"end":{"line":75,"column":91}},"38":{"start":{"line":76,"column":20},"end":{"line":76,"column":41}},"39":{"start":{"line":77,"column":43},"end":{"line":82,"column":22}},"40":{"start":{"line":83,"column":20},"end":{"line":85,"column":56}},"41":{"start":{"line":86,"column":20},"end":{"line":87,"column":93}},"42":{"start":{"line":93,"column":8},"end":{"line":93,"column":39}},"43":{"start":{"line":98,"column":25},"end":{"line":114,"column":1}},"44":{"start":{"line":99,"column":4},"end":{"line":113,"column":5}},"45":{"start":{"line":100,"column":99},"end":{"line":100,"column":107}},"46":{"start":{"line":101,"column":28},"end":{"line":108,"column":10}},"47":{"start":{"line":109,"column":8},"end":{"line":109,"column":41}},"48":{"start":{"line":112,"column":8},"end":{"line":112,"column":39}},"49":{"start":{"line":117,"column":27},"end":{"line":181,"column":1}},"50":{"start":{"line":118,"column":4},"end":{"line":180,"column":5}},"51":{"start":{"line":119,"column":27},"end":{"line":119,"column":40}},"52":{"start":{"line":120,"column":27},"end":{"line":120,"column":79}},"53":{"start":{"line":121,"column":99},"end":{"line":121,"column":107}},"54":{"start":{"line":122,"column":8},"end":{"line":127,"column":9}},"55":{"start":{"line":123,"column":12},"end":{"line":123,"column":58}},"56":{"start":{"line":126,"column":12},"end":{"line":126,"column":36}},"57":{"start":{"line":128,"column":8},"end":{"line":133,"column":9}},"58":{"start":{"line":129,"column":12},"end":{"line":129,"column":60}},"59":{"start":{"line":132,"column":12},"end":{"line":132,"column":38}},"60":{"start":{"line":134,"column":8},"end":{"line":139,"column":9}},"61":{"start":{"line":135,"column":12},"end":{"line":135,"column":64}},"62":{"start":{"line":138,"column":12},"end":{"line":138,"column":42}},"63":{"start":{"line":140,"column":8},"end":{"line":145,"column":9}},"64":{"start":{"line":141,"column":12},"end":{"line":141,"column":60}},"65":{"start":{"line":144,"column":12},"end":{"line":144,"column":38}},"66":{"start":{"line":146,"column":8},"end":{"line":151,"column":9}},"67":{"start":{"line":147,"column":12},"end":{"line":147,"column":66}},"68":{"start":{"line":150,"column":12},"end":{"line":150,"column":44}},"69":{"start":{"line":152,"column":8},"end":{"line":157,"column":9}},"70":{"start":{"line":153,"column":12},"end":{"line":153,"column":68}},"71":{"start":{"line":156,"column":12},"end":{"line":156,"column":46}},"72":{"start":{"line":158,"column":8},"end":{"line":167,"column":10}},"73":{"start":{"line":168,"column":8},"end":{"line":176,"column":10}},"74":{"start":{"line":179,"column":8},"end":{"line":179,"column":39}},"75":{"start":{"line":185,"column":31},"end":{"line":199,"column":1}},"76":{"start":{"line":186,"column":4},"end":{"line":198,"column":5}},"77":{"start":{"line":187,"column":19},"end":{"line":187,"column":32}},"78":{"start":{"line":188,"column":31},"end":{"line":188,"column":75}},"79":{"start":{"line":189,"column":8},"end":{"line":194,"column":9}},"80":{"start":{"line":190,"column":12},"end":{"line":190,"column":61}},"81":{"start":{"line":193,"column":12},"end":{"line":193,"column":63}},"82":{"start":{"line":197,"column":8},"end":{"line":197,"column":39}},"83":{"start":{"line":202,"column":28},"end":{"line":278,"column":1}},"84":{"start":{"line":203,"column":4},"end":{"line":277,"column":5}},"85":{"start":{"line":204,"column":15},"end":{"line":204,"column":28}},"86":{"start":{"line":205,"column":20},"end":{"line":205,"column":57}},"87":{"start":{"line":206,"column":4},"end":{"line":273,"column":5}},"88":{"start":{"line":207,"column":112},"end":{"line":207,"column":120}},"89":{"start":{"line":208,"column":8},"end":{"line":213,"column":9}},"90":{"start":{"line":209,"column":12},"end":{"line":209,"column":55}},"91":{"start":{"line":212,"column":12},"end":{"line":212,"column":36}},"92":{"start":{"line":214,"column":8},"end":{"line":219,"column":9}},"93":{"start":{"line":215,"column":12},"end":{"line":215,"column":63}},"94":{"start":{"line":218,"column":12},"end":{"line":218,"column":44}},"95":{"start":{"line":220,"column":8},"end":{"line":225,"column":9}},"96":{"start":{"line":221,"column":12},"end":{"line":221,"column":63}},"97":{"start":{"line":224,"column":12},"end":{"line":224,"column":44}},"98":{"start":{"line":226,"column":8},"end":{"line":231,"column":9}},"99":{"start":{"line":227,"column":12},"end":{"line":227,"column":63}},"100":{"start":{"line":230,"column":12},"end":{"line":230,"column":44}},"101":{"start":{"line":232,"column":8},"end":{"line":237,"column":9}},"102":{"start":{"line":233,"column":12},"end":{"line":233,"column":53}},"103":{"start":{"line":236,"column":12},"end":{"line":236,"column":34}},"104":{"start":{"line":238,"column":8},"end":{"line":243,"column":9}},"105":{"start":{"line":239,"column":12},"end":{"line":239,"column":55}},"106":{"start":{"line":242,"column":12},"end":{"line":242,"column":36}},"107":{"start":{"line":244,"column":8},"end":{"line":249,"column":9}},"108":{"start":{"line":245,"column":12},"end":{"line":245,"column":65}},"109":{"start":{"line":248,"column":12},"end":{"line":248,"column":46}},"110":{"start":{"line":250,"column":25},"end":{"line":250,"column":61}},"111":{"start":{"line":251,"column":8},"end":{"line":259,"column":29}},"112":{"start":{"line":260,"column":8},"end":{"line":269,"column":10}},"113":{"start":{"line":272,"column":8},"end":{"line":272,"column":52}},"114":{"start":{"line":276,"column":8},"end":{"line":276,"column":39}},"115":{"start":{"line":281,"column":28},"end":{"line":296,"column":1}},"116":{"start":{"line":282,"column":4},"end":{"line":295,"column":5}},"117":{"start":{"line":283,"column":19},"end":{"line":283,"column":32}},"118":{"start":{"line":284,"column":24},"end":{"line":284,"column":61}},"119":{"start":{"line":285,"column":8},"end":{"line":291,"column":9}},"120":{"start":{"line":286,"column":12},"end":{"line":286,"column":49}},"121":{"start":{"line":287,"column":12},"end":{"line":287,"column":54}},"122":{"start":{"line":290,"column":12},"end":{"line":290,"column":56}},"123":{"start":{"line":294,"column":8},"end":{"line":294,"column":39}},"124":{"start":{"line":298,"column":31},"end":{"line":324,"column":1}},"125":{"start":{"line":299,"column":4},"end":{"line":323,"column":5}},"126":{"start":{"line":300,"column":19},"end":{"line":300,"column":32}},"127":{"start":{"line":301,"column":34},"end":{"line":301,"column":42}},"128":{"start":{"line":302,"column":31},"end":{"line":302,"column":75}},"129":{"start":{"line":303,"column":8},"end":{"line":319,"column":9}},"130":{"start":{"line":304,"column":12},"end":{"line":309,"column":13}},"131":{"start":{"line":305,"column":16},"end":{"line":305,"column":61}},"132":{"start":{"line":308,"column":16},"end":{"line":308,"column":46}},"133":{"start":{"line":310,"column":12},"end":{"line":314,"column":14}},"134":{"start":{"line":315,"column":12},"end":{"line":315,"column":50}},"135":{"start":{"line":318,"column":12},"end":{"line":318,"column":63}},"136":{"start":{"line":322,"column":8},"end":{"line":322,"column":39}},"137":{"start":{"line":326,"column":0},"end":{"line":337,"column":1}}},"fnMap":{"0":{"name":"(anonymous_0)","decl":{"start":{"line":7,"column":25},"end":{"line":7,"column":26}},"loc":{"start":{"line":7,"column":45},"end":{"line":16,"column":1}},"line":7},"1":{"name":"(anonymous_1)","decl":{"start":{"line":20,"column":25},"end":{"line":20,"column":26}},"loc":{"start":{"line":20,"column":45},"end":{"line":29,"column":1}},"line":20},"2":{"name":"(anonymous_2)","decl":{"start":{"line":32,"column":32},"end":{"line":32,"column":33}},"loc":{"start":{"line":32,"column":52},"end":{"line":41,"column":1}},"line":32},"3":{"name":"(anonymous_3)","decl":{"start":{"line":44,"column":29},"end":{"line":44,"column":30}},"loc":{"start":{"line":44,"column":49},"end":{"line":95,"column":1}},"line":44},"4":{"name":"(anonymous_4)","decl":{"start":{"line":98,"column":25},"end":{"line":98,"column":26}},"loc":{"start":{"line":98,"column":45},"end":{"line":114,"column":1}},"line":98},"5":{"name":"(anonymous_5)","decl":{"start":{"line":117,"column":27},"end":{"line":117,"column":28}},"loc":{"start":{"line":117,"column":47},"end":{"line":181,"column":1}},"line":117},"6":{"name":"(anonymous_6)","decl":{"start":{"line":185,"column":31},"end":{"line":185,"column":32}},"loc":{"start":{"line":185,"column":51},"end":{"line":199,"column":1}},"line":185},"7":{"name":"(anonymous_7)","decl":{"start":{"line":202,"column":28},"end":{"line":202,"column":29}},"loc":{"start":{"line":202,"column":48},"end":{"line":278,"column":1}},"line":202},"8":{"name":"(anonymous_8)","decl":{"start":{"line":281,"column":28},"end":{"line":281,"column":29}},"loc":{"start":{"line":281,"column":48},"end":{"line":296,"column":1}},"line":281},"9":{"name":"(anonymous_9)","decl":{"start":{"line":298,"column":31},"end":{"line":298,"column":32}},"loc":{"start":{"line":298,"column":51},"end":{"line":324,"column":1}},"line":298}},"branchMap":{"0":{"loc":{"start":{"line":48,"column":8},"end":{"line":90,"column":9}},"type":"if","locations":[{"start":{"line":48,"column":8},"end":{"line":90,"column":9}},{"start":{"line":51,"column":13},"end":{"line":90,"column":9}}],"line":48},"1":{"loc":{"start":{"line":52,"column":12},"end":{"line":89,"column":13}},"type":"if","locations":[{"start":{"line":52,"column":12},"end":{"line":89,"column":13}},{"start":{"line":55,"column":17},"end":{"line":89,"column":13}}],"line":52},"2":{"loc":{"start":{"line":56,"column":16},"end":{"line":88,"column":17}},"type":"if","locations":[{"start":{"line":56,"column":16},"end":{"line":88,"column":17}},{"start":{"line":59,"column":21},"end":{"line":88,"column":17}}],"line":56},"3":{"loc":{"start":{"line":59,"column":21},"end":{"line":88,"column":17}},"type":"if","locations":[{"start":{"line":59,"column":21},"end":{"line":88,"column":17}},{"start":{"line":74,"column":21},"end":{"line":88,"column":17}}],"line":59},"4":{"loc":{"start":{"line":122,"column":8},"end":{"line":127,"column":9}},"type":"if","locations":[{"start":{"line":122,"column":8},"end":{"line":127,"column":9}},{"start":{"line":125,"column":13},"end":{"line":127,"column":9}}],"line":122},"5":{"loc":{"start":{"line":128,"column":8},"end":{"line":133,"column":9}},"type":"if","locations":[{"start":{"line":128,"column":8},"end":{"line":133,"column":9}},{"start":{"line":131,"column":13},"end":{"line":133,"column":9}}],"line":128},"6":{"loc":{"start":{"line":134,"column":8},"end":{"line":139,"column":9}},"type":"if","locations":[{"start":{"line":134,"column":8},"end":{"line":139,"column":9}},{"start":{"line":137,"column":13},"end":{"line":139,"column":9}}],"line":134},"7":{"loc":{"start":{"line":140,"column":8},"end":{"line":145,"column":9}},"type":"if","locations":[{"start":{"line":140,"column":8},"end":{"line":145,"column":9}},{"start":{"line":143,"column":13},"end":{"line":145,"column":9}}],"line":140},"8":{"loc":{"start":{"line":146,"column":8},"end":{"line":151,"column":9}},"type":"if","locations":[{"start":{"line":146,"column":8},"end":{"line":151,"column":9}},{"start":{"line":149,"column":13},"end":{"line":151,"column":9}}],"line":146},"9":{"loc":{"start":{"line":152,"column":8},"end":{"line":157,"column":9}},"type":"if","locations":[{"start":{"line":152,"column":8},"end":{"line":157,"column":9}},{"start":{"line":155,"column":13},"end":{"line":157,"column":9}}],"line":152},"10":{"loc":{"start":{"line":189,"column":8},"end":{"line":194,"column":9}},"type":"if","locations":[{"start":{"line":189,"column":8},"end":{"line":194,"column":9}},{"start":{"line":192,"column":13},"end":{"line":194,"column":9}}],"line":189},"11":{"loc":{"start":{"line":206,"column":4},"end":{"line":273,"column":5}},"type":"if","locations":[{"start":{"line":206,"column":4},"end":{"line":273,"column":5}},{"start":{"line":271,"column":9},"end":{"line":273,"column":5}}],"line":206},"12":{"loc":{"start":{"line":208,"column":8},"end":{"line":213,"column":9}},"type":"if","locations":[{"start":{"line":208,"column":8},"end":{"line":213,"column":9}},{"start":{"line":211,"column":13},"end":{"line":213,"column":9}}],"line":208},"13":{"loc":{"start":{"line":214,"column":8},"end":{"line":219,"column":9}},"type":"if","locations":[{"start":{"line":214,"column":8},"end":{"line":219,"column":9}},{"start":{"line":217,"column":13},"end":{"line":219,"column":9}}],"line":214},"14":{"loc":{"start":{"line":220,"column":8},"end":{"line":225,"column":9}},"type":"if","locations":[{"start":{"line":220,"column":8},"end":{"line":225,"column":9}},{"start":{"line":223,"column":13},"end":{"line":225,"column":9}}],"line":220},"15":{"loc":{"start":{"line":226,"column":8},"end":{"line":231,"column":9}},"type":"if","locations":[{"start":{"line":226,"column":8},"end":{"line":231,"column":9}},{"start":{"line":229,"column":13},"end":{"line":231,"column":9}}],"line":226},"16":{"loc":{"start":{"line":232,"column":8},"end":{"line":237,"column":9}},"type":"if","locations":[{"start":{"line":232,"column":8},"end":{"line":237,"column":9}},{"start":{"line":235,"column":13},"end":{"line":237,"column":9}}],"line":232},"17":{"loc":{"start":{"line":238,"column":8},"end":{"line":243,"column":9}},"type":"if","locations":[{"start":{"line":238,"column":8},"end":{"line":243,"column":9}},{"start":{"line":241,"column":13},"end":{"line":243,"column":9}}],"line":238},"18":{"loc":{"start":{"line":244,"column":8},"end":{"line":249,"column":9}},"type":"if","locations":[{"start":{"line":244,"column":8},"end":{"line":249,"column":9}},{"start":{"line":247,"column":13},"end":{"line":249,"column":9}}],"line":244},"19":{"loc":{"start":{"line":285,"column":8},"end":{"line":291,"column":9}},"type":"if","locations":[{"start":{"line":285,"column":8},"end":{"line":291,"column":9}},{"start":{"line":289,"column":13},"end":{"line":291,"column":9}}],"line":285},"20":{"loc":{"start":{"line":303,"column":8},"end":{"line":319,"column":9}},"type":"if","locations":[{"start":{"line":303,"column":8},"end":{"line":319,"column":9}},{"start":{"line":317,"column":13},"end":{"line":319,"column":9}}],"line":303},"21":{"loc":{"start":{"line":304,"column":12},"end":{"line":309,"column":13}},"type":"if","locations":[{"start":{"line":304,"column":12},"end":{"line":309,"column":13}},{"start":{"line":307,"column":17},"end":{"line":309,"column":13}}],"line":304}},"s":{"0":1,"1":1,"2":1,"3":1,"4":1,"5":0,"6":0,"7":0,"8":0,"9":0,"10":1,"11":0,"12":0,"13":0,"14":0,"15":0,"16":1,"17":0,"18":0,"19":0,"20":0,"21":0,"22":1,"23":0,"24":0,"25":0,"26":0,"27":0,"28":0,"29":0,"30":0,"31":0,"32":0,"33":0,"34":0,"35":0,"36":0,"37":0,"38":0,"39":0,"40":0,"41":0,"42":0,"43":1,"44":0,"45":0,"46":0,"47":0,"48":0,"49":1,"50":0,"51":0,"52":0,"53":0,"54":0,"55":0,"56":0,"57":0,"58":0,"59":0,"60":0,"61":0,"62":0,"63":0,"64":0,"65":0,"66":0,"67":0,"68":0,"69":0,"70":0,"71":0,"72":0,"73":0,"74":0,"75":1,"76":0,"77":0,"78":0,"79":0,"80":0,"81":0,"82":0,"83":1,"84":0,"85":0,"86":0,"87":0,"88":0,"89":0,"90":0,"91":0,"92":0,"93":0,"94":0,"95":0,"96":0,"97":0,"98":0,"99":0,"100":0,"101":0,"102":0,"103":0,"104":0,"105":0,"106":0,"107":0,"108":0,"109":0,"110":0,"111":0,"112":0,"113":0,"114":0,"115":1,"116":0,"117":0,"118":0,"119":0,"120":0,"121":0,"122":0,"123":0,"124":1,"125":0,"126":0,"127":0,"128":0,"129":0,"130":0,"131":0,"132":0,"133":0,"134":0,"135":0,"136":0,"137":1},"f":{"0":0,"1":0,"2":0,"3":0,"4":0,"5":0,"6":0,"7":0,"8":0,"9":0},"b":{"0":[0,0],"1":[0,0],"2":[0,0],"3":[0,0],"4":[0,0],"5":[0,0],"6":[0,0],"7":[0,0],"8":[0,0],"9":[0,0],"10":[0,0],"11":[0,0],"12":[0,0],"13":[0,0],"14":[0,0],"15":[0,0],"16":[0,0],"17":[0,0],"18":[0,0],"19":[0,0],"20":[0,0],"21":[0,0]},"_coverageSchema":"1a1c01bbd47fc00a2c39e90264f33305004495a9","hash":"4d0bcf0d3107caa859808192d76db426b1997aea"}
,"C:\\Users\\Fede\\Desktop\\MP7\\src\\controllers\\auth.controller.js": {"path":"C:\\Users\\Fede\\Desktop\\MP7\\src\\controllers\\auth.controller.js","statementMap":{"0":{"start":{"line":1,"column":42},"end":{"line":1,"column":70}},"1":{"start":{"line":2,"column":12},"end":{"line":2,"column":35}},"2":{"start":{"line":3,"column":17},"end":{"line":3,"column":37}},"3":{"start":{"line":4,"column":0},"end":{"line":4,"column":26}},"4":{"start":{"line":7,"column":15},"end":{"line":44,"column":1}},"5":{"start":{"line":8,"column":4},"end":{"line":43,"column":5}},"6":{"start":{"line":9,"column":24},"end":{"line":9,"column":52}},"7":{"start":{"line":10,"column":4},"end":{"line":39,"column":5}},"8":{"start":{"line":11,"column":45},"end":{"line":11,"column":53}},"9":{"start":{"line":12,"column":24},"end":{"line":12,"column":68}},"10":{"start":{"line":13,"column":8},"end":{"line":35,"column":9}},"11":{"start":{"line":14,"column":32},"end":{"line":14,"column":91}},"12":{"start":{"line":15,"column":12},"end":{"line":31,"column":13}},"13":{"start":{"line":16,"column":32},"end":{"line":19,"column":17}},"14":{"start":{"line":20,"column":16},"end":{"line":27,"column":18}},"15":{"start":{"line":21,"column":20},"end":{"line":26,"column":21}},"16":{"start":{"line":22,"column":24},"end":{"line":22,"column":84}},"17":{"start":{"line":25,"column":24},"end":{"line":25,"column":55}},"18":{"start":{"line":30,"column":16},"end":{"line":30,"column":66}},"19":{"start":{"line":34,"column":12},"end":{"line":34,"column":66}},"20":{"start":{"line":38,"column":8},"end":{"line":38,"column":54}},"21":{"start":{"line":42,"column":8},"end":{"line":42,"column":39}},"22":{"start":{"line":47,"column":15},"end":{"line":84,"column":1}},"23":{"start":{"line":48,"column":4},"end":{"line":83,"column":5}},"24":{"start":{"line":49,"column":28},"end":{"line":49,"column":56}},"25":{"start":{"line":50,"column":8},"end":{"line":79,"column":9}},"26":{"start":{"line":51,"column":105},"end":{"line":51,"column":113}},"27":{"start":{"line":52,"column":29},"end":{"line":52,"column":62}},"28":{"start":{"line":53,"column":28},"end":{"line":60,"column":14}},"29":{"start":{"line":61,"column":12},"end":{"line":67,"column":14}},"30":{"start":{"line":70,"column":26},"end":{"line":70,"column":51}},"31":{"start":{"line":71,"column":12},"end":{"line":78,"column":14}},"32":{"start":{"line":72,"column":16},"end":{"line":77,"column":17}},"33":{"start":{"line":73,"column":20},"end":{"line":73,"column":76}},"34":{"start":{"line":76,"column":20},"end":{"line":76,"column":66}},"35":{"start":{"line":82,"column":8},"end":{"line":82,"column":39}},"36":{"start":{"line":87,"column":20},"end":{"line":105,"column":1}},"37":{"start":{"line":88,"column":4},"end":{"line":104,"column":5}},"38":{"start":{"line":89,"column":112},"end":{"line":89,"column":120}},"39":{"start":{"line":90,"column":25},"end":{"line":90,"column":58}},"40":{"start":{"line":91,"column":24},"end":{"line":99,"column":10}},"41":{"start":{"line":100,"column":8},"end":{"line":100,"column":37}},"42":{"start":{"line":103,"column":8},"end":{"line":103,"column":39}},"43":{"start":{"line":107,"column":0},"end":{"line":111,"column":1}}},"fnMap":{"0":{"name":"(anonymous_0)","decl":{"start":{"line":7,"column":15},"end":{"line":7,"column":16}},"loc":{"start":{"line":7,"column":35},"end":{"line":44,"column":1}},"line":7},"1":{"name":"(anonymous_1)","decl":{"start":{"line":20,"column":102},"end":{"line":20,"column":103}},"loc":{"start":{"line":20,"column":120},"end":{"line":27,"column":17}},"line":20},"2":{"name":"(anonymous_2)","decl":{"start":{"line":47,"column":15},"end":{"line":47,"column":16}},"loc":{"start":{"line":47,"column":35},"end":{"line":84,"column":1}},"line":47},"3":{"name":"(anonymous_3)","decl":{"start":{"line":71,"column":57},"end":{"line":71,"column":58}},"loc":{"start":{"line":71,"column":77},"end":{"line":78,"column":13}},"line":71},"4":{"name":"(anonymous_4)","decl":{"start":{"line":87,"column":20},"end":{"line":87,"column":21}},"loc":{"start":{"line":87,"column":40},"end":{"line":105,"column":1}},"line":87}},"branchMap":{"0":{"loc":{"start":{"line":10,"column":4},"end":{"line":39,"column":5}},"type":"if","locations":[{"start":{"line":10,"column":4},"end":{"line":39,"column":5}},{"start":{"line":37,"column":9},"end":{"line":39,"column":5}}],"line":10},"1":{"loc":{"start":{"line":13,"column":8},"end":{"line":35,"column":9}},"type":"if","locations":[{"start":{"line":13,"column":8},"end":{"line":35,"column":9}},{"start":{"line":33,"column":13},"end":{"line":35,"column":9}}],"line":13},"2":{"loc":{"start":{"line":15,"column":12},"end":{"line":31,"column":13}},"type":"if","locations":[{"start":{"line":15,"column":12},"end":{"line":31,"column":13}},{"start":{"line":29,"column":17},"end":{"line":31,"column":13}}],"line":15},"3":{"loc":{"start":{"line":21,"column":20},"end":{"line":26,"column":21}},"type":"if","locations":[{"start":{"line":21,"column":20},"end":{"line":26,"column":21}},{"start":{"line":24,"column":25},"end":{"line":26,"column":21}}],"line":21},"4":{"loc":{"start":{"line":50,"column":8},"end":{"line":79,"column":9}},"type":"if","locations":[{"start":{"line":50,"column":8},"end":{"line":79,"column":9}},{"start":{"line":69,"column":13},"end":{"line":79,"column":9}}],"line":50},"5":{"loc":{"start":{"line":72,"column":16},"end":{"line":77,"column":17}},"type":"if","locations":[{"start":{"line":72,"column":16},"end":{"line":77,"column":17}},{"start":{"line":75,"column":21},"end":{"line":77,"column":17}}],"line":72}},"s":{"0":1,"1":1,"2":1,"3":1,"4":1,"5":0,"6":0,"7":0,"8":0,"9":0,"10":0,"11":0,"12":0,"13":0,"14":0,"15":0,"16":0,"17":0,"18":0,"19":0,"20":0,"21":0,"22":1,"23":0,"24":0,"25":0,"26":0,"27":0,"28":0,"29":0,"30":0,"31":0,"32":0,"33":0,"34":0,"35":0,"36":1,"37":0,"38":0,"39":0,"40":0,"41":0,"42":0,"43":1},"f":{"0":0,"1":0,"2":0,"3":0,"4":0},"b":{"0":[0,0],"1":[0,0],"2":[0,0],"3":[0,0],"4":[0,0],"5":[0,0]},"_coverageSchema":"1a1c01bbd47fc00a2c39e90264f33305004495a9","hash":"21f2b7a0e3db6158660178ba5c3589124314c3c6"}
,"C:\\Users\\Fede\\Desktop\\MP7\\src\\controllers\\products.controller.js": {"path":"C:\\Users\\Fede\\Desktop\\MP7\\src\\controllers\\products.controller.js","statementMap":{"0":{"start":{"line":1,"column":20},"end":{"line":1,"column":40}},"1":{"start":{"line":3,"column":20},"end":{"line":12,"column":1}},"2":{"start":{"line":4,"column":4},"end":{"line":11,"column":5}},"3":{"start":{"line":5,"column":34},"end":{"line":5,"column":42}},"4":{"start":{"line":6,"column":25},"end":{"line":6,"column":201}},"5":{"start":{"line":7,"column":8},"end":{"line":7,"column":55}},"6":{"start":{"line":10,"column":8},"end":{"line":10,"column":39}},"7":{"start":{"line":14,"column":23},"end":{"line":28,"column":1}},"8":{"start":{"line":15,"column":4},"end":{"line":27,"column":5}},"9":{"start":{"line":16,"column":19},"end":{"line":16,"column":32}},"10":{"start":{"line":17,"column":27},"end":{"line":17,"column":155}},"11":{"start":{"line":18,"column":8},"end":{"line":23,"column":9}},"12":{"start":{"line":19,"column":12},"end":{"line":19,"column":44}},"13":{"start":{"line":22,"column":12},"end":{"line":22,"column":58}},"14":{"start":{"line":26,"column":8},"end":{"line":26,"column":39}},"15":{"start":{"line":30,"column":26},"end":{"line":45,"column":1}},"16":{"start":{"line":31,"column":4},"end":{"line":44,"column":5}},"17":{"start":{"line":32,"column":34},"end":{"line":32,"column":42}},"18":{"start":{"line":33,"column":30},"end":{"line":33,"column":49}},"19":{"start":{"line":34,"column":27},"end":{"line":34,"column":196}},"20":{"start":{"line":35,"column":8},"end":{"line":40,"column":9}},"21":{"start":{"line":36,"column":12},"end":{"line":36,"column":44}},"22":{"start":{"line":39,"column":12},"end":{"line":39,"column":75}},"23":{"start":{"line":43,"column":8},"end":{"line":43,"column":39}},"24":{"start":{"line":47,"column":27},"end":{"line":62,"column":1}},"25":{"start":{"line":48,"column":4},"end":{"line":61,"column":5}},"26":{"start":{"line":49,"column":29},"end":{"line":49,"column":42}},"27":{"start":{"line":50,"column":34},"end":{"line":50,"column":42}},"28":{"start":{"line":51,"column":28},"end":{"line":51,"column":196}},"29":{"start":{"line":52,"column":8},"end":{"line":57,"column":9}},"30":{"start":{"line":53,"column":12},"end":{"line":53,"column":45}},"31":{"start":{"line":56,"column":12},"end":{"line":56,"column":70}},"32":{"start":{"line":60,"column":8},"end":{"line":60,"column":39}},"33":{"start":{"line":65,"column":20},"end":{"line":81,"column":1}},"34":{"start":{"line":66,"column":4},"end":{"line":80,"column":5}},"35":{"start":{"line":67,"column":24},"end":{"line":67,"column":35}},"36":{"start":{"line":68,"column":69},"end":{"line":68,"column":77}},"37":{"start":{"line":69,"column":28},"end":{"line":75,"column":10}},"38":{"start":{"line":76,"column":8},"end":{"line":76,"column":41}},"39":{"start":{"line":79,"column":8},"end":{"line":79,"column":39}},"40":{"start":{"line":84,"column":22},"end":{"line":140,"column":1}},"41":{"start":{"line":85,"column":4},"end":{"line":139,"column":5}},"42":{"start":{"line":86,"column":27},"end":{"line":86,"column":40}},"43":{"start":{"line":87,"column":27},"end":{"line":87,"column":79}},"44":{"start":{"line":88,"column":85},"end":{"line":88,"column":93}},"45":{"start":{"line":89,"column":8},"end":{"line":94,"column":9}},"46":{"start":{"line":90,"column":12},"end":{"line":90,"column":58}},"47":{"start":{"line":93,"column":12},"end":{"line":93,"column":36}},"48":{"start":{"line":95,"column":8},"end":{"line":100,"column":9}},"49":{"start":{"line":96,"column":12},"end":{"line":96,"column":60}},"50":{"start":{"line":99,"column":12},"end":{"line":99,"column":38}},"51":{"start":{"line":101,"column":8},"end":{"line":106,"column":9}},"52":{"start":{"line":102,"column":12},"end":{"line":102,"column":60}},"53":{"start":{"line":105,"column":12},"end":{"line":105,"column":38}},"54":{"start":{"line":107,"column":8},"end":{"line":112,"column":9}},"55":{"start":{"line":108,"column":12},"end":{"line":108,"column":66}},"56":{"start":{"line":111,"column":12},"end":{"line":111,"column":44}},"57":{"start":{"line":113,"column":8},"end":{"line":118,"column":9}},"58":{"start":{"line":114,"column":12},"end":{"line":114,"column":68}},"59":{"start":{"line":117,"column":12},"end":{"line":117,"column":46}},"60":{"start":{"line":119,"column":8},"end":{"line":127,"column":10}},"61":{"start":{"line":128,"column":8},"end":{"line":135,"column":10}},"62":{"start":{"line":138,"column":8},"end":{"line":138,"column":39}},"63":{"start":{"line":143,"column":22},"end":{"line":158,"column":1}},"64":{"start":{"line":144,"column":4},"end":{"line":157,"column":5}},"65":{"start":{"line":145,"column":19},"end":{"line":145,"column":32}},"66":{"start":{"line":146,"column":27},"end":{"line":146,"column":67}},"67":{"start":{"line":147,"column":8},"end":{"line":153,"column":9}},"68":{"start":{"line":148,"column":12},"end":{"line":148,"column":52}},"69":{"start":{"line":149,"column":12},"end":{"line":149,"column":57}},"70":{"start":{"line":152,"column":12},"end":{"line":152,"column":59}},"71":{"start":{"line":156,"column":8},"end":{"line":156,"column":39}},"72":{"start":{"line":160,"column":0},"end":{"line":168,"column":1}}},"fnMap":{"0":{"name":"(anonymous_0)","decl":{"start":{"line":3,"column":20},"end":{"line":3,"column":21}},"loc":{"start":{"line":3,"column":40},"end":{"line":12,"column":1}},"line":3},"1":{"name":"(anonymous_1)","decl":{"start":{"line":14,"column":23},"end":{"line":14,"column":24}},"loc":{"start":{"line":14,"column":43},"end":{"line":28,"column":1}},"line":14},"2":{"name":"(anonymous_2)","decl":{"start":{"line":30,"column":26},"end":{"line":30,"column":27}},"loc":{"start":{"line":30,"column":46},"end":{"line":45,"column":1}},"line":30},"3":{"name":"(anonymous_3)","decl":{"start":{"line":47,"column":27},"end":{"line":47,"column":28}},"loc":{"start":{"line":47,"column":47},"end":{"line":62,"column":1}},"line":47},"4":{"name":"(anonymous_4)","decl":{"start":{"line":65,"column":20},"end":{"line":65,"column":21}},"loc":{"start":{"line":65,"column":40},"end":{"line":81,"column":1}},"line":65},"5":{"name":"(anonymous_5)","decl":{"start":{"line":84,"column":22},"end":{"line":84,"column":23}},"loc":{"start":{"line":84,"column":42},"end":{"line":140,"column":1}},"line":84},"6":{"name":"(anonymous_6)","decl":{"start":{"line":143,"column":22},"end":{"line":143,"column":23}},"loc":{"start":{"line":143,"column":42},"end":{"line":158,"column":1}},"line":143}},"branchMap":{"0":{"loc":{"start":{"line":18,"column":8},"end":{"line":23,"column":9}},"type":"if","locations":[{"start":{"line":18,"column":8},"end":{"line":23,"column":9}},{"start":{"line":21,"column":13},"end":{"line":23,"column":9}}],"line":18},"1":{"loc":{"start":{"line":35,"column":8},"end":{"line":40,"column":9}},"type":"if","locations":[{"start":{"line":35,"column":8},"end":{"line":40,"column":9}},{"start":{"line":38,"column":13},"end":{"line":40,"column":9}}],"line":35},"2":{"loc":{"start":{"line":52,"column":8},"end":{"line":57,"column":9}},"type":"if","locations":[{"start":{"line":52,"column":8},"end":{"line":57,"column":9}},{"start":{"line":55,"column":13},"end":{"line":57,"column":9}}],"line":52},"3":{"loc":{"start":{"line":89,"column":8},"end":{"line":94,"column":9}},"type":"if","locations":[{"start":{"line":89,"column":8},"end":{"line":94,"column":9}},{"start":{"line":92,"column":13},"end":{"line":94,"column":9}}],"line":89},"4":{"loc":{"start":{"line":95,"column":8},"end":{"line":100,"column":9}},"type":"if","locations":[{"start":{"line":95,"column":8},"end":{"line":100,"column":9}},{"start":{"line":98,"column":13},"end":{"line":100,"column":9}}],"line":95},"5":{"loc":{"start":{"line":101,"column":8},"end":{"line":106,"column":9}},"type":"if","locations":[{"start":{"line":101,"column":8},"end":{"line":106,"column":9}},{"start":{"line":104,"column":13},"end":{"line":106,"column":9}}],"line":101},"6":{"loc":{"start":{"line":107,"column":8},"end":{"line":112,"column":9}},"type":"if","locations":[{"start":{"line":107,"column":8},"end":{"line":112,"column":9}},{"start":{"line":110,"column":13},"end":{"line":112,"column":9}}],"line":107},"7":{"loc":{"start":{"line":113,"column":8},"end":{"line":118,"column":9}},"type":"if","locations":[{"start":{"line":113,"column":8},"end":{"line":118,"column":9}},{"start":{"line":116,"column":13},"end":{"line":118,"column":9}}],"line":113},"8":{"loc":{"start":{"line":147,"column":8},"end":{"line":153,"column":9}},"type":"if","locations":[{"start":{"line":147,"column":8},"end":{"line":153,"column":9}},{"start":{"line":151,"column":13},"end":{"line":153,"column":9}}],"line":147}},"s":{"0":1,"1":1,"2":2,"3":2,"4":2,"5":2,"6":0,"7":1,"8":0,"9":0,"10":0,"11":0,"12":0,"13":0,"14":0,"15":1,"16":0,"17":0,"18":0,"19":0,"20":0,"21":0,"22":0,"23":0,"24":1,"25":0,"26":0,"27":0,"28":0,"29":0,"30":0,"31":0,"32":0,"33":1,"34":0,"35":0,"36":0,"37":0,"38":0,"39":0,"40":1,"41":0,"42":0,"43":0,"44":0,"45":0,"46":0,"47":0,"48":0,"49":0,"50":0,"51":0,"52":0,"53":0,"54":0,"55":0,"56":0,"57":0,"58":0,"59":0,"60":0,"61":0,"62":0,"63":1,"64":0,"65":0,"66":0,"67":0,"68":0,"69":0,"70":0,"71":0,"72":1},"f":{"0":2,"1":0,"2":0,"3":0,"4":0,"5":0,"6":0},"b":{"0":[0,0],"1":[0,0],"2":[0,0],"3":[0,0],"4":[0,0],"5":[0,0],"6":[0,0],"7":[0,0],"8":[0,0]},"_coverageSchema":"1a1c01bbd47fc00a2c39e90264f33305004495a9","hash":"cd63af655a8a2b0f63b50df16a4c929326267721"}
,"C:\\Users\\Fede\\Desktop\\MP7\\src\\controllers\\transactions.controller.js": {"path":"C:\\Users\\Fede\\Desktop\\MP7\\src\\controllers\\transactions.controller.js","statementMap":{"0":{"start":{"line":1,"column":24},"end":{"line":1,"column":44}},"1":{"start":{"line":2,"column":20},"end":{"line":2,"column":40}},"2":{"start":{"line":5,"column":27},"end":{"line":15,"column":1}},"3":{"start":{"line":6,"column":4},"end":{"line":14,"column":5}},"4":{"start":{"line":7,"column":34},"end":{"line":7,"column":45}},"5":{"start":{"line":8,"column":34},"end":{"line":8,"column":42}},"6":{"start":{"line":9,"column":32},"end":{"line":9,"column":121}},"7":{"start":{"line":10,"column":8},"end":{"line":10,"column":45}},"8":{"start":{"line":13,"column":8},"end":{"line":13,"column":39}},"9":{"start":{"line":18,"column":27},"end":{"line":32,"column":1}},"10":{"start":{"line":19,"column":4},"end":{"line":31,"column":5}},"11":{"start":{"line":20,"column":19},"end":{"line":20,"column":32}},"12":{"start":{"line":21,"column":31},"end":{"line":21,"column":75}},"13":{"start":{"line":22,"column":8},"end":{"line":27,"column":9}},"14":{"start":{"line":23,"column":12},"end":{"line":23,"column":48}},"15":{"start":{"line":26,"column":12},"end":{"line":26,"column":63}},"16":{"start":{"line":30,"column":8},"end":{"line":30,"column":39}},"17":{"start":{"line":35,"column":41},"end":{"line":101,"column":1}},"18":{"start":{"line":36,"column":4},"end":{"line":100,"column":5}},"19":{"start":{"line":37,"column":55},"end":{"line":37,"column":63}},"20":{"start":{"line":38,"column":24},"end":{"line":38,"column":35}},"21":{"start":{"line":39,"column":27},"end":{"line":39,"column":82}},"22":{"start":{"line":40,"column":29},"end":{"line":40,"column":52}},"23":{"start":{"line":41,"column":8},"end":{"line":96,"column":9}},"24":{"start":{"line":42,"column":12},"end":{"line":42,"column":65}},"25":{"start":{"line":45,"column":12},"end":{"line":95,"column":13}},"26":{"start":{"line":46,"column":16},"end":{"line":46,"column":82}},"27":{"start":{"line":49,"column":16},"end":{"line":94,"column":17}},"28":{"start":{"line":50,"column":20},"end":{"line":50,"column":85}},"29":{"start":{"line":53,"column":20},"end":{"line":93,"column":21}},"30":{"start":{"line":54,"column":24},"end":{"line":54,"column":83}},"31":{"start":{"line":56,"column":25},"end":{"line":93,"column":21}},"32":{"start":{"line":57,"column":41},"end":{"line":57,"column":95}},"33":{"start":{"line":58,"column":47},"end":{"line":62,"column":26}},"34":{"start":{"line":63,"column":24},"end":{"line":66,"column":60}},"35":{"start":{"line":67,"column":24},"end":{"line":73,"column":26}},"36":{"start":{"line":76,"column":41},"end":{"line":76,"column":95}},"37":{"start":{"line":77,"column":24},"end":{"line":77,"column":45}},"38":{"start":{"line":78,"column":47},"end":{"line":82,"column":26}},"39":{"start":{"line":83,"column":24},"end":{"line":85,"column":60}},"40":{"start":{"line":86,"column":24},"end":{"line":92,"column":26}},"41":{"start":{"line":99,"column":8},"end":{"line":99,"column":39}},"42":{"start":{"line":104,"column":30},"end":{"line":125,"column":1}},"43":{"start":{"line":105,"column":4},"end":{"line":124,"column":5}},"44":{"start":{"line":106,"column":19},"end":{"line":106,"column":32}},"45":{"start":{"line":107,"column":31},"end":{"line":107,"column":75}},"46":{"start":{"line":108,"column":8},"end":{"line":120,"column":9}},"47":{"start":{"line":109,"column":12},"end":{"line":119,"column":13}},"48":{"start":{"line":110,"column":16},"end":{"line":110,"column":78}},"49":{"start":{"line":113,"column":16},"end":{"line":117,"column":18}},"50":{"start":{"line":118,"column":16},"end":{"line":118,"column":67}},"51":{"start":{"line":123,"column":8},"end":{"line":123,"column":39}},"52":{"start":{"line":128,"column":0},"end":{"line":133,"column":1}}},"fnMap":{"0":{"name":"(anonymous_0)","decl":{"start":{"line":5,"column":27},"end":{"line":5,"column":28}},"loc":{"start":{"line":5,"column":47},"end":{"line":15,"column":1}},"line":5},"1":{"name":"(anonymous_1)","decl":{"start":{"line":18,"column":27},"end":{"line":18,"column":28}},"loc":{"start":{"line":18,"column":47},"end":{"line":32,"column":1}},"line":18},"2":{"name":"(anonymous_2)","decl":{"start":{"line":35,"column":41},"end":{"line":35,"column":42}},"loc":{"start":{"line":35,"column":61},"end":{"line":101,"column":1}},"line":35},"3":{"name":"(anonymous_3)","decl":{"start":{"line":104,"column":30},"end":{"line":104,"column":31}},"loc":{"start":{"line":104,"column":50},"end":{"line":125,"column":1}},"line":104}},"branchMap":{"0":{"loc":{"start":{"line":22,"column":8},"end":{"line":27,"column":9}},"type":"if","locations":[{"start":{"line":22,"column":8},"end":{"line":27,"column":9}},{"start":{"line":25,"column":13},"end":{"line":27,"column":9}}],"line":22},"1":{"loc":{"start":{"line":41,"column":8},"end":{"line":96,"column":9}},"type":"if","locations":[{"start":{"line":41,"column":8},"end":{"line":96,"column":9}},{"start":{"line":44,"column":13},"end":{"line":96,"column":9}}],"line":41},"2":{"loc":{"start":{"line":45,"column":12},"end":{"line":95,"column":13}},"type":"if","locations":[{"start":{"line":45,"column":12},"end":{"line":95,"column":13}},{"start":{"line":48,"column":17},"end":{"line":95,"column":13}}],"line":45},"3":{"loc":{"start":{"line":49,"column":16},"end":{"line":94,"column":17}},"type":"if","locations":[{"start":{"line":49,"column":16},"end":{"line":94,"column":17}},{"start":{"line":52,"column":21},"end":{"line":94,"column":17}}],"line":49},"4":{"loc":{"start":{"line":53,"column":20},"end":{"line":93,"column":21}},"type":"if","locations":[{"start":{"line":53,"column":20},"end":{"line":93,"column":21}},{"start":{"line":56,"column":25},"end":{"line":93,"column":21}}],"line":53},"5":{"loc":{"start":{"line":56,"column":25},"end":{"line":93,"column":21}},"type":"if","locations":[{"start":{"line":56,"column":25},"end":{"line":93,"column":21}},{"start":{"line":75,"column":25},"end":{"line":93,"column":21}}],"line":56},"6":{"loc":{"start":{"line":108,"column":8},"end":{"line":120,"column":9}},"type":"if","locations":[{"start":{"line":108,"column":8},"end":{"line":120,"column":9}},{"start":{},"end":{}}],"line":108},"7":{"loc":{"start":{"line":109,"column":12},"end":{"line":119,"column":13}},"type":"if","locations":[{"start":{"line":109,"column":12},"end":{"line":119,"column":13}},{"start":{"line":112,"column":17},"end":{"line":119,"column":13}}],"line":109}},"s":{"0":1,"1":1,"2":1,"3":0,"4":0,"5":0,"6":0,"7":0,"8":0,"9":1,"10":0,"11":0,"12":0,"13":0,"14":0,"15":0,"16":0,"17":1,"18":0,"19":0,"20":0,"21":0,"22":0,"23":0,"24":0,"25":0,"26":0,"27":0,"28":0,"29":0,"30":0,"31":0,"32":0,"33":0,"34":0,"35":0,"36":0,"37":0,"38":0,"39":0,"40":0,"41":0,"42":1,"43":0,"44":0,"45":0,"46":0,"47":0,"48":0,"49":0,"50":0,"51":0,"52":1},"f":{"0":0,"1":0,"2":0,"3":0},"b":{"0":[0,0],"1":[0,0],"2":[0,0],"3":[0,0],"4":[0,0],"5":[0,0],"6":[0,0],"7":[0,0]},"_coverageSchema":"1a1c01bbd47fc00a2c39e90264f33305004495a9","hash":"f4fbebf2c03968a3c2664e3f31c8b921fa9996ab"}
,"C:\\Users\\Fede\\Desktop\\MP7\\src\\controllers\\users.controller.js": {"path":"C:\\Users\\Fede\\Desktop\\MP7\\src\\controllers\\users.controller.js","statementMap":{"0":{"start":{"line":1,"column":17},"end":{"line":1,"column":37}},"1":{"start":{"line":2,"column":12},"end":{"line":2,"column":35}},"2":{"start":{"line":3,"column":42},"end":{"line":3,"column":70}},"3":{"start":{"line":6,"column":20},"end":{"line":20,"column":1}},"4":{"start":{"line":7,"column":4},"end":{"line":19,"column":5}},"5":{"start":{"line":8,"column":27},"end":{"line":8,"column":40}},"6":{"start":{"line":9,"column":32},"end":{"line":9,"column":69}},"7":{"start":{"line":10,"column":16},"end":{"line":15,"column":17}},"8":{"start":{"line":11,"column":20},"end":{"line":11,"column":76}},"9":{"start":{"line":14,"column":20},"end":{"line":14,"column":64}},"10":{"start":{"line":18,"column":8},"end":{"line":18,"column":39}},"11":{"start":{"line":23,"column":22},"end":{"line":77,"column":1}},"12":{"start":{"line":24,"column":4},"end":{"line":76,"column":5}},"13":{"start":{"line":25,"column":19},"end":{"line":25,"column":30}},"14":{"start":{"line":26,"column":24},"end":{"line":26,"column":61}},"15":{"start":{"line":27,"column":86},"end":{"line":27,"column":94}},"16":{"start":{"line":28,"column":8},"end":{"line":33,"column":9}},"17":{"start":{"line":29,"column":12},"end":{"line":29,"column":55}},"18":{"start":{"line":32,"column":12},"end":{"line":32,"column":36}},"19":{"start":{"line":34,"column":8},"end":{"line":39,"column":9}},"20":{"start":{"line":35,"column":12},"end":{"line":35,"column":63}},"21":{"start":{"line":38,"column":12},"end":{"line":38,"column":44}},"22":{"start":{"line":40,"column":8},"end":{"line":45,"column":9}},"23":{"start":{"line":41,"column":12},"end":{"line":41,"column":63}},"24":{"start":{"line":44,"column":12},"end":{"line":44,"column":44}},"25":{"start":{"line":46,"column":8},"end":{"line":51,"column":9}},"26":{"start":{"line":47,"column":12},"end":{"line":47,"column":53}},"27":{"start":{"line":50,"column":12},"end":{"line":50,"column":34}},"28":{"start":{"line":52,"column":8},"end":{"line":57,"column":9}},"29":{"start":{"line":53,"column":12},"end":{"line":53,"column":65}},"30":{"start":{"line":56,"column":12},"end":{"line":56,"column":46}},"31":{"start":{"line":58,"column":8},"end":{"line":64,"column":29}},"32":{"start":{"line":65,"column":8},"end":{"line":72,"column":10}},"33":{"start":{"line":75,"column":8},"end":{"line":75,"column":39}},"34":{"start":{"line":80,"column":22},"end":{"line":94,"column":1}},"35":{"start":{"line":81,"column":4},"end":{"line":93,"column":5}},"36":{"start":{"line":82,"column":19},"end":{"line":82,"column":30}},"37":{"start":{"line":83,"column":8},"end":{"line":89,"column":9}},"38":{"start":{"line":84,"column":12},"end":{"line":84,"column":69}},"39":{"start":{"line":87,"column":12},"end":{"line":87,"column":49}},"40":{"start":{"line":88,"column":12},"end":{"line":88,"column":48}},"41":{"start":{"line":92,"column":8},"end":{"line":92,"column":39}},"42":{"start":{"line":97,"column":30},"end":{"line":127,"column":1}},"43":{"start":{"line":98,"column":4},"end":{"line":126,"column":5}},"44":{"start":{"line":99,"column":19},"end":{"line":99,"column":30}},"45":{"start":{"line":100,"column":24},"end":{"line":100,"column":61}},"46":{"start":{"line":101,"column":45},"end":{"line":101,"column":53}},"47":{"start":{"line":102,"column":8},"end":{"line":122,"column":9}},"48":{"start":{"line":103,"column":12},"end":{"line":103,"column":60}},"49":{"start":{"line":106,"column":32},"end":{"line":106,"column":89}},"50":{"start":{"line":107,"column":12},"end":{"line":121,"column":13}},"51":{"start":{"line":108,"column":16},"end":{"line":117,"column":17}},"52":{"start":{"line":109,"column":20},"end":{"line":109,"column":90}},"53":{"start":{"line":112,"column":37},"end":{"line":112,"column":68}},"54":{"start":{"line":113,"column":20},"end":{"line":115,"column":41}},"55":{"start":{"line":116,"column":20},"end":{"line":116,"column":69}},"56":{"start":{"line":120,"column":16},"end":{"line":120,"column":58}},"57":{"start":{"line":125,"column":8},"end":{"line":125,"column":39}},"58":{"start":{"line":130,"column":0},"end":{"line":135,"column":1}}},"fnMap":{"0":{"name":"(anonymous_0)","decl":{"start":{"line":6,"column":20},"end":{"line":6,"column":21}},"loc":{"start":{"line":6,"column":40},"end":{"line":20,"column":1}},"line":6},"1":{"name":"(anonymous_1)","decl":{"start":{"line":23,"column":22},"end":{"line":23,"column":23}},"loc":{"start":{"line":23,"column":42},"end":{"line":77,"column":1}},"line":23},"2":{"name":"(anonymous_2)","decl":{"start":{"line":80,"column":22},"end":{"line":80,"column":23}},"loc":{"start":{"line":80,"column":42},"end":{"line":94,"column":1}},"line":80},"3":{"name":"(anonymous_3)","decl":{"start":{"line":97,"column":30},"end":{"line":97,"column":31}},"loc":{"start":{"line":97,"column":50},"end":{"line":127,"column":1}},"line":97}},"branchMap":{"0":{"loc":{"start":{"line":10,"column":16},"end":{"line":15,"column":17}},"type":"if","locations":[{"start":{"line":10,"column":16},"end":{"line":15,"column":17}},{"start":{"line":13,"column":21},"end":{"line":15,"column":17}}],"line":10},"1":{"loc":{"start":{"line":28,"column":8},"end":{"line":33,"column":9}},"type":"if","locations":[{"start":{"line":28,"column":8},"end":{"line":33,"column":9}},{"start":{"line":31,"column":13},"end":{"line":33,"column":9}}],"line":28},"2":{"loc":{"start":{"line":34,"column":8},"end":{"line":39,"column":9}},"type":"if","locations":[{"start":{"line":34,"column":8},"end":{"line":39,"column":9}},{"start":{"line":37,"column":13},"end":{"line":39,"column":9}}],"line":34},"3":{"loc":{"start":{"line":40,"column":8},"end":{"line":45,"column":9}},"type":"if","locations":[{"start":{"line":40,"column":8},"end":{"line":45,"column":9}},{"start":{"line":43,"column":13},"end":{"line":45,"column":9}}],"line":40},"4":{"loc":{"start":{"line":46,"column":8},"end":{"line":51,"column":9}},"type":"if","locations":[{"start":{"line":46,"column":8},"end":{"line":51,"column":9}},{"start":{"line":49,"column":13},"end":{"line":51,"column":9}}],"line":46},"5":{"loc":{"start":{"line":52,"column":8},"end":{"line":57,"column":9}},"type":"if","locations":[{"start":{"line":52,"column":8},"end":{"line":57,"column":9}},{"start":{"line":55,"column":13},"end":{"line":57,"column":9}}],"line":52},"6":{"loc":{"start":{"line":83,"column":8},"end":{"line":89,"column":9}},"type":"if","locations":[{"start":{"line":83,"column":8},"end":{"line":89,"column":9}},{"start":{"line":86,"column":13},"end":{"line":89,"column":9}}],"line":83},"7":{"loc":{"start":{"line":102,"column":8},"end":{"line":122,"column":9}},"type":"if","locations":[{"start":{"line":102,"column":8},"end":{"line":122,"column":9}},{"start":{"line":105,"column":13},"end":{"line":122,"column":9}}],"line":102},"8":{"loc":{"start":{"line":102,"column":12},"end":{"line":102,"column":40}},"type":"binary-expr","locations":[{"start":{"line":102,"column":12},"end":{"line":102,"column":24}},{"start":{"line":102,"column":28},"end":{"line":102,"column":40}}],"line":102},"9":{"loc":{"start":{"line":107,"column":12},"end":{"line":121,"column":13}},"type":"if","locations":[{"start":{"line":107,"column":12},"end":{"line":121,"column":13}},{"start":{"line":119,"column":17},"end":{"line":121,"column":13}}],"line":107},"10":{"loc":{"start":{"line":108,"column":16},"end":{"line":117,"column":17}},"type":"if","locations":[{"start":{"line":108,"column":16},"end":{"line":117,"column":17}},{"start":{"line":111,"column":21},"end":{"line":117,"column":17}}],"line":108}},"s":{"0":1,"1":1,"2":1,"3":1,"4":0,"5":0,"6":0,"7":0,"8":0,"9":0,"10":0,"11":1,"12":0,"13":0,"14":0,"15":0,"16":0,"17":0,"18":0,"19":0,"20":0,"21":0,"22":0,"23":0,"24":0,"25":0,"26":0,"27":0,"28":0,"29":0,"30":0,"31":0,"32":0,"33":0,"34":1,"35":0,"36":0,"37":0,"38":0,"39":0,"40":0,"41":0,"42":1,"43":0,"44":0,"45":0,"46":0,"47":0,"48":0,"49":0,"50":0,"51":0,"52":0,"53":0,"54":0,"55":0,"56":0,"57":0,"58":1},"f":{"0":0,"1":0,"2":0,"3":0},"b":{"0":[0,0],"1":[0,0],"2":[0,0],"3":[0,0],"4":[0,0],"5":[0,0],"6":[0,0],"7":[0,0],"8":[0,0],"9":[0,0],"10":[0,0]},"_coverageSchema":"1a1c01bbd47fc00a2c39e90264f33305004495a9","hash":"491ef380efccdd600502896fc654bc98097d2f82"}
,"C:\\Users\\Fede\\Desktop\\MP7\\src\\helpers\\bcrypt.js": {"path":"C:\\Users\\Fede\\Desktop\\MP7\\src\\helpers\\bcrypt.js","statementMap":{"0":{"start":{"line":1,"column":17},"end":{"line":1,"column":36}},"1":{"start":{"line":2,"column":0},"end":{"line":2,"column":26}},"2":{"start":{"line":5,"column":21},"end":{"line":7,"column":1}},"3":{"start":{"line":6,"column":4},"end":{"line":6,"column":76}},"4":{"start":{"line":10,"column":24},"end":{"line":12,"column":1}},"5":{"start":{"line":11,"column":4},"end":{"line":11,"column":47}},"6":{"start":{"line":14,"column":0},"end":{"line":17,"column":1}}},"fnMap":{"0":{"name":"(anonymous_0)","decl":{"start":{"line":5,"column":21},"end":{"line":5,"column":22}},"loc":{"start":{"line":5,"column":35},"end":{"line":7,"column":1}},"line":5},"1":{"name":"(anonymous_1)","decl":{"start":{"line":10,"column":24},"end":{"line":10,"column":25}},"loc":{"start":{"line":10,"column":48},"end":{"line":12,"column":1}},"line":10}},"branchMap":{},"s":{"0":1,"1":1,"2":1,"3":0,"4":1,"5":0,"6":1},"f":{"0":0,"1":0},"b":{},"_coverageSchema":"1a1c01bbd47fc00a2c39e90264f33305004495a9","hash":"2fcb0e536c002c1557563464015143dbc9f445e5"}
,"C:\\Users\\Fede\\Desktop\\MP7\\src\\helpers\\swagger.js": {"path":"C:\\Users\\Fede\\Desktop\\MP7\\src\\helpers\\swagger.js","statementMap":{"0":{"start":{"line":1,"column":13},"end":{"line":1,"column":28}},"1":{"start":{"line":3,"column":20},"end":{"line":34,"column":1}},"2":{"start":{"line":36,"column":0},"end":{"line":36,"column":28}}},"fnMap":{},"branchMap":{},"s":{"0":1,"1":1,"2":1},"f":{},"b":{},"_coverageSchema":"1a1c01bbd47fc00a2c39e90264f33305004495a9","hash":"8cdb13ebf3a5bde6f526476dce96a34b4dddbee5"}
,"C:\\Users\\Fede\\Desktop\\MP7\\src\\middleware\\authentication.js": {"path":"C:\\Users\\Fede\\Desktop\\MP7\\src\\middleware\\authentication.js","statementMap":{"0":{"start":{"line":1,"column":12},"end":{"line":1,"column":35}},"1":{"start":{"line":3,"column":23},"end":{"line":25,"column":1}},"2":{"start":{"line":4,"column":4},"end":{"line":24,"column":5}},"3":{"start":{"line":5,"column":28},"end":{"line":5,"column":56}},"4":{"start":{"line":6,"column":8},"end":{"line":20,"column":9}},"5":{"start":{"line":7,"column":26},"end":{"line":7,"column":51}},"6":{"start":{"line":8,"column":12},"end":{"line":16,"column":14}},"7":{"start":{"line":9,"column":16},"end":{"line":15,"column":17}},"8":{"start":{"line":10,"column":20},"end":{"line":10,"column":76}},"9":{"start":{"line":13,"column":24},"end":{"line":13,"column":42}},"10":{"start":{"line":14,"column":24},"end":{"line":14,"column":30}},"11":{"start":{"line":19,"column":12},"end":{"line":19,"column":54}},"12":{"start":{"line":23,"column":8},"end":{"line":23,"column":39}},"13":{"start":{"line":27,"column":0},"end":{"line":27,"column":31}}},"fnMap":{"0":{"name":"(anonymous_0)","decl":{"start":{"line":3,"column":23},"end":{"line":3,"column":24}},"loc":{"start":{"line":3,"column":43},"end":{"line":25,"column":1}},"line":3},"1":{"name":"(anonymous_1)","decl":{"start":{"line":8,"column":57},"end":{"line":8,"column":58}},"loc":{"start":{"line":8,"column":77},"end":{"line":16,"column":13}},"line":8}},"branchMap":{"0":{"loc":{"start":{"line":6,"column":8},"end":{"line":20,"column":9}},"type":"if","locations":[{"start":{"line":6,"column":8},"end":{"line":20,"column":9}},{"start":{"line":18,"column":13},"end":{"line":20,"column":9}}],"line":6},"1":{"loc":{"start":{"line":9,"column":16},"end":{"line":15,"column":17}},"type":"if","locations":[{"start":{"line":9,"column":16},"end":{"line":15,"column":17}},{"start":{"line":12,"column":25},"end":{"line":15,"column":17}}],"line":9}},"s":{"0":1,"1":1,"2":0,"3":0,"4":0,"5":0,"6":0,"7":0,"8":0,"9":0,"10":0,"11":0,"12":0,"13":1},"f":{"0":0,"1":0},"b":{"0":[0,0],"1":[0,0]},"_coverageSchema":"1a1c01bbd47fc00a2c39e90264f33305004495a9","hash":"4dd8dea5854d710b0f523122a7e4dc9bd1788e97"}
,"C:\\Users\\Fede\\Desktop\\MP7\\src\\middleware\\authorization.js": {"path":"C:\\Users\\Fede\\Desktop\\MP7\\src\\middleware\\authorization.js","statementMap":{"0":{"start":{"line":1,"column":20},"end":{"line":1,"column":40}},"1":{"start":{"line":2,"column":24},"end":{"line":2,"column":44}},"2":{"start":{"line":3,"column":17},"end":{"line":3,"column":37}},"3":{"start":{"line":4,"column":0},"end":{"line":4,"column":26}},"4":{"start":{"line":7,"column":16},"end":{"line":20,"column":1}},"5":{"start":{"line":8,"column":4},"end":{"line":19,"column":5}},"6":{"start":{"line":9,"column":26},"end":{"line":9,"column":44}},"7":{"start":{"line":10,"column":8},"end":{"line":15,"column":9}},"8":{"start":{"line":11,"column":12},"end":{"line":11,"column":18}},"9":{"start":{"line":14,"column":12},"end":{"line":14,"column":71}},"10":{"start":{"line":18,"column":8},"end":{"line":18,"column":39}},"11":{"start":{"line":23,"column":22},"end":{"line":44,"column":1}},"12":{"start":{"line":24,"column":4},"end":{"line":43,"column":5}},"13":{"start":{"line":25,"column":27},"end":{"line":25,"column":40}},"14":{"start":{"line":26,"column":24},"end":{"line":26,"column":35}},"15":{"start":{"line":27,"column":27},"end":{"line":27,"column":79}},"16":{"start":{"line":28,"column":8},"end":{"line":39,"column":9}},"17":{"start":{"line":29,"column":33},"end":{"line":29,"column":56}},"18":{"start":{"line":30,"column":12},"end":{"line":35,"column":13}},"19":{"start":{"line":31,"column":16},"end":{"line":31,"column":22}},"20":{"start":{"line":34,"column":16},"end":{"line":34,"column":77}},"21":{"start":{"line":38,"column":12},"end":{"line":38,"column":78}},"22":{"start":{"line":42,"column":8},"end":{"line":42,"column":39}},"23":{"start":{"line":47,"column":26},"end":{"line":68,"column":1}},"24":{"start":{"line":48,"column":4},"end":{"line":67,"column":5}},"25":{"start":{"line":49,"column":35},"end":{"line":49,"column":48}},"26":{"start":{"line":50,"column":28},"end":{"line":50,"column":39}},"27":{"start":{"line":51,"column":35},"end":{"line":51,"column":95}},"28":{"start":{"line":52,"column":12},"end":{"line":63,"column":13}},"29":{"start":{"line":53,"column":42},"end":{"line":53,"column":74}},"30":{"start":{"line":54,"column":16},"end":{"line":59,"column":17}},"31":{"start":{"line":55,"column":20},"end":{"line":55,"column":26}},"32":{"start":{"line":58,"column":20},"end":{"line":58,"column":81}},"33":{"start":{"line":62,"column":16},"end":{"line":62,"column":77}},"34":{"start":{"line":66,"column":8},"end":{"line":66,"column":39}},"35":{"start":{"line":70,"column":0},"end":{"line":74,"column":1}}},"fnMap":{"0":{"name":"(anonymous_0)","decl":{"start":{"line":7,"column":16},"end":{"line":7,"column":17}},"loc":{"start":{"line":7,"column":36},"end":{"line":20,"column":1}},"line":7},"1":{"name":"(anonymous_1)","decl":{"start":{"line":23,"column":22},"end":{"line":23,"column":23}},"loc":{"start":{"line":23,"column":48},"end":{"line":44,"column":1}},"line":23},"2":{"name":"(anonymous_2)","decl":{"start":{"line":47,"column":26},"end":{"line":47,"column":27}},"loc":{"start":{"line":47,"column":52},"end":{"line":68,"column":1}},"line":47}},"branchMap":{"0":{"loc":{"start":{"line":10,"column":8},"end":{"line":15,"column":9}},"type":"if","locations":[{"start":{"line":10,"column":8},"end":{"line":15,"column":9}},{"start":{"line":13,"column":13},"end":{"line":15,"column":9}}],"line":10},"1":{"loc":{"start":{"line":28,"column":8},"end":{"line":39,"column":9}},"type":"if","locations":[{"start":{"line":28,"column":8},"end":{"line":39,"column":9}},{"start":{"line":37,"column":13},"end":{"line":39,"column":9}}],"line":28},"2":{"loc":{"start":{"line":30,"column":12},"end":{"line":35,"column":13}},"type":"if","locations":[{"start":{"line":30,"column":12},"end":{"line":35,"column":13}},{"start":{"line":33,"column":17},"end":{"line":35,"column":13}}],"line":30},"3":{"loc":{"start":{"line":52,"column":12},"end":{"line":63,"column":13}},"type":"if","locations":[{"start":{"line":52,"column":12},"end":{"line":63,"column":13}},{"start":{"line":61,"column":17},"end":{"line":63,"column":13}}],"line":52},"4":{"loc":{"start":{"line":54,"column":16},"end":{"line":59,"column":17}},"type":"if","locations":[{"start":{"line":54,"column":16},"end":{"line":59,"column":17}},{"start":{"line":57,"column":21},"end":{"line":59,"column":17}}],"line":54}},"s":{"0":1,"1":1,"2":1,"3":1,"4":1,"5":0,"6":0,"7":0,"8":0,"9":0,"10":0,"11":1,"12":0,"13":0,"14":0,"15":0,"16":0,"17":0,"18":0,"19":0,"20":0,"21":0,"22":0,"23":1,"24":0,"25":0,"26":0,"27":0,"28":0,"29":0,"30":0,"31":0,"32":0,"33":0,"34":0,"35":1},"f":{"0":0,"1":0,"2":0},"b":{"0":[0,0],"1":[0,0],"2":[0,0],"3":[0,0],"4":[0,0]},"_coverageSchema":"1a1c01bbd47fc00a2c39e90264f33305004495a9","hash":"5a0dfd627e3afc3b1739bb45029b3ffea92478f1"}
,"C:\\Users\\Fede\\Desktop\\MP7\\src\\models\\index.js": {"path":"C:\\Users\\Fede\\Desktop\\MP7\\src\\models\\index.js","statementMap":{"0":{"start":{"line":3,"column":11},"end":{"line":3,"column":24}},"1":{"start":{"line":4,"column":13},"end":{"line":4,"column":28}},"2":{"start":{"line":5,"column":18},"end":{"line":5,"column":38}},"3":{"start":{"line":6,"column":16},"end":{"line":6,"column":34}},"4":{"start":{"line":7,"column":17},"end":{"line":7,"column":42}},"5":{"start":{"line":8,"column":12},"end":{"line":8,"column":49}},"6":{"start":{"line":9,"column":15},"end":{"line":9,"column":65}},"7":{"start":{"line":11,"column":11},"end":{"line":11,"column":13}},"8":{"start":{"line":17,"column":2},"end":{"line":17,"column":87}},"9":{"start":{"line":20,"column":0},"end":{"line":35,"column":5}},"10":{"start":{"line":23,"column":4},"end":{"line":28,"column":6}},"11":{"start":{"line":31,"column":18},"end":{"line":31,"column":78}},"12":{"start":{"line":34,"column":4},"end":{"line":34,"column":27}},"13":{"start":{"line":37,"column":0},"end":{"line":41,"column":3}},"14":{"start":{"line":38,"column":2},"end":{"line":40,"column":3}},"15":{"start":{"line":39,"column":4},"end":{"line":39,"column":32}},"16":{"start":{"line":43,"column":0},"end":{"line":43,"column":25}},"17":{"start":{"line":44,"column":0},"end":{"line":44,"column":25}},"18":{"start":{"line":46,"column":0},"end":{"line":46,"column":20}}},"fnMap":{"0":{"name":"(anonymous_0)","decl":{"start":{"line":22,"column":10},"end":{"line":22,"column":11}},"loc":{"start":{"line":22,"column":18},"end":{"line":29,"column":3}},"line":22},"1":{"name":"(anonymous_1)","decl":{"start":{"line":30,"column":11},"end":{"line":30,"column":12}},"loc":{"start":{"line":30,"column":19},"end":{"line":35,"column":3}},"line":30},"2":{"name":"(anonymous_2)","decl":{"start":{"line":37,"column":24},"end":{"line":37,"column":25}},"loc":{"start":{"line":37,"column":37},"end":{"line":41,"column":1}},"line":37}},"branchMap":{"0":{"loc":{"start":{"line":8,"column":12},"end":{"line":8,"column":49}},"type":"binary-expr","locations":[{"start":{"line":8,"column":12},"end":{"line":8,"column":32}},{"start":{"line":8,"column":36},"end":{"line":8,"column":49}}],"line":8},"1":{"loc":{"start":{"line":24,"column":6},"end":{"line":27,"column":37}},"type":"binary-expr","locations":[{"start":{"line":24,"column":6},"end":{"line":24,"column":29}},{"start":{"line":25,"column":6},"end":{"line":25,"column":23}},{"start":{"line":26,"column":6},"end":{"line":26,"column":30}},{"start":{"line":27,"column":6},"end":{"line":27,"column":37}}],"line":24},"2":{"loc":{"start":{"line":38,"column":2},"end":{"line":40,"column":3}},"type":"if","locations":[{"start":{"line":38,"column":2},"end":{"line":40,"column":3}},{"start":{},"end":{}}],"line":38}},"s":{"0":1,"1":1,"2":1,"3":1,"4":1,"5":1,"6":1,"7":1,"8":1,"9":1,"10":4,"11":3,"12":3,"13":1,"14":3,"15":3,"16":1,"17":1,"18":1},"f":{"0":4,"1":3,"2":3},"b":{"0":[1,0],"1":[4,4,3,3],"2":[3,0]},"_coverageSchema":"1a1c01bbd47fc00a2c39e90264f33305004495a9","hash":"1722781c21575470aca48f982096723c01d0a205"}
,"C:\\Users\\Fede\\Desktop\\MP7\\src\\models\\product.model.js": {"path":"C:\\Users\\Fede\\Desktop\\MP7\\src\\models\\product.model.js","statementMap":{"0":{"start":{"line":4,"column":4},"end":{"line":4,"column":24}},"1":{"start":{"line":5,"column":0},"end":{"line":64,"column":2}},"2":{"start":{"line":8,"column":6},"end":{"line":14,"column":10}},"3":{"start":{"line":17,"column":2},"end":{"line":62,"column":5}},"4":{"start":{"line":63,"column":2},"end":{"line":63,"column":17}}},"fnMap":{"0":{"name":"(anonymous_0)","decl":{"start":{"line":5,"column":17},"end":{"line":5,"column":18}},"loc":{"start":{"line":5,"column":43},"end":{"line":64,"column":1}},"line":5},"1":{"name":"(anonymous_1)","decl":{"start":{"line":7,"column":4},"end":{"line":7,"column":5}},"loc":{"start":{"line":7,"column":29},"end":{"line":15,"column":5}},"line":7}},"branchMap":{},"s":{"0":1,"1":1,"2":1,"3":1,"4":1},"f":{"0":1,"1":1},"b":{},"_coverageSchema":"1a1c01bbd47fc00a2c39e90264f33305004495a9","hash":"618a93edd5cdc0fb3b550880b52870c2b967e336"}
,"C:\\Users\\Fede\\Desktop\\MP7\\src\\models\\transaction.model.js": {"path":"C:\\Users\\Fede\\Desktop\\MP7\\src\\models\\transaction.model.js","statementMap":{"0":{"start":{"line":4,"column":4},"end":{"line":4,"column":24}},"1":{"start":{"line":5,"column":0},"end":{"line":48,"column":2}},"2":{"start":{"line":8,"column":6},"end":{"line":15,"column":10}},"3":{"start":{"line":18,"column":2},"end":{"line":46,"column":5}},"4":{"start":{"line":47,"column":2},"end":{"line":47,"column":21}}},"fnMap":{"0":{"name":"(anonymous_0)","decl":{"start":{"line":5,"column":17},"end":{"line":5,"column":18}},"loc":{"start":{"line":5,"column":43},"end":{"line":48,"column":1}},"line":5},"1":{"name":"(anonymous_1)","decl":{"start":{"line":7,"column":4},"end":{"line":7,"column":5}},"loc":{"start":{"line":7,"column":29},"end":{"line":16,"column":5}},"line":7}},"branchMap":{},"s":{"0":1,"1":1,"2":1,"3":1,"4":1},"f":{"0":1,"1":1},"b":{},"_coverageSchema":"1a1c01bbd47fc00a2c39e90264f33305004495a9","hash":"c4bd75f74d147e6b5585ec39f99d24925b30d284"}
,"C:\\Users\\Fede\\Desktop\\MP7\\src\\models\\user.model.js": {"path":"C:\\Users\\Fede\\Desktop\\MP7\\src\\models\\user.model.js","statementMap":{"0":{"start":{"line":4,"column":4},"end":{"line":4,"column":24}},"1":{"start":{"line":5,"column":0},"end":{"line":66,"column":2}},"2":{"start":{"line":8,"column":6},"end":{"line":13,"column":10}},"3":{"start":{"line":16,"column":2},"end":{"line":64,"column":5}},"4":{"start":{"line":65,"column":2},"end":{"line":65,"column":14}}},"fnMap":{"0":{"name":"(anonymous_0)","decl":{"start":{"line":5,"column":17},"end":{"line":5,"column":18}},"loc":{"start":{"line":5,"column":43},"end":{"line":66,"column":1}},"line":5},"1":{"name":"(anonymous_1)","decl":{"start":{"line":7,"column":4},"end":{"line":7,"column":5}},"loc":{"start":{"line":7,"column":29},"end":{"line":14,"column":5}},"line":7}},"branchMap":{},"s":{"0":1,"1":1,"2":1,"3":1,"4":1},"f":{"0":1,"1":1},"b":{},"_coverageSchema":"1a1c01bbd47fc00a2c39e90264f33305004495a9","hash":"116afe6a9ddc3dc0461051b9209051f83a0c40b3"}
,"C:\\Users\\Fede\\Desktop\\MP7\\src\\routes\\admin.routes.js": {"path":"C:\\Users\\Fede\\Desktop\\MP7\\src\\routes\\admin.routes.js","statementMap":{"0":{"start":{"line":1,"column":19},"end":{"line":1,"column":37}},"1":{"start":{"line":2,"column":222},"end":{"line":2,"column":264}},"2":{"start":{"line":3,"column":20},"end":{"line":3,"column":58}},"3":{"start":{"line":4,"column":23},"end":{"line":4,"column":62}},"4":{"start":{"line":5,"column":31},"end":{"line":5,"column":80}},"5":{"start":{"line":6,"column":26},"end":{"line":6,"column":71}},"6":{"start":{"line":7,"column":24},"end":{"line":7,"column":65}},"7":{"start":{"line":8,"column":15},"end":{"line":8,"column":23}},"8":{"start":{"line":11,"column":0},"end":{"line":11,"column":63}},"9":{"start":{"line":12,"column":0},"end":{"line":12,"column":67}},"10":{"start":{"line":13,"column":0},"end":{"line":13,"column":70}},"11":{"start":{"line":14,"column":0},"end":{"line":14,"column":73}},"12":{"start":{"line":17,"column":0},"end":{"line":17,"column":77}},"13":{"start":{"line":18,"column":0},"end":{"line":18,"column":76}},"14":{"start":{"line":19,"column":0},"end":{"line":19,"column":75}},"15":{"start":{"line":20,"column":0},"end":{"line":20,"column":80}},"16":{"start":{"line":21,"column":0},"end":{"line":21,"column":83}},"17":{"start":{"line":24,"column":0},"end":{"line":24,"column":67}},"18":{"start":{"line":25,"column":0},"end":{"line":25,"column":72}},"19":{"start":{"line":26,"column":0},"end":{"line":26,"column":70}},"20":{"start":{"line":29,"column":0},"end":{"line":29,"column":61}},"21":{"start":{"line":31,"column":0},"end":{"line":31,"column":23}}},"fnMap":{},"branchMap":{},"s":{"0":1,"1":1,"2":1,"3":1,"4":1,"5":1,"6":1,"7":1,"8":1,"9":1,"10":1,"11":1,"12":1,"13":1,"14":1,"15":1,"16":1,"17":1,"18":1,"19":1,"20":1,"21":1},"f":{},"b":{},"_coverageSchema":"1a1c01bbd47fc00a2c39e90264f33305004495a9","hash":"5ebfeac940a2e1f7e35ad53b40afd55a6816ccf4"}
,"C:\\Users\\Fede\\Desktop\\MP7\\src\\routes\\auth.routes.js": {"path":"C:\\Users\\Fede\\Desktop\\MP7\\src\\routes\\auth.routes.js","statementMap":{"0":{"start":{"line":1,"column":19},"end":{"line":1,"column":37}},"1":{"start":{"line":2,"column":27},"end":{"line":2,"column":68}},"2":{"start":{"line":3,"column":15},"end":{"line":3,"column":23}},"3":{"start":{"line":5,"column":0},"end":{"line":5,"column":26}},"4":{"start":{"line":6,"column":0},"end":{"line":6,"column":26}},"5":{"start":{"line":8,"column":0},"end":{"line":8,"column":23}}},"fnMap":{},"branchMap":{},"s":{"0":1,"1":1,"2":1,"3":1,"4":1,"5":1},"f":{},"b":{},"_coverageSchema":"1a1c01bbd47fc00a2c39e90264f33305004495a9","hash":"10f94a914ffff6ebacc4e2e57f0daa9f260b778a"}
,"C:\\Users\\Fede\\Desktop\\MP7\\src\\routes\\products.routes.js": {"path":"C:\\Users\\Fede\\Desktop\\MP7\\src\\routes\\products.routes.js","statementMap":{"0":{"start":{"line":1,"column":19},"end":{"line":1,"column":37}},"1":{"start":{"line":2,"column":122},"end":{"line":2,"column":167}},"2":{"start":{"line":3,"column":26},"end":{"line":3,"column":64}},"3":{"start":{"line":4,"column":23},"end":{"line":4,"column":62}},"4":{"start":{"line":5,"column":15},"end":{"line":5,"column":23}},"5":{"start":{"line":7,"column":0},"end":{"line":7,"column":28}},"6":{"start":{"line":8,"column":0},"end":{"line":8,"column":34}},"7":{"start":{"line":9,"column":0},"end":{"line":9,"column":43}},"8":{"start":{"line":10,"column":0},"end":{"line":10,"column":52}},"9":{"start":{"line":11,"column":0},"end":{"line":11,"column":45}},"10":{"start":{"line":12,"column":0},"end":{"line":12,"column":64}},"11":{"start":{"line":13,"column":0},"end":{"line":13,"column":67}},"12":{"start":{"line":15,"column":0},"end":{"line":15,"column":23}}},"fnMap":{},"branchMap":{},"s":{"0":1,"1":1,"2":1,"3":1,"4":1,"5":1,"6":1,"7":1,"8":1,"9":1,"10":1,"11":1,"12":1},"f":{},"b":{},"_coverageSchema":"1a1c01bbd47fc00a2c39e90264f33305004495a9","hash":"1a3b067811d8a5d9c30a3c3a05dbde17032c1638"}
,"C:\\Users\\Fede\\Desktop\\MP7\\src\\routes\\transactions.routes.js": {"path":"C:\\Users\\Fede\\Desktop\\MP7\\src\\routes\\transactions.routes.js","statementMap":{"0":{"start":{"line":1,"column":19},"end":{"line":1,"column":37}},"1":{"start":{"line":2,"column":108},"end":{"line":2,"column":157}},"2":{"start":{"line":3,"column":30},"end":{"line":3,"column":68}},"3":{"start":{"line":4,"column":23},"end":{"line":4,"column":62}},"4":{"start":{"line":5,"column":15},"end":{"line":5,"column":23}},"5":{"start":{"line":7,"column":0},"end":{"line":7,"column":51}},"6":{"start":{"line":8,"column":0},"end":{"line":8,"column":73}},"7":{"start":{"line":9,"column":0},"end":{"line":9,"column":66}},"8":{"start":{"line":10,"column":0},"end":{"line":10,"column":76}},"9":{"start":{"line":12,"column":0},"end":{"line":12,"column":23}}},"fnMap":{},"branchMap":{},"s":{"0":1,"1":1,"2":1,"3":1,"4":1,"5":1,"6":1,"7":1,"8":1,"9":1},"f":{},"b":{},"_coverageSchema":"1a1c01bbd47fc00a2c39e90264f33305004495a9","hash":"61bb2a9e80f8f8961e00d7f5bea5b1bce6cd1412"}
,"C:\\Users\\Fede\\Desktop\\MP7\\src\\routes\\users.routes.js": {"path":"C:\\Users\\Fede\\Desktop\\MP7\\src\\routes\\users.routes.js","statementMap":{"0":{"start":{"line":1,"column":19},"end":{"line":1,"column":37}},"1":{"start":{"line":2,"column":77},"end":{"line":2,"column":119}},"2":{"start":{"line":3,"column":23},"end":{"line":3,"column":62}},"3":{"start":{"line":4,"column":15},"end":{"line":4,"column":23}},"4":{"start":{"line":6,"column":0},"end":{"line":6,"column":31}},"5":{"start":{"line":7,"column":0},"end":{"line":7,"column":46}},"6":{"start":{"line":8,"column":0},"end":{"line":8,"column":62}},"7":{"start":{"line":9,"column":0},"end":{"line":9,"column":49}},"8":{"start":{"line":11,"column":0},"end":{"line":11,"column":23}}},"fnMap":{},"branchMap":{},"s":{"0":1,"1":1,"2":1,"3":1,"4":1,"5":1,"6":1,"7":1,"8":1},"f":{},"b":{},"_coverageSchema":"1a1c01bbd47fc00a2c39e90264f33305004495a9","hash":"76df972d870710d023d7a88b0dd69ced4750aa7c"}
}
