{"C:\\Users\\maru\\Desktop\\MP7\\app.js": {"path":"C:\\Users\\maru\\Desktop\\MP7\\app.js","statementMap":{"0":{"start":{"line":2,"column":16},"end":{"line":2,"column":34}},"1":{"start":{"line":3,"column":12},"end":{"line":3,"column":21}},"2":{"start":{"line":4,"column":13},"end":{"line":4,"column":28}},"3":{"start":{"line":5,"column":19},"end":{"line":5,"column":49}},"4":{"start":{"line":8,"column":27},"end":{"line":8,"column":70}},"5":{"start":{"line":9,"column":23},"end":{"line":9,"column":62}},"6":{"start":{"line":10,"column":19},"end":{"line":10,"column":55}},"7":{"start":{"line":11,"column":20},"end":{"line":11,"column":55}},"8":{"start":{"line":12,"column":20},"end":{"line":12,"column":56}},"9":{"start":{"line":15,"column":18},"end":{"line":15,"column":47}},"10":{"start":{"line":16,"column":20},"end":{"line":16,"column":52}},"11":{"start":{"line":17,"column":21},"end":{"line":17,"column":45}},"12":{"start":{"line":20,"column":0},"end":{"line":20,"column":15}},"13":{"start":{"line":21,"column":0},"end":{"line":21,"column":38}},"14":{"start":{"line":22,"column":0},"end":{"line":22,"column":63}},"15":{"start":{"line":23,"column":0},"end":{"line":25,"column":6}},"16":{"start":{"line":29,"column":0},"end":{"line":29,"column":30}},"17":{"start":{"line":30,"column":0},"end":{"line":30,"column":29}},"18":{"start":{"line":31,"column":0},"end":{"line":31,"column":29}},"19":{"start":{"line":32,"column":0},"end":{"line":32,"column":36}},"20":{"start":{"line":33,"column":0},"end":{"line":33,"column":44}},"21":{"start":{"line":34,"column":0},"end":{"line":34,"column":81}},"22":{"start":{"line":37,"column":20},"end":{"line":37,"column":60}},"23":{"start":{"line":38,"column":22},"end":{"line":38,"column":64}},"24":{"start":{"line":39,"column":21},"end":{"line":39,"column":62}},"25":{"start":{"line":40,"column":0},"end":{"line":40,"column":30}},"26":{"start":{"line":41,"column":0},"end":{"line":41,"column":32}},"27":{"start":{"line":42,"column":0},"end":{"line":42,"column":34}},"28":{"start":{"line":45,"column":0},"end":{"line":45,"column":20}}},"fnMap":{},"branchMap":{},"s":{"0":9,"1":9,"2":9,"3":9,"4":9,"5":9,"6":9,"7":9,"8":9,"9":9,"10":9,"11":9,"12":9,"13":9,"14":9,"15":9,"16":9,"17":9,"18":9,"19":9,"20":9,"21":9,"22":9,"23":9,"24":9,"25":9,"26":9,"27":9,"28":9},"f":{},"b":{},"_coverageSchema":"1a1c01bbd47fc00a2c39e90264f33305004495a9","hash":"8ed959c7f9fd8a8bc5f6f6abf84d365100165748"}
,"C:\\Users\\maru\\Desktop\\MP7\\src\\controllers\\admin.controller.js": {"path":"C:\\Users\\maru\\Desktop\\MP7\\src\\controllers\\admin.controller.js","statementMap":{"0":{"start":{"line":1,"column":25},"end":{"line":1,"column":53}},"1":{"start":{"line":2,"column":24},"end":{"line":2,"column":44}},"2":{"start":{"line":3,"column":17},"end":{"line":3,"column":37}},"3":{"start":{"line":4,"column":20},"end":{"line":4,"column":40}},"4":{"start":{"line":5,"column":20},"end":{"line":5,"column":49}},"5":{"start":{"line":6,"column":15},"end":{"line":6,"column":43}},"6":{"start":{"line":7,"column":13},"end":{"line":7,"column":40}},"7":{"start":{"line":11,"column":25},"end":{"line":30,"column":1}},"8":{"start":{"line":12,"column":2},"end":{"line":29,"column":3}},"9":{"start":{"line":13,"column":15},"end":{"line":13,"column":28}},"10":{"start":{"line":14,"column":4},"end":{"line":16,"column":5}},"11":{"start":{"line":15,"column":6},"end":{"line":15,"column":75}},"12":{"start":{"line":17,"column":20},"end":{"line":17,"column":57}},"13":{"start":{"line":18,"column":4},"end":{"line":20,"column":5}},"14":{"start":{"line":19,"column":6},"end":{"line":19,"column":69}},"15":{"start":{"line":21,"column":4},"end":{"line":21,"column":88}},"16":{"start":{"line":22,"column":4},"end":{"line":22,"column":44}},"17":{"start":{"line":24,"column":4},"end":{"line":24,"column":126}},"18":{"start":{"line":25,"column":4},"end":{"line":27,"column":79}},"19":{"start":{"line":28,"column":4},"end":{"line":28,"column":31}},"20":{"start":{"line":33,"column":25},"end":{"line":49,"column":1}},"21":{"start":{"line":34,"column":2},"end":{"line":48,"column":3}},"22":{"start":{"line":35,"column":30},"end":{"line":35,"column":38}},"23":{"start":{"line":36,"column":21},"end":{"line":36,"column":73}},"24":{"start":{"line":37,"column":4},"end":{"line":39,"column":5}},"25":{"start":{"line":38,"column":6},"end":{"line":38,"column":67}},"26":{"start":{"line":40,"column":4},"end":{"line":40,"column":72}},"27":{"start":{"line":41,"column":4},"end":{"line":41,"column":46}},"28":{"start":{"line":43,"column":4},"end":{"line":43,"column":109}},"29":{"start":{"line":44,"column":4},"end":{"line":46,"column":79}},"30":{"start":{"line":47,"column":4},"end":{"line":47,"column":31}},"31":{"start":{"line":52,"column":32},"end":{"line":71,"column":1}},"32":{"start":{"line":53,"column":2},"end":{"line":70,"column":3}},"33":{"start":{"line":54,"column":30},"end":{"line":54,"column":38}},"34":{"start":{"line":55,"column":28},"end":{"line":58,"column":6}},"35":{"start":{"line":59,"column":4},"end":{"line":61,"column":5}},"36":{"start":{"line":60,"column":6},"end":{"line":60,"column":74}},"37":{"start":{"line":62,"column":4},"end":{"line":62,"column":51}},"38":{"start":{"line":63,"column":4},"end":{"line":63,"column":60}},"39":{"start":{"line":65,"column":4},"end":{"line":65,"column":123}},"40":{"start":{"line":66,"column":4},"end":{"line":68,"column":79}},"41":{"start":{"line":69,"column":4},"end":{"line":69,"column":31}},"42":{"start":{"line":74,"column":25},"end":{"line":188,"column":1}},"43":{"start":{"line":75,"column":2},"end":{"line":187,"column":3}},"44":{"start":{"line":83,"column":8},"end":{"line":83,"column":16}},"45":{"start":{"line":84,"column":24},"end":{"line":84,"column":33}},"46":{"start":{"line":87,"column":4},"end":{"line":96,"column":5}},"47":{"start":{"line":88,"column":6},"end":{"line":88,"column":31}},"48":{"start":{"line":89,"column":6},"end":{"line":95,"column":7}},"49":{"start":{"line":90,"column":8},"end":{"line":90,"column":34}},"50":{"start":{"line":91,"column":8},"end":{"line":91,"column":47}},"51":{"start":{"line":93,"column":8},"end":{"line":94,"column":35}},"52":{"start":{"line":98,"column":4},"end":{"line":101,"column":5}},"53":{"start":{"line":99,"column":6},"end":{"line":100,"column":31}},"54":{"start":{"line":104,"column":4},"end":{"line":106,"column":5}},"55":{"start":{"line":105,"column":6},"end":{"line":105,"column":76}},"56":{"start":{"line":109,"column":4},"end":{"line":111,"column":5}},"57":{"start":{"line":110,"column":6},"end":{"line":110,"column":75}},"58":{"start":{"line":112,"column":20},"end":{"line":112,"column":71}},"59":{"start":{"line":113,"column":4},"end":{"line":115,"column":5}},"60":{"start":{"line":114,"column":6},"end":{"line":114,"column":69}},"61":{"start":{"line":118,"column":4},"end":{"line":120,"column":5}},"62":{"start":{"line":119,"column":6},"end":{"line":119,"column":73}},"63":{"start":{"line":121,"column":4},"end":{"line":123,"column":5}},"64":{"start":{"line":122,"column":6},"end":{"line":122,"column":74}},"65":{"start":{"line":124,"column":4},"end":{"line":126,"column":5}},"66":{"start":{"line":125,"column":6},"end":{"line":125,"column":77}},"67":{"start":{"line":129,"column":4},"end":{"line":131,"column":5}},"68":{"start":{"line":130,"column":6},"end":{"line":130,"column":73}},"69":{"start":{"line":132,"column":4},"end":{"line":134,"column":5}},"70":{"start":{"line":133,"column":6},"end":{"line":133,"column":74}},"71":{"start":{"line":135,"column":4},"end":{"line":137,"column":5}},"72":{"start":{"line":136,"column":6},"end":{"line":136,"column":79}},"73":{"start":{"line":140,"column":4},"end":{"line":144,"column":5}},"74":{"start":{"line":141,"column":6},"end":{"line":143,"column":62}},"75":{"start":{"line":145,"column":4},"end":{"line":149,"column":5}},"76":{"start":{"line":146,"column":6},"end":{"line":148,"column":73}},"77":{"start":{"line":150,"column":4},"end":{"line":154,"column":5}},"78":{"start":{"line":151,"column":6},"end":{"line":153,"column":68}},"79":{"start":{"line":157,"column":22},"end":{"line":165,"column":5}},"80":{"start":{"line":166,"column":4},"end":{"line":168,"column":5}},"81":{"start":{"line":167,"column":6},"end":{"line":167,"column":77}},"82":{"start":{"line":170,"column":24},"end":{"line":178,"column":6}},"83":{"start":{"line":179,"column":4},"end":{"line":179,"column":96}},"84":{"start":{"line":180,"column":4},"end":{"line":180,"column":51}},"85":{"start":{"line":182,"column":4},"end":{"line":182,"column":114}},"86":{"start":{"line":183,"column":4},"end":{"line":185,"column":79}},"87":{"start":{"line":186,"column":4},"end":{"line":186,"column":31}},"88":{"start":{"line":191,"column":27},"end":{"line":355,"column":1}},"89":{"start":{"line":192,"column":2},"end":{"line":354,"column":3}},"90":{"start":{"line":193,"column":23},"end":{"line":193,"column":36}},"91":{"start":{"line":194,"column":4},"end":{"line":196,"column":5}},"92":{"start":{"line":195,"column":6},"end":{"line":195,"column":78}},"93":{"start":{"line":197,"column":23},"end":{"line":197,"column":75}},"94":{"start":{"line":198,"column":4},"end":{"line":200,"column":5}},"95":{"start":{"line":199,"column":6},"end":{"line":199,"column":72}},"96":{"start":{"line":208,"column":8},"end":{"line":208,"column":16}},"97":{"start":{"line":209,"column":24},"end":{"line":209,"column":33}},"98":{"start":{"line":212,"column":4},"end":{"line":221,"column":5}},"99":{"start":{"line":213,"column":6},"end":{"line":213,"column":31}},"100":{"start":{"line":214,"column":6},"end":{"line":220,"column":7}},"101":{"start":{"line":215,"column":8},"end":{"line":215,"column":34}},"102":{"start":{"line":216,"column":8},"end":{"line":216,"column":47}},"103":{"start":{"line":218,"column":8},"end":{"line":219,"column":35}},"104":{"start":{"line":223,"column":4},"end":{"line":225,"column":5}},"105":{"start":{"line":224,"column":6},"end":{"line":224,"column":41}},"106":{"start":{"line":228,"column":4},"end":{"line":230,"column":5}},"107":{"start":{"line":229,"column":6},"end":{"line":229,"column":76}},"108":{"start":{"line":231,"column":4},"end":{"line":235,"column":5}},"109":{"start":{"line":232,"column":6},"end":{"line":232,"column":63}},"110":{"start":{"line":234,"column":6},"end":{"line":234,"column":41}},"111":{"start":{"line":238,"column":20},"end":{"line":238,"column":71}},"112":{"start":{"line":239,"column":4},"end":{"line":241,"column":5}},"113":{"start":{"line":240,"column":6},"end":{"line":240,"column":69}},"114":{"start":{"line":242,"column":4},"end":{"line":246,"column":5}},"115":{"start":{"line":243,"column":6},"end":{"line":243,"column":59}},"116":{"start":{"line":245,"column":6},"end":{"line":245,"column":37}},"117":{"start":{"line":263,"column":4},"end":{"line":265,"column":5}},"118":{"start":{"line":264,"column":6},"end":{"line":264,"column":74}},"119":{"start":{"line":266,"column":4},"end":{"line":268,"column":5}},"120":{"start":{"line":267,"column":6},"end":{"line":267,"column":79}},"121":{"start":{"line":269,"column":4},"end":{"line":273,"column":5}},"122":{"start":{"line":270,"column":6},"end":{"line":270,"column":55}},"123":{"start":{"line":272,"column":6},"end":{"line":272,"column":33}},"124":{"start":{"line":276,"column":4},"end":{"line":280,"column":5}},"125":{"start":{"line":277,"column":6},"end":{"line":279,"column":62}},"126":{"start":{"line":281,"column":4},"end":{"line":285,"column":5}},"127":{"start":{"line":282,"column":6},"end":{"line":284,"column":73}},"128":{"start":{"line":286,"column":4},"end":{"line":290,"column":5}},"129":{"start":{"line":287,"column":6},"end":{"line":289,"column":68}},"130":{"start":{"line":291,"column":4},"end":{"line":295,"column":5}},"131":{"start":{"line":292,"column":6},"end":{"line":292,"column":53}},"132":{"start":{"line":294,"column":6},"end":{"line":294,"column":31}},"133":{"start":{"line":298,"column":22},"end":{"line":306,"column":5}},"134":{"start":{"line":307,"column":4},"end":{"line":309,"column":5}},"135":{"start":{"line":308,"column":6},"end":{"line":308,"column":76}},"136":{"start":{"line":310,"column":4},"end":{"line":314,"column":5}},"137":{"start":{"line":311,"column":6},"end":{"line":311,"column":61}},"138":{"start":{"line":313,"column":6},"end":{"line":313,"column":39}},"139":{"start":{"line":323,"column":4},"end":{"line":336,"column":6}},"140":{"start":{"line":337,"column":4},"end":{"line":337,"column":98}},"141":{"start":{"line":338,"column":4},"end":{"line":347,"column":7}},"142":{"start":{"line":349,"column":4},"end":{"line":349,"column":130}},"143":{"start":{"line":350,"column":4},"end":{"line":352,"column":79}},"144":{"start":{"line":353,"column":4},"end":{"line":353,"column":31}},"145":{"start":{"line":358,"column":31},"end":{"line":379,"column":1}},"146":{"start":{"line":359,"column":2},"end":{"line":378,"column":3}},"147":{"start":{"line":360,"column":15},"end":{"line":360,"column":28}},"148":{"start":{"line":361,"column":4},"end":{"line":365,"column":5}},"149":{"start":{"line":362,"column":6},"end":{"line":364,"column":62}},"150":{"start":{"line":366,"column":27},"end":{"line":366,"column":71}},"151":{"start":{"line":367,"column":4},"end":{"line":369,"column":5}},"152":{"start":{"line":368,"column":6},"end":{"line":368,"column":65}},"153":{"start":{"line":370,"column":4},"end":{"line":370,"column":109}},"154":{"start":{"line":371,"column":4},"end":{"line":371,"column":54}},"155":{"start":{"line":373,"column":4},"end":{"line":373,"column":142}},"156":{"start":{"line":374,"column":4},"end":{"line":376,"column":79}},"157":{"start":{"line":377,"column":4},"end":{"line":377,"column":31}},"158":{"start":{"line":382,"column":28},"end":{"line":587,"column":1}},"159":{"start":{"line":383,"column":2},"end":{"line":586,"column":3}},"160":{"start":{"line":384,"column":15},"end":{"line":384,"column":28}},"161":{"start":{"line":385,"column":4},"end":{"line":387,"column":5}},"162":{"start":{"line":386,"column":6},"end":{"line":386,"column":75}},"163":{"start":{"line":388,"column":20},"end":{"line":388,"column":57}},"164":{"start":{"line":389,"column":4},"end":{"line":391,"column":5}},"165":{"start":{"line":390,"column":6},"end":{"line":390,"column":69}},"166":{"start":{"line":403,"column":8},"end":{"line":403,"column":16}},"167":{"start":{"line":406,"column":4},"end":{"line":425,"column":5}},"168":{"start":{"line":407,"column":6},"end":{"line":407,"column":50}},"169":{"start":{"line":409,"column":6},"end":{"line":413,"column":7}},"170":{"start":{"line":410,"column":8},"end":{"line":412,"column":76}},"171":{"start":{"line":414,"column":6},"end":{"line":418,"column":7}},"172":{"start":{"line":415,"column":8},"end":{"line":417,"column":75}},"173":{"start":{"line":419,"column":6},"end":{"line":423,"column":7}},"174":{"start":{"line":420,"column":8},"end":{"line":422,"column":73}},"175":{"start":{"line":424,"column":6},"end":{"line":424,"column":31}},"176":{"start":{"line":427,"column":4},"end":{"line":444,"column":5}},"177":{"start":{"line":428,"column":6},"end":{"line":428,"column":58}},"178":{"start":{"line":430,"column":6},"end":{"line":432,"column":7}},"179":{"start":{"line":431,"column":8},"end":{"line":431,"column":80}},"180":{"start":{"line":433,"column":6},"end":{"line":437,"column":7}},"181":{"start":{"line":434,"column":8},"end":{"line":436,"column":71}},"182":{"start":{"line":438,"column":6},"end":{"line":442,"column":7}},"183":{"start":{"line":439,"column":8},"end":{"line":441,"column":66}},"184":{"start":{"line":443,"column":6},"end":{"line":443,"column":39}},"185":{"start":{"line":445,"column":4},"end":{"line":464,"column":5}},"186":{"start":{"line":446,"column":6},"end":{"line":446,"column":58}},"187":{"start":{"line":448,"column":6},"end":{"line":452,"column":7}},"188":{"start":{"line":449,"column":8},"end":{"line":451,"column":64}},"189":{"start":{"line":453,"column":6},"end":{"line":457,"column":7}},"190":{"start":{"line":454,"column":8},"end":{"line":456,"column":75}},"191":{"start":{"line":458,"column":6},"end":{"line":462,"column":7}},"192":{"start":{"line":459,"column":8},"end":{"line":461,"column":70}},"193":{"start":{"line":463,"column":6},"end":{"line":463,"column":39}},"194":{"start":{"line":466,"column":4},"end":{"line":484,"column":5}},"195":{"start":{"line":467,"column":6},"end":{"line":467,"column":48}},"196":{"start":{"line":469,"column":6},"end":{"line":471,"column":7}},"197":{"start":{"line":470,"column":8},"end":{"line":470,"column":73}},"198":{"start":{"line":472,"column":24},"end":{"line":472,"column":50}},"199":{"start":{"line":473,"column":6},"end":{"line":477,"column":7}},"200":{"start":{"line":474,"column":8},"end":{"line":476,"column":61}},"201":{"start":{"line":478,"column":6},"end":{"line":482,"column":7}},"202":{"start":{"line":479,"column":8},"end":{"line":481,"column":61}},"203":{"start":{"line":483,"column":6},"end":{"line":483,"column":29}},"204":{"start":{"line":485,"column":4},"end":{"line":489,"column":5}},"205":{"start":{"line":486,"column":6},"end":{"line":486,"column":52}},"206":{"start":{"line":488,"column":6},"end":{"line":488,"column":33}},"207":{"start":{"line":491,"column":4},"end":{"line":495,"column":5}},"208":{"start":{"line":492,"column":6},"end":{"line":494,"column":67}},"209":{"start":{"line":496,"column":4},"end":{"line":500,"column":5}},"210":{"start":{"line":497,"column":6},"end":{"line":499,"column":67}},"211":{"start":{"line":501,"column":4},"end":{"line":503,"column":5}},"212":{"start":{"line":502,"column":6},"end":{"line":502,"column":58}},"213":{"start":{"line":504,"column":4},"end":{"line":504,"column":37}},"214":{"start":{"line":506,"column":21},"end":{"line":506,"column":57}},"215":{"start":{"line":509,"column":18},"end":{"line":509,"column":35}},"216":{"start":{"line":510,"column":4},"end":{"line":517,"column":5}},"217":{"start":{"line":511,"column":6},"end":{"line":511,"column":50}},"218":{"start":{"line":513,"column":6},"end":{"line":515,"column":7}},"219":{"start":{"line":514,"column":8},"end":{"line":514,"column":74}},"220":{"start":{"line":516,"column":6},"end":{"line":516,"column":31}},"221":{"start":{"line":518,"column":4},"end":{"line":553,"column":5}},"222":{"start":{"line":519,"column":6},"end":{"line":519,"column":56}},"223":{"start":{"line":520,"column":6},"end":{"line":520,"column":47}},"224":{"start":{"line":523,"column":6},"end":{"line":529,"column":7}},"225":{"start":{"line":524,"column":8},"end":{"line":528,"column":9}},"226":{"start":{"line":525,"column":10},"end":{"line":527,"column":80}},"227":{"start":{"line":530,"column":6},"end":{"line":536,"column":7}},"228":{"start":{"line":531,"column":8},"end":{"line":535,"column":9}},"229":{"start":{"line":532,"column":10},"end":{"line":534,"column":68}},"230":{"start":{"line":537,"column":6},"end":{"line":543,"column":7}},"231":{"start":{"line":538,"column":8},"end":{"line":542,"column":9}},"232":{"start":{"line":539,"column":10},"end":{"line":541,"column":71}},"233":{"start":{"line":544,"column":27},"end":{"line":544,"column":81}},"234":{"start":{"line":545,"column":6},"end":{"line":545,"column":44}},"235":{"start":{"line":546,"column":6},"end":{"line":550,"column":7}},"236":{"start":{"line":547,"column":8},"end":{"line":549,"column":62}},"237":{"start":{"line":551,"column":6},"end":{"line":551,"column":38}},"238":{"start":{"line":555,"column":4},"end":{"line":567,"column":6}},"239":{"start":{"line":568,"column":4},"end":{"line":568,"column":92}},"240":{"start":{"line":569,"column":4},"end":{"line":579,"column":7}},"241":{"start":{"line":581,"column":4},"end":{"line":581,"column":126}},"242":{"start":{"line":582,"column":4},"end":{"line":584,"column":79}},"243":{"start":{"line":585,"column":4},"end":{"line":585,"column":31}},"244":{"start":{"line":589,"column":31},"end":{"line":624,"column":1}},"245":{"start":{"line":590,"column":2},"end":{"line":623,"column":3}},"246":{"start":{"line":591,"column":15},"end":{"line":591,"column":28}},"247":{"start":{"line":592,"column":4},"end":{"line":596,"column":5}},"248":{"start":{"line":593,"column":6},"end":{"line":595,"column":62}},"249":{"start":{"line":597,"column":29},"end":{"line":597,"column":37}},"250":{"start":{"line":598,"column":27},"end":{"line":598,"column":71}},"251":{"start":{"line":599,"column":4},"end":{"line":601,"column":5}},"252":{"start":{"line":600,"column":6},"end":{"line":600,"column":76}},"253":{"start":{"line":602,"column":4},"end":{"line":606,"column":5}},"254":{"start":{"line":603,"column":6},"end":{"line":603,"column":52}},"255":{"start":{"line":605,"column":6},"end":{"line":605,"column":37}},"256":{"start":{"line":607,"column":4},"end":{"line":614,"column":6}},"257":{"start":{"line":615,"column":4},"end":{"line":615,"column":106}},"258":{"start":{"line":616,"column":4},"end":{"line":616,"column":45}},"259":{"start":{"line":618,"column":4},"end":{"line":618,"column":140}},"260":{"start":{"line":619,"column":4},"end":{"line":621,"column":79}},"261":{"start":{"line":622,"column":4},"end":{"line":622,"column":31}},"262":{"start":{"line":627,"column":28},"end":{"line":658,"column":1}},"263":{"start":{"line":628,"column":2},"end":{"line":657,"column":3}},"264":{"start":{"line":629,"column":15},"end":{"line":629,"column":28}},"265":{"start":{"line":630,"column":4},"end":{"line":632,"column":5}},"266":{"start":{"line":631,"column":6},"end":{"line":631,"column":75}},"267":{"start":{"line":633,"column":20},"end":{"line":633,"column":57}},"268":{"start":{"line":634,"column":4},"end":{"line":636,"column":5}},"269":{"start":{"line":635,"column":6},"end":{"line":635,"column":69}},"270":{"start":{"line":637,"column":4},"end":{"line":641,"column":5}},"271":{"start":{"line":638,"column":6},"end":{"line":640,"column":62}},"272":{"start":{"line":642,"column":23},"end":{"line":642,"column":77}},"273":{"start":{"line":643,"column":4},"end":{"line":647,"column":5}},"274":{"start":{"line":644,"column":6},"end":{"line":646,"column":66}},"275":{"start":{"line":648,"column":4},"end":{"line":648,"column":42}},"276":{"start":{"line":649,"column":4},"end":{"line":649,"column":95}},"277":{"start":{"line":650,"column":4},"end":{"line":650,"column":60}},"278":{"start":{"line":652,"column":4},"end":{"line":652,"column":129}},"279":{"start":{"line":653,"column":4},"end":{"line":655,"column":79}},"280":{"start":{"line":656,"column":4},"end":{"line":656,"column":31}},"281":{"start":{"line":660,"column":0},"end":{"line":671,"column":2}}},"fnMap":{"0":{"name":"(anonymous_0)","decl":{"start":{"line":11,"column":25},"end":{"line":11,"column":26}},"loc":{"start":{"line":11,"column":45},"end":{"line":30,"column":1}},"line":11},"1":{"name":"(anonymous_1)","decl":{"start":{"line":33,"column":25},"end":{"line":33,"column":26}},"loc":{"start":{"line":33,"column":45},"end":{"line":49,"column":1}},"line":33},"2":{"name":"(anonymous_2)","decl":{"start":{"line":52,"column":32},"end":{"line":52,"column":33}},"loc":{"start":{"line":52,"column":52},"end":{"line":71,"column":1}},"line":52},"3":{"name":"(anonymous_3)","decl":{"start":{"line":74,"column":25},"end":{"line":74,"column":26}},"loc":{"start":{"line":74,"column":45},"end":{"line":188,"column":1}},"line":74},"4":{"name":"(anonymous_4)","decl":{"start":{"line":191,"column":27},"end":{"line":191,"column":28}},"loc":{"start":{"line":191,"column":47},"end":{"line":355,"column":1}},"line":191},"5":{"name":"(anonymous_5)","decl":{"start":{"line":358,"column":31},"end":{"line":358,"column":32}},"loc":{"start":{"line":358,"column":51},"end":{"line":379,"column":1}},"line":358},"6":{"name":"(anonymous_6)","decl":{"start":{"line":382,"column":28},"end":{"line":382,"column":29}},"loc":{"start":{"line":382,"column":48},"end":{"line":587,"column":1}},"line":382},"7":{"name":"(anonymous_7)","decl":{"start":{"line":589,"column":31},"end":{"line":589,"column":32}},"loc":{"start":{"line":589,"column":51},"end":{"line":624,"column":1}},"line":589},"8":{"name":"(anonymous_8)","decl":{"start":{"line":627,"column":28},"end":{"line":627,"column":29}},"loc":{"start":{"line":627,"column":48},"end":{"line":658,"column":1}},"line":627}},"branchMap":{"0":{"loc":{"start":{"line":14,"column":4},"end":{"line":16,"column":5}},"type":"if","locations":[{"start":{"line":14,"column":4},"end":{"line":16,"column":5}},{"start":{},"end":{}}],"line":14},"1":{"loc":{"start":{"line":18,"column":4},"end":{"line":20,"column":5}},"type":"if","locations":[{"start":{"line":18,"column":4},"end":{"line":20,"column":5}},{"start":{},"end":{}}],"line":18},"2":{"loc":{"start":{"line":37,"column":4},"end":{"line":39,"column":5}},"type":"if","locations":[{"start":{"line":37,"column":4},"end":{"line":39,"column":5}},{"start":{},"end":{}}],"line":37},"3":{"loc":{"start":{"line":59,"column":4},"end":{"line":61,"column":5}},"type":"if","locations":[{"start":{"line":59,"column":4},"end":{"line":61,"column":5}},{"start":{},"end":{}}],"line":59},"4":{"loc":{"start":{"line":87,"column":4},"end":{"line":96,"column":5}},"type":"if","locations":[{"start":{"line":87,"column":4},"end":{"line":96,"column":5}},{"start":{},"end":{}}],"line":87},"5":{"loc":{"start":{"line":89,"column":6},"end":{"line":95,"column":7}},"type":"if","locations":[{"start":{"line":89,"column":6},"end":{"line":95,"column":7}},{"start":{"line":92,"column":13},"end":{"line":95,"column":7}}],"line":89},"6":{"loc":{"start":{"line":98,"column":4},"end":{"line":101,"column":5}},"type":"if","locations":[{"start":{"line":98,"column":4},"end":{"line":101,"column":5}},{"start":{},"end":{}}],"line":98},"7":{"loc":{"start":{"line":104,"column":4},"end":{"line":106,"column":5}},"type":"if","locations":[{"start":{"line":104,"column":4},"end":{"line":106,"column":5}},{"start":{},"end":{}}],"line":104},"8":{"loc":{"start":{"line":109,"column":4},"end":{"line":111,"column":5}},"type":"if","locations":[{"start":{"line":109,"column":4},"end":{"line":111,"column":5}},{"start":{},"end":{}}],"line":109},"9":{"loc":{"start":{"line":113,"column":4},"end":{"line":115,"column":5}},"type":"if","locations":[{"start":{"line":113,"column":4},"end":{"line":115,"column":5}},{"start":{},"end":{}}],"line":113},"10":{"loc":{"start":{"line":118,"column":4},"end":{"line":120,"column":5}},"type":"if","locations":[{"start":{"line":118,"column":4},"end":{"line":120,"column":5}},{"start":{},"end":{}}],"line":118},"11":{"loc":{"start":{"line":121,"column":4},"end":{"line":123,"column":5}},"type":"if","locations":[{"start":{"line":121,"column":4},"end":{"line":123,"column":5}},{"start":{},"end":{}}],"line":121},"12":{"loc":{"start":{"line":124,"column":4},"end":{"line":126,"column":5}},"type":"if","locations":[{"start":{"line":124,"column":4},"end":{"line":126,"column":5}},{"start":{},"end":{}}],"line":124},"13":{"loc":{"start":{"line":129,"column":4},"end":{"line":131,"column":5}},"type":"if","locations":[{"start":{"line":129,"column":4},"end":{"line":131,"column":5}},{"start":{},"end":{}}],"line":129},"14":{"loc":{"start":{"line":132,"column":4},"end":{"line":134,"column":5}},"type":"if","locations":[{"start":{"line":132,"column":4},"end":{"line":134,"column":5}},{"start":{},"end":{}}],"line":132},"15":{"loc":{"start":{"line":135,"column":4},"end":{"line":137,"column":5}},"type":"if","locations":[{"start":{"line":135,"column":4},"end":{"line":137,"column":5}},{"start":{},"end":{}}],"line":135},"16":{"loc":{"start":{"line":140,"column":4},"end":{"line":144,"column":5}},"type":"if","locations":[{"start":{"line":140,"column":4},"end":{"line":144,"column":5}},{"start":{},"end":{}}],"line":140},"17":{"loc":{"start":{"line":145,"column":4},"end":{"line":149,"column":5}},"type":"if","locations":[{"start":{"line":145,"column":4},"end":{"line":149,"column":5}},{"start":{},"end":{}}],"line":145},"18":{"loc":{"start":{"line":150,"column":4},"end":{"line":154,"column":5}},"type":"if","locations":[{"start":{"line":150,"column":4},"end":{"line":154,"column":5}},{"start":{},"end":{}}],"line":150},"19":{"loc":{"start":{"line":166,"column":4},"end":{"line":168,"column":5}},"type":"if","locations":[{"start":{"line":166,"column":4},"end":{"line":168,"column":5}},{"start":{},"end":{}}],"line":166},"20":{"loc":{"start":{"line":194,"column":4},"end":{"line":196,"column":5}},"type":"if","locations":[{"start":{"line":194,"column":4},"end":{"line":196,"column":5}},{"start":{},"end":{}}],"line":194},"21":{"loc":{"start":{"line":198,"column":4},"end":{"line":200,"column":5}},"type":"if","locations":[{"start":{"line":198,"column":4},"end":{"line":200,"column":5}},{"start":{},"end":{}}],"line":198},"22":{"loc":{"start":{"line":212,"column":4},"end":{"line":221,"column":5}},"type":"if","locations":[{"start":{"line":212,"column":4},"end":{"line":221,"column":5}},{"start":{},"end":{}}],"line":212},"23":{"loc":{"start":{"line":214,"column":6},"end":{"line":220,"column":7}},"type":"if","locations":[{"start":{"line":214,"column":6},"end":{"line":220,"column":7}},{"start":{"line":217,"column":13},"end":{"line":220,"column":7}}],"line":214},"24":{"loc":{"start":{"line":223,"column":4},"end":{"line":225,"column":5}},"type":"if","locations":[{"start":{"line":223,"column":4},"end":{"line":225,"column":5}},{"start":{},"end":{}}],"line":223},"25":{"loc":{"start":{"line":228,"column":4},"end":{"line":230,"column":5}},"type":"if","locations":[{"start":{"line":228,"column":4},"end":{"line":230,"column":5}},{"start":{},"end":{}}],"line":228},"26":{"loc":{"start":{"line":231,"column":4},"end":{"line":235,"column":5}},"type":"if","locations":[{"start":{"line":231,"column":4},"end":{"line":235,"column":5}},{"start":{"line":233,"column":11},"end":{"line":235,"column":5}}],"line":231},"27":{"loc":{"start":{"line":239,"column":4},"end":{"line":241,"column":5}},"type":"if","locations":[{"start":{"line":239,"column":4},"end":{"line":241,"column":5}},{"start":{},"end":{}}],"line":239},"28":{"loc":{"start":{"line":242,"column":4},"end":{"line":246,"column":5}},"type":"if","locations":[{"start":{"line":242,"column":4},"end":{"line":246,"column":5}},{"start":{"line":244,"column":11},"end":{"line":246,"column":5}}],"line":242},"29":{"loc":{"start":{"line":263,"column":4},"end":{"line":265,"column":5}},"type":"if","locations":[{"start":{"line":263,"column":4},"end":{"line":265,"column":5}},{"start":{},"end":{}}],"line":263},"30":{"loc":{"start":{"line":266,"column":4},"end":{"line":268,"column":5}},"type":"if","locations":[{"start":{"line":266,"column":4},"end":{"line":268,"column":5}},{"start":{},"end":{}}],"line":266},"31":{"loc":{"start":{"line":269,"column":4},"end":{"line":273,"column":5}},"type":"if","locations":[{"start":{"line":269,"column":4},"end":{"line":273,"column":5}},{"start":{"line":271,"column":11},"end":{"line":273,"column":5}}],"line":269},"32":{"loc":{"start":{"line":276,"column":4},"end":{"line":280,"column":5}},"type":"if","locations":[{"start":{"line":276,"column":4},"end":{"line":280,"column":5}},{"start":{},"end":{}}],"line":276},"33":{"loc":{"start":{"line":281,"column":4},"end":{"line":285,"column":5}},"type":"if","locations":[{"start":{"line":281,"column":4},"end":{"line":285,"column":5}},{"start":{},"end":{}}],"line":281},"34":{"loc":{"start":{"line":286,"column":4},"end":{"line":290,"column":5}},"type":"if","locations":[{"start":{"line":286,"column":4},"end":{"line":290,"column":5}},{"start":{},"end":{}}],"line":286},"35":{"loc":{"start":{"line":291,"column":4},"end":{"line":295,"column":5}},"type":"if","locations":[{"start":{"line":291,"column":4},"end":{"line":295,"column":5}},{"start":{"line":293,"column":11},"end":{"line":295,"column":5}}],"line":291},"36":{"loc":{"start":{"line":307,"column":4},"end":{"line":309,"column":5}},"type":"if","locations":[{"start":{"line":307,"column":4},"end":{"line":309,"column":5}},{"start":{},"end":{}}],"line":307},"37":{"loc":{"start":{"line":310,"column":4},"end":{"line":314,"column":5}},"type":"if","locations":[{"start":{"line":310,"column":4},"end":{"line":314,"column":5}},{"start":{"line":312,"column":11},"end":{"line":314,"column":5}}],"line":310},"38":{"loc":{"start":{"line":361,"column":4},"end":{"line":365,"column":5}},"type":"if","locations":[{"start":{"line":361,"column":4},"end":{"line":365,"column":5}},{"start":{},"end":{}}],"line":361},"39":{"loc":{"start":{"line":367,"column":4},"end":{"line":369,"column":5}},"type":"if","locations":[{"start":{"line":367,"column":4},"end":{"line":369,"column":5}},{"start":{},"end":{}}],"line":367},"40":{"loc":{"start":{"line":385,"column":4},"end":{"line":387,"column":5}},"type":"if","locations":[{"start":{"line":385,"column":4},"end":{"line":387,"column":5}},{"start":{},"end":{}}],"line":385},"41":{"loc":{"start":{"line":389,"column":4},"end":{"line":391,"column":5}},"type":"if","locations":[{"start":{"line":389,"column":4},"end":{"line":391,"column":5}},{"start":{},"end":{}}],"line":389},"42":{"loc":{"start":{"line":406,"column":4},"end":{"line":425,"column":5}},"type":"if","locations":[{"start":{"line":406,"column":4},"end":{"line":425,"column":5}},{"start":{"line":408,"column":11},"end":{"line":425,"column":5}}],"line":406},"43":{"loc":{"start":{"line":409,"column":6},"end":{"line":413,"column":7}},"type":"if","locations":[{"start":{"line":409,"column":6},"end":{"line":413,"column":7}},{"start":{},"end":{}}],"line":409},"44":{"loc":{"start":{"line":414,"column":6},"end":{"line":418,"column":7}},"type":"if","locations":[{"start":{"line":414,"column":6},"end":{"line":418,"column":7}},{"start":{},"end":{}}],"line":414},"45":{"loc":{"start":{"line":419,"column":6},"end":{"line":423,"column":7}},"type":"if","locations":[{"start":{"line":419,"column":6},"end":{"line":423,"column":7}},{"start":{},"end":{}}],"line":419},"46":{"loc":{"start":{"line":427,"column":4},"end":{"line":444,"column":5}},"type":"if","locations":[{"start":{"line":427,"column":4},"end":{"line":444,"column":5}},{"start":{"line":429,"column":11},"end":{"line":444,"column":5}}],"line":427},"47":{"loc":{"start":{"line":430,"column":6},"end":{"line":432,"column":7}},"type":"if","locations":[{"start":{"line":430,"column":6},"end":{"line":432,"column":7}},{"start":{},"end":{}}],"line":430},"48":{"loc":{"start":{"line":433,"column":6},"end":{"line":437,"column":7}},"type":"if","locations":[{"start":{"line":433,"column":6},"end":{"line":437,"column":7}},{"start":{},"end":{}}],"line":433},"49":{"loc":{"start":{"line":438,"column":6},"end":{"line":442,"column":7}},"type":"if","locations":[{"start":{"line":438,"column":6},"end":{"line":442,"column":7}},{"start":{},"end":{}}],"line":438},"50":{"loc":{"start":{"line":445,"column":4},"end":{"line":464,"column":5}},"type":"if","locations":[{"start":{"line":445,"column":4},"end":{"line":464,"column":5}},{"start":{"line":447,"column":11},"end":{"line":464,"column":5}}],"line":445},"51":{"loc":{"start":{"line":448,"column":6},"end":{"line":452,"column":7}},"type":"if","locations":[{"start":{"line":448,"column":6},"end":{"line":452,"column":7}},{"start":{},"end":{}}],"line":448},"52":{"loc":{"start":{"line":453,"column":6},"end":{"line":457,"column":7}},"type":"if","locations":[{"start":{"line":453,"column":6},"end":{"line":457,"column":7}},{"start":{},"end":{}}],"line":453},"53":{"loc":{"start":{"line":458,"column":6},"end":{"line":462,"column":7}},"type":"if","locations":[{"start":{"line":458,"column":6},"end":{"line":462,"column":7}},{"start":{},"end":{}}],"line":458},"54":{"loc":{"start":{"line":466,"column":4},"end":{"line":484,"column":5}},"type":"if","locations":[{"start":{"line":466,"column":4},"end":{"line":484,"column":5}},{"start":{"line":468,"column":11},"end":{"line":484,"column":5}}],"line":466},"55":{"loc":{"start":{"line":469,"column":6},"end":{"line":471,"column":7}},"type":"if","locations":[{"start":{"line":469,"column":6},"end":{"line":471,"column":7}},{"start":{},"end":{}}],"line":469},"56":{"loc":{"start":{"line":473,"column":6},"end":{"line":477,"column":7}},"type":"if","locations":[{"start":{"line":473,"column":6},"end":{"line":477,"column":7}},{"start":{},"end":{}}],"line":473},"57":{"loc":{"start":{"line":478,"column":6},"end":{"line":482,"column":7}},"type":"if","locations":[{"start":{"line":478,"column":6},"end":{"line":482,"column":7}},{"start":{},"end":{}}],"line":478},"58":{"loc":{"start":{"line":485,"column":4},"end":{"line":489,"column":5}},"type":"if","locations":[{"start":{"line":485,"column":4},"end":{"line":489,"column":5}},{"start":{"line":487,"column":11},"end":{"line":489,"column":5}}],"line":485},"59":{"loc":{"start":{"line":491,"column":4},"end":{"line":495,"column":5}},"type":"if","locations":[{"start":{"line":491,"column":4},"end":{"line":495,"column":5}},{"start":{},"end":{}}],"line":491},"60":{"loc":{"start":{"line":496,"column":4},"end":{"line":500,"column":5}},"type":"if","locations":[{"start":{"line":496,"column":4},"end":{"line":500,"column":5}},{"start":{},"end":{}}],"line":496},"61":{"loc":{"start":{"line":501,"column":4},"end":{"line":503,"column":5}},"type":"if","locations":[{"start":{"line":501,"column":4},"end":{"line":503,"column":5}},{"start":{},"end":{}}],"line":501},"62":{"loc":{"start":{"line":510,"column":4},"end":{"line":517,"column":5}},"type":"if","locations":[{"start":{"line":510,"column":4},"end":{"line":517,"column":5}},{"start":{"line":512,"column":11},"end":{"line":517,"column":5}}],"line":510},"63":{"loc":{"start":{"line":513,"column":6},"end":{"line":515,"column":7}},"type":"if","locations":[{"start":{"line":513,"column":6},"end":{"line":515,"column":7}},{"start":{},"end":{}}],"line":513},"64":{"loc":{"start":{"line":518,"column":4},"end":{"line":553,"column":5}},"type":"if","locations":[{"start":{"line":518,"column":4},"end":{"line":553,"column":5}},{"start":{"line":521,"column":11},"end":{"line":553,"column":5}}],"line":518},"65":{"loc":{"start":{"line":518,"column":8},"end":{"line":518,"column":60}},"type":"binary-expr","locations":[{"start":{"line":518,"column":8},"end":{"line":518,"column":27}},{"start":{"line":518,"column":31},"end":{"line":518,"column":42}},{"start":{"line":518,"column":46},"end":{"line":518,"column":60}}],"line":518},"66":{"loc":{"start":{"line":523,"column":6},"end":{"line":529,"column":7}},"type":"if","locations":[{"start":{"line":523,"column":6},"end":{"line":529,"column":7}},{"start":{},"end":{}}],"line":523},"67":{"loc":{"start":{"line":524,"column":8},"end":{"line":528,"column":9}},"type":"if","locations":[{"start":{"line":524,"column":8},"end":{"line":528,"column":9}},{"start":{},"end":{}}],"line":524},"68":{"loc":{"start":{"line":530,"column":6},"end":{"line":536,"column":7}},"type":"if","locations":[{"start":{"line":530,"column":6},"end":{"line":536,"column":7}},{"start":{},"end":{}}],"line":530},"69":{"loc":{"start":{"line":531,"column":8},"end":{"line":535,"column":9}},"type":"if","locations":[{"start":{"line":531,"column":8},"end":{"line":535,"column":9}},{"start":{},"end":{}}],"line":531},"70":{"loc":{"start":{"line":537,"column":6},"end":{"line":543,"column":7}},"type":"if","locations":[{"start":{"line":537,"column":6},"end":{"line":543,"column":7}},{"start":{},"end":{}}],"line":537},"71":{"loc":{"start":{"line":538,"column":8},"end":{"line":542,"column":9}},"type":"if","locations":[{"start":{"line":538,"column":8},"end":{"line":542,"column":9}},{"start":{},"end":{}}],"line":538},"72":{"loc":{"start":{"line":546,"column":6},"end":{"line":550,"column":7}},"type":"if","locations":[{"start":{"line":546,"column":6},"end":{"line":550,"column":7}},{"start":{},"end":{}}],"line":546},"73":{"loc":{"start":{"line":592,"column":4},"end":{"line":596,"column":5}},"type":"if","locations":[{"start":{"line":592,"column":4},"end":{"line":596,"column":5}},{"start":{},"end":{}}],"line":592},"74":{"loc":{"start":{"line":599,"column":4},"end":{"line":601,"column":5}},"type":"if","locations":[{"start":{"line":599,"column":4},"end":{"line":601,"column":5}},{"start":{},"end":{}}],"line":599},"75":{"loc":{"start":{"line":602,"column":4},"end":{"line":606,"column":5}},"type":"if","locations":[{"start":{"line":602,"column":4},"end":{"line":606,"column":5}},{"start":{"line":604,"column":11},"end":{"line":606,"column":5}}],"line":602},"76":{"loc":{"start":{"line":630,"column":4},"end":{"line":632,"column":5}},"type":"if","locations":[{"start":{"line":630,"column":4},"end":{"line":632,"column":5}},{"start":{},"end":{}}],"line":630},"77":{"loc":{"start":{"line":634,"column":4},"end":{"line":636,"column":5}},"type":"if","locations":[{"start":{"line":634,"column":4},"end":{"line":636,"column":5}},{"start":{},"end":{}}],"line":634},"78":{"loc":{"start":{"line":637,"column":4},"end":{"line":641,"column":5}},"type":"if","locations":[{"start":{"line":637,"column":4},"end":{"line":641,"column":5}},{"start":{},"end":{}}],"line":637},"79":{"loc":{"start":{"line":643,"column":4},"end":{"line":647,"column":5}},"type":"if","locations":[{"start":{"line":643,"column":4},"end":{"line":647,"column":5}},{"start":{},"end":{}}],"line":643}},"s":{"0":9,"1":9,"2":9,"3":9,"4":9,"5":9,"6":9,"7":9,"8":0,"9":0,"10":0,"11":0,"12":0,"13":0,"14":0,"15":0,"16":0,"17":0,"18":0,"19":0,"20":9,"21":0,"22":0,"23":0,"24":0,"25":0,"26":0,"27":0,"28":0,"29":0,"30":0,"31":9,"32":0,"33":0,"34":0,"35":0,"36":0,"37":0,"38":0,"39":0,"40":0,"41":0,"42":9,"43":0,"44":0,"45":0,"46":0,"47":0,"48":0,"49":0,"50":0,"51":0,"52":0,"53":0,"54":0,"55":0,"56":0,"57":0,"58":0,"59":0,"60":0,"61":0,"62":0,"63":0,"64":0,"65":0,"66":0,"67":0,"68":0,"69":0,"70":0,"71":0,"72":0,"73":0,"74":0,"75":0,"76":0,"77":0,"78":0,"79":0,"80":0,"81":0,"82":0,"83":0,"84":0,"85":0,"86":0,"87":0,"88":9,"89":0,"90":0,"91":0,"92":0,"93":0,"94":0,"95":0,"96":0,"97":0,"98":0,"99":0,"100":0,"101":0,"102":0,"103":0,"104":0,"105":0,"106":0,"107":0,"108":0,"109":0,"110":0,"111":0,"112":0,"113":0,"114":0,"115":0,"116":0,"117":0,"118":0,"119":0,"120":0,"121":0,"122":0,"123":0,"124":0,"125":0,"126":0,"127":0,"128":0,"129":0,"130":0,"131":0,"132":0,"133":0,"134":0,"135":0,"136":0,"137":0,"138":0,"139":0,"140":0,"141":0,"142":0,"143":0,"144":0,"145":9,"146":0,"147":0,"148":0,"149":0,"150":0,"151":0,"152":0,"153":0,"154":0,"155":0,"156":0,"157":0,"158":9,"159":0,"160":0,"161":0,"162":0,"163":0,"164":0,"165":0,"166":0,"167":0,"168":0,"169":0,"170":0,"171":0,"172":0,"173":0,"174":0,"175":0,"176":0,"177":0,"178":0,"179":0,"180":0,"181":0,"182":0,"183":0,"184":0,"185":0,"186":0,"187":0,"188":0,"189":0,"190":0,"191":0,"192":0,"193":0,"194":0,"195":0,"196":0,"197":0,"198":0,"199":0,"200":0,"201":0,"202":0,"203":0,"204":0,"205":0,"206":0,"207":0,"208":0,"209":0,"210":0,"211":0,"212":0,"213":0,"214":0,"215":0,"216":0,"217":0,"218":0,"219":0,"220":0,"221":0,"222":0,"223":0,"224":0,"225":0,"226":0,"227":0,"228":0,"229":0,"230":0,"231":0,"232":0,"233":0,"234":0,"235":0,"236":0,"237":0,"238":0,"239":0,"240":0,"241":0,"242":0,"243":0,"244":9,"245":0,"246":0,"247":0,"248":0,"249":0,"250":0,"251":0,"252":0,"253":0,"254":0,"255":0,"256":0,"257":0,"258":0,"259":0,"260":0,"261":0,"262":9,"263":0,"264":0,"265":0,"266":0,"267":0,"268":0,"269":0,"270":0,"271":0,"272":0,"273":0,"274":0,"275":0,"276":0,"277":0,"278":0,"279":0,"280":0,"281":9},"f":{"0":0,"1":0,"2":0,"3":0,"4":0,"5":0,"6":0,"7":0,"8":0},"b":{"0":[0,0],"1":[0,0],"2":[0,0],"3":[0,0],"4":[0,0],"5":[0,0],"6":[0,0],"7":[0,0],"8":[0,0],"9":[0,0],"10":[0,0],"11":[0,0],"12":[0,0],"13":[0,0],"14":[0,0],"15":[0,0],"16":[0,0],"17":[0,0],"18":[0,0],"19":[0,0],"20":[0,0],"21":[0,0],"22":[0,0],"23":[0,0],"24":[0,0],"25":[0,0],"26":[0,0],"27":[0,0],"28":[0,0],"29":[0,0],"30":[0,0],"31":[0,0],"32":[0,0],"33":[0,0],"34":[0,0],"35":[0,0],"36":[0,0],"37":[0,0],"38":[0,0],"39":[0,0],"40":[0,0],"41":[0,0],"42":[0,0],"43":[0,0],"44":[0,0],"45":[0,0],"46":[0,0],"47":[0,0],"48":[0,0],"49":[0,0],"50":[0,0],"51":[0,0],"52":[0,0],"53":[0,0],"54":[0,0],"55":[0,0],"56":[0,0],"57":[0,0],"58":[0,0],"59":[0,0],"60":[0,0],"61":[0,0],"62":[0,0],"63":[0,0],"64":[0,0],"65":[0,0,0],"66":[0,0],"67":[0,0],"68":[0,0],"69":[0,0],"70":[0,0],"71":[0,0],"72":[0,0],"73":[0,0],"74":[0,0],"75":[0,0],"76":[0,0],"77":[0,0],"78":[0,0],"79":[0,0]},"_coverageSchema":"1a1c01bbd47fc00a2c39e90264f33305004495a9","hash":"39ac4c570b0a74361505b2d85da1ad2e7f6ecf1d"}
,"C:\\Users\\maru\\Desktop\\MP7\\src\\controllers\\auth.controller.js": {"path":"C:\\Users\\maru\\Desktop\\MP7\\src\\controllers\\auth.controller.js","statementMap":{"0":{"start":{"line":1,"column":0},"end":{"line":1,"column":26}},"1":{"start":{"line":2,"column":42},"end":{"line":2,"column":70}},"2":{"start":{"line":3,"column":12},"end":{"line":3,"column":35}},"3":{"start":{"line":4,"column":15},"end":{"line":4,"column":43}},"4":{"start":{"line":5,"column":17},"end":{"line":5,"column":37}},"5":{"start":{"line":6,"column":20},"end":{"line":6,"column":49}},"6":{"start":{"line":7,"column":27},"end":{"line":7,"column":55}},"7":{"start":{"line":10,"column":15},"end":{"line":48,"column":1}},"8":{"start":{"line":11,"column":4},"end":{"line":47,"column":5}},"9":{"start":{"line":12,"column":28},"end":{"line":12,"column":56}},"10":{"start":{"line":13,"column":8},"end":{"line":15,"column":9}},"11":{"start":{"line":14,"column":12},"end":{"line":14,"column":78}},"12":{"start":{"line":16,"column":45},"end":{"line":16,"column":53}},"13":{"start":{"line":17,"column":8},"end":{"line":19,"column":9}},"14":{"start":{"line":18,"column":12},"end":{"line":18,"column":92}},"15":{"start":{"line":20,"column":8},"end":{"line":22,"column":9}},"16":{"start":{"line":21,"column":12},"end":{"line":21,"column":92}},"17":{"start":{"line":23,"column":24},"end":{"line":23,"column":68}},"18":{"start":{"line":24,"column":8},"end":{"line":26,"column":9}},"19":{"start":{"line":25,"column":12},"end":{"line":25,"column":86}},"20":{"start":{"line":27,"column":28},"end":{"line":27,"column":87}},"21":{"start":{"line":28,"column":8},"end":{"line":30,"column":9}},"22":{"start":{"line":29,"column":12},"end":{"line":29,"column":82}},"23":{"start":{"line":31,"column":24},"end":{"line":34,"column":9}},"24":{"start":{"line":35,"column":8},"end":{"line":41,"column":10}},"25":{"start":{"line":36,"column":12},"end":{"line":38,"column":13}},"26":{"start":{"line":37,"column":16},"end":{"line":37,"column":83}},"27":{"start":{"line":39,"column":12},"end":{"line":39,"column":66}},"28":{"start":{"line":40,"column":12},"end":{"line":40,"column":50}},"29":{"start":{"line":44,"column":8},"end":{"line":44,"column":64}},"30":{"start":{"line":45,"column":8},"end":{"line":45,"column":97}},"31":{"start":{"line":46,"column":8},"end":{"line":46,"column":34}},"32":{"start":{"line":51,"column":15},"end":{"line":179,"column":1}},"33":{"start":{"line":52,"column":4},"end":{"line":178,"column":5}},"34":{"start":{"line":53,"column":28},"end":{"line":53,"column":56}},"35":{"start":{"line":54,"column":8},"end":{"line":62,"column":9}},"36":{"start":{"line":55,"column":26},"end":{"line":55,"column":51}},"37":{"start":{"line":56,"column":12},"end":{"line":60,"column":14}},"38":{"start":{"line":57,"column":16},"end":{"line":59,"column":17}},"39":{"start":{"line":58,"column":20},"end":{"line":58,"column":96}},"40":{"start":{"line":61,"column":12},"end":{"line":61,"column":78}},"41":{"start":{"line":63,"column":144},"end":{"line":63,"column":152}},"42":{"start":{"line":64,"column":8},"end":{"line":66,"column":9}},"43":{"start":{"line":65,"column":12},"end":{"line":65,"column":92}},"44":{"start":{"line":67,"column":24},"end":{"line":67,"column":68}},"45":{"start":{"line":68,"column":8},"end":{"line":70,"column":9}},"46":{"start":{"line":69,"column":12},"end":{"line":69,"column":82}},"47":{"start":{"line":71,"column":8},"end":{"line":73,"column":9}},"48":{"start":{"line":72,"column":12},"end":{"line":72,"column":101}},"49":{"start":{"line":74,"column":8},"end":{"line":76,"column":9}},"50":{"start":{"line":75,"column":12},"end":{"line":75,"column":100}},"51":{"start":{"line":77,"column":8},"end":{"line":79,"column":9}},"52":{"start":{"line":78,"column":12},"end":{"line":78,"column":98}},"53":{"start":{"line":81,"column":8},"end":{"line":83,"column":9}},"54":{"start":{"line":82,"column":12},"end":{"line":82,"column":88}},"55":{"start":{"line":84,"column":8},"end":{"line":86,"column":9}},"56":{"start":{"line":85,"column":12},"end":{"line":85,"column":85}},"57":{"start":{"line":87,"column":8},"end":{"line":89,"column":9}},"58":{"start":{"line":88,"column":12},"end":{"line":88,"column":96}},"59":{"start":{"line":90,"column":8},"end":{"line":92,"column":9}},"60":{"start":{"line":91,"column":12},"end":{"line":91,"column":91}},"61":{"start":{"line":94,"column":8},"end":{"line":96,"column":9}},"62":{"start":{"line":95,"column":12},"end":{"line":95,"column":92}},"63":{"start":{"line":97,"column":8},"end":{"line":99,"column":9}},"64":{"start":{"line":98,"column":12},"end":{"line":98,"column":89}},"65":{"start":{"line":100,"column":8},"end":{"line":102,"column":9}},"66":{"start":{"line":101,"column":12},"end":{"line":101,"column":100}},"67":{"start":{"line":103,"column":8},"end":{"line":105,"column":9}},"68":{"start":{"line":104,"column":12},"end":{"line":104,"column":95}},"69":{"start":{"line":107,"column":8},"end":{"line":109,"column":9}},"70":{"start":{"line":108,"column":12},"end":{"line":108,"column":87}},"71":{"start":{"line":110,"column":8},"end":{"line":112,"column":9}},"72":{"start":{"line":111,"column":12},"end":{"line":111,"column":78}},"73":{"start":{"line":113,"column":26},"end":{"line":113,"column":52}},"74":{"start":{"line":114,"column":8},"end":{"line":116,"column":9}},"75":{"start":{"line":115,"column":12},"end":{"line":115,"column":86}},"76":{"start":{"line":117,"column":8},"end":{"line":119,"column":9}},"77":{"start":{"line":118,"column":12},"end":{"line":118,"column":86}},"78":{"start":{"line":121,"column":8},"end":{"line":123,"column":9}},"79":{"start":{"line":122,"column":12},"end":{"line":122,"column":92}},"80":{"start":{"line":124,"column":8},"end":{"line":126,"column":9}},"81":{"start":{"line":125,"column":12},"end":{"line":125,"column":94}},"82":{"start":{"line":127,"column":8},"end":{"line":129,"column":9}},"83":{"start":{"line":128,"column":12},"end":{"line":128,"column":94}},"84":{"start":{"line":131,"column":8},"end":{"line":133,"column":9}},"85":{"start":{"line":132,"column":12},"end":{"line":132,"column":89}},"86":{"start":{"line":135,"column":8},"end":{"line":137,"column":9}},"87":{"start":{"line":136,"column":12},"end":{"line":136,"column":103}},"88":{"start":{"line":138,"column":8},"end":{"line":140,"column":9}},"89":{"start":{"line":139,"column":12},"end":{"line":139,"column":91}},"90":{"start":{"line":141,"column":8},"end":{"line":143,"column":9}},"91":{"start":{"line":142,"column":12},"end":{"line":142,"column":94}},"92":{"start":{"line":144,"column":29},"end":{"line":144,"column":83}},"93":{"start":{"line":145,"column":24},"end":{"line":145,"column":51}},"94":{"start":{"line":146,"column":8},"end":{"line":148,"column":9}},"95":{"start":{"line":147,"column":12},"end":{"line":147,"column":87}},"96":{"start":{"line":150,"column":25},"end":{"line":150,"column":58}},"97":{"start":{"line":151,"column":27},"end":{"line":151,"column":70}},"98":{"start":{"line":152,"column":24},"end":{"line":161,"column":10}},"99":{"start":{"line":162,"column":8},"end":{"line":162,"column":84}},"100":{"start":{"line":163,"column":8},"end":{"line":172,"column":10}},"101":{"start":{"line":175,"column":8},"end":{"line":175,"column":64}},"102":{"start":{"line":176,"column":8},"end":{"line":176,"column":97}},"103":{"start":{"line":177,"column":8},"end":{"line":177,"column":34}},"104":{"start":{"line":182,"column":20},"end":{"line":301,"column":1}},"105":{"start":{"line":183,"column":4},"end":{"line":300,"column":5}},"106":{"start":{"line":184,"column":155},"end":{"line":184,"column":163}},"107":{"start":{"line":185,"column":8},"end":{"line":187,"column":9}},"108":{"start":{"line":186,"column":12},"end":{"line":186,"column":92}},"109":{"start":{"line":188,"column":24},"end":{"line":188,"column":68}},"110":{"start":{"line":189,"column":8},"end":{"line":191,"column":9}},"111":{"start":{"line":190,"column":12},"end":{"line":190,"column":82}},"112":{"start":{"line":192,"column":8},"end":{"line":194,"column":9}},"113":{"start":{"line":193,"column":12},"end":{"line":193,"column":101}},"114":{"start":{"line":195,"column":8},"end":{"line":197,"column":9}},"115":{"start":{"line":196,"column":12},"end":{"line":196,"column":100}},"116":{"start":{"line":198,"column":8},"end":{"line":200,"column":9}},"117":{"start":{"line":199,"column":12},"end":{"line":199,"column":98}},"118":{"start":{"line":202,"column":8},"end":{"line":204,"column":9}},"119":{"start":{"line":203,"column":12},"end":{"line":203,"column":88}},"120":{"start":{"line":205,"column":8},"end":{"line":207,"column":9}},"121":{"start":{"line":206,"column":12},"end":{"line":206,"column":85}},"122":{"start":{"line":208,"column":8},"end":{"line":210,"column":9}},"123":{"start":{"line":209,"column":12},"end":{"line":209,"column":96}},"124":{"start":{"line":211,"column":8},"end":{"line":213,"column":9}},"125":{"start":{"line":212,"column":12},"end":{"line":212,"column":91}},"126":{"start":{"line":215,"column":8},"end":{"line":217,"column":9}},"127":{"start":{"line":216,"column":12},"end":{"line":216,"column":92}},"128":{"start":{"line":218,"column":8},"end":{"line":220,"column":9}},"129":{"start":{"line":219,"column":12},"end":{"line":219,"column":89}},"130":{"start":{"line":221,"column":8},"end":{"line":223,"column":9}},"131":{"start":{"line":222,"column":12},"end":{"line":222,"column":100}},"132":{"start":{"line":224,"column":8},"end":{"line":226,"column":9}},"133":{"start":{"line":225,"column":12},"end":{"line":225,"column":95}},"134":{"start":{"line":228,"column":8},"end":{"line":230,"column":9}},"135":{"start":{"line":229,"column":12},"end":{"line":229,"column":87}},"136":{"start":{"line":231,"column":8},"end":{"line":233,"column":9}},"137":{"start":{"line":232,"column":12},"end":{"line":232,"column":78}},"138":{"start":{"line":234,"column":26},"end":{"line":234,"column":52}},"139":{"start":{"line":235,"column":8},"end":{"line":237,"column":9}},"140":{"start":{"line":236,"column":12},"end":{"line":236,"column":86}},"141":{"start":{"line":238,"column":8},"end":{"line":240,"column":9}},"142":{"start":{"line":239,"column":12},"end":{"line":239,"column":86}},"143":{"start":{"line":242,"column":8},"end":{"line":244,"column":9}},"144":{"start":{"line":243,"column":12},"end":{"line":243,"column":92}},"145":{"start":{"line":245,"column":8},"end":{"line":247,"column":9}},"146":{"start":{"line":246,"column":12},"end":{"line":246,"column":94}},"147":{"start":{"line":248,"column":8},"end":{"line":250,"column":9}},"148":{"start":{"line":249,"column":12},"end":{"line":249,"column":94}},"149":{"start":{"line":252,"column":8},"end":{"line":254,"column":9}},"150":{"start":{"line":253,"column":12},"end":{"line":253,"column":89}},"151":{"start":{"line":256,"column":8},"end":{"line":258,"column":9}},"152":{"start":{"line":257,"column":12},"end":{"line":257,"column":88}},"153":{"start":{"line":259,"column":22},"end":{"line":259,"column":39}},"154":{"start":{"line":260,"column":8},"end":{"line":262,"column":9}},"155":{"start":{"line":261,"column":12},"end":{"line":261,"column":79}},"156":{"start":{"line":265,"column":8},"end":{"line":267,"column":9}},"157":{"start":{"line":266,"column":12},"end":{"line":266,"column":103}},"158":{"start":{"line":268,"column":8},"end":{"line":270,"column":9}},"159":{"start":{"line":269,"column":12},"end":{"line":269,"column":91}},"160":{"start":{"line":271,"column":8},"end":{"line":273,"column":9}},"161":{"start":{"line":272,"column":12},"end":{"line":272,"column":94}},"162":{"start":{"line":274,"column":29},"end":{"line":274,"column":83}},"163":{"start":{"line":275,"column":24},"end":{"line":275,"column":51}},"164":{"start":{"line":276,"column":8},"end":{"line":278,"column":9}},"165":{"start":{"line":277,"column":12},"end":{"line":277,"column":87}},"166":{"start":{"line":280,"column":25},"end":{"line":280,"column":58}},"167":{"start":{"line":281,"column":27},"end":{"line":281,"column":70}},"168":{"start":{"line":282,"column":24},"end":{"line":292,"column":10}},"169":{"start":{"line":293,"column":8},"end":{"line":293,"column":113}},"170":{"start":{"line":294,"column":8},"end":{"line":294,"column":50}},"171":{"start":{"line":297,"column":8},"end":{"line":297,"column":70}},"172":{"start":{"line":298,"column":8},"end":{"line":298,"column":111}},"173":{"start":{"line":299,"column":8},"end":{"line":299,"column":34}},"174":{"start":{"line":303,"column":0},"end":{"line":307,"column":1}}},"fnMap":{"0":{"name":"(anonymous_0)","decl":{"start":{"line":10,"column":15},"end":{"line":10,"column":16}},"loc":{"start":{"line":10,"column":35},"end":{"line":48,"column":1}},"line":10},"1":{"name":"(anonymous_1)","decl":{"start":{"line":35,"column":94},"end":{"line":35,"column":95}},"loc":{"start":{"line":35,"column":112},"end":{"line":41,"column":9}},"line":35},"2":{"name":"(anonymous_2)","decl":{"start":{"line":51,"column":15},"end":{"line":51,"column":16}},"loc":{"start":{"line":51,"column":35},"end":{"line":179,"column":1}},"line":51},"3":{"name":"(anonymous_3)","decl":{"start":{"line":56,"column":57},"end":{"line":56,"column":58}},"loc":{"start":{"line":56,"column":77},"end":{"line":60,"column":13}},"line":56},"4":{"name":"(anonymous_4)","decl":{"start":{"line":182,"column":20},"end":{"line":182,"column":21}},"loc":{"start":{"line":182,"column":40},"end":{"line":301,"column":1}},"line":182}},"branchMap":{"0":{"loc":{"start":{"line":13,"column":8},"end":{"line":15,"column":9}},"type":"if","locations":[{"start":{"line":13,"column":8},"end":{"line":15,"column":9}},{"start":{},"end":{}}],"line":13},"1":{"loc":{"start":{"line":17,"column":8},"end":{"line":19,"column":9}},"type":"if","locations":[{"start":{"line":17,"column":8},"end":{"line":19,"column":9}},{"start":{},"end":{}}],"line":17},"2":{"loc":{"start":{"line":20,"column":8},"end":{"line":22,"column":9}},"type":"if","locations":[{"start":{"line":20,"column":8},"end":{"line":22,"column":9}},{"start":{},"end":{}}],"line":20},"3":{"loc":{"start":{"line":24,"column":8},"end":{"line":26,"column":9}},"type":"if","locations":[{"start":{"line":24,"column":8},"end":{"line":26,"column":9}},{"start":{},"end":{}}],"line":24},"4":{"loc":{"start":{"line":28,"column":8},"end":{"line":30,"column":9}},"type":"if","locations":[{"start":{"line":28,"column":8},"end":{"line":30,"column":9}},{"start":{},"end":{}}],"line":28},"5":{"loc":{"start":{"line":36,"column":12},"end":{"line":38,"column":13}},"type":"if","locations":[{"start":{"line":36,"column":12},"end":{"line":38,"column":13}},{"start":{},"end":{}}],"line":36},"6":{"loc":{"start":{"line":54,"column":8},"end":{"line":62,"column":9}},"type":"if","locations":[{"start":{"line":54,"column":8},"end":{"line":62,"column":9}},{"start":{},"end":{}}],"line":54},"7":{"loc":{"start":{"line":57,"column":16},"end":{"line":59,"column":17}},"type":"if","locations":[{"start":{"line":57,"column":16},"end":{"line":59,"column":17}},{"start":{},"end":{}}],"line":57},"8":{"loc":{"start":{"line":64,"column":8},"end":{"line":66,"column":9}},"type":"if","locations":[{"start":{"line":64,"column":8},"end":{"line":66,"column":9}},{"start":{},"end":{}}],"line":64},"9":{"loc":{"start":{"line":68,"column":8},"end":{"line":70,"column":9}},"type":"if","locations":[{"start":{"line":68,"column":8},"end":{"line":70,"column":9}},{"start":{},"end":{}}],"line":68},"10":{"loc":{"start":{"line":71,"column":8},"end":{"line":73,"column":9}},"type":"if","locations":[{"start":{"line":71,"column":8},"end":{"line":73,"column":9}},{"start":{},"end":{}}],"line":71},"11":{"loc":{"start":{"line":74,"column":8},"end":{"line":76,"column":9}},"type":"if","locations":[{"start":{"line":74,"column":8},"end":{"line":76,"column":9}},{"start":{},"end":{}}],"line":74},"12":{"loc":{"start":{"line":77,"column":8},"end":{"line":79,"column":9}},"type":"if","locations":[{"start":{"line":77,"column":8},"end":{"line":79,"column":9}},{"start":{},"end":{}}],"line":77},"13":{"loc":{"start":{"line":81,"column":8},"end":{"line":83,"column":9}},"type":"if","locations":[{"start":{"line":81,"column":8},"end":{"line":83,"column":9}},{"start":{},"end":{}}],"line":81},"14":{"loc":{"start":{"line":84,"column":8},"end":{"line":86,"column":9}},"type":"if","locations":[{"start":{"line":84,"column":8},"end":{"line":86,"column":9}},{"start":{},"end":{}}],"line":84},"15":{"loc":{"start":{"line":87,"column":8},"end":{"line":89,"column":9}},"type":"if","locations":[{"start":{"line":87,"column":8},"end":{"line":89,"column":9}},{"start":{},"end":{}}],"line":87},"16":{"loc":{"start":{"line":90,"column":8},"end":{"line":92,"column":9}},"type":"if","locations":[{"start":{"line":90,"column":8},"end":{"line":92,"column":9}},{"start":{},"end":{}}],"line":90},"17":{"loc":{"start":{"line":94,"column":8},"end":{"line":96,"column":9}},"type":"if","locations":[{"start":{"line":94,"column":8},"end":{"line":96,"column":9}},{"start":{},"end":{}}],"line":94},"18":{"loc":{"start":{"line":97,"column":8},"end":{"line":99,"column":9}},"type":"if","locations":[{"start":{"line":97,"column":8},"end":{"line":99,"column":9}},{"start":{},"end":{}}],"line":97},"19":{"loc":{"start":{"line":100,"column":8},"end":{"line":102,"column":9}},"type":"if","locations":[{"start":{"line":100,"column":8},"end":{"line":102,"column":9}},{"start":{},"end":{}}],"line":100},"20":{"loc":{"start":{"line":103,"column":8},"end":{"line":105,"column":9}},"type":"if","locations":[{"start":{"line":103,"column":8},"end":{"line":105,"column":9}},{"start":{},"end":{}}],"line":103},"21":{"loc":{"start":{"line":107,"column":8},"end":{"line":109,"column":9}},"type":"if","locations":[{"start":{"line":107,"column":8},"end":{"line":109,"column":9}},{"start":{},"end":{}}],"line":107},"22":{"loc":{"start":{"line":110,"column":8},"end":{"line":112,"column":9}},"type":"if","locations":[{"start":{"line":110,"column":8},"end":{"line":112,"column":9}},{"start":{},"end":{}}],"line":110},"23":{"loc":{"start":{"line":114,"column":8},"end":{"line":116,"column":9}},"type":"if","locations":[{"start":{"line":114,"column":8},"end":{"line":116,"column":9}},{"start":{},"end":{}}],"line":114},"24":{"loc":{"start":{"line":117,"column":8},"end":{"line":119,"column":9}},"type":"if","locations":[{"start":{"line":117,"column":8},"end":{"line":119,"column":9}},{"start":{},"end":{}}],"line":117},"25":{"loc":{"start":{"line":121,"column":8},"end":{"line":123,"column":9}},"type":"if","locations":[{"start":{"line":121,"column":8},"end":{"line":123,"column":9}},{"start":{},"end":{}}],"line":121},"26":{"loc":{"start":{"line":124,"column":8},"end":{"line":126,"column":9}},"type":"if","locations":[{"start":{"line":124,"column":8},"end":{"line":126,"column":9}},{"start":{},"end":{}}],"line":124},"27":{"loc":{"start":{"line":127,"column":8},"end":{"line":129,"column":9}},"type":"if","locations":[{"start":{"line":127,"column":8},"end":{"line":129,"column":9}},{"start":{},"end":{}}],"line":127},"28":{"loc":{"start":{"line":131,"column":8},"end":{"line":133,"column":9}},"type":"if","locations":[{"start":{"line":131,"column":8},"end":{"line":133,"column":9}},{"start":{},"end":{}}],"line":131},"29":{"loc":{"start":{"line":135,"column":8},"end":{"line":137,"column":9}},"type":"if","locations":[{"start":{"line":135,"column":8},"end":{"line":137,"column":9}},{"start":{},"end":{}}],"line":135},"30":{"loc":{"start":{"line":138,"column":8},"end":{"line":140,"column":9}},"type":"if","locations":[{"start":{"line":138,"column":8},"end":{"line":140,"column":9}},{"start":{},"end":{}}],"line":138},"31":{"loc":{"start":{"line":141,"column":8},"end":{"line":143,"column":9}},"type":"if","locations":[{"start":{"line":141,"column":8},"end":{"line":143,"column":9}},{"start":{},"end":{}}],"line":141},"32":{"loc":{"start":{"line":146,"column":8},"end":{"line":148,"column":9}},"type":"if","locations":[{"start":{"line":146,"column":8},"end":{"line":148,"column":9}},{"start":{},"end":{}}],"line":146},"33":{"loc":{"start":{"line":185,"column":8},"end":{"line":187,"column":9}},"type":"if","locations":[{"start":{"line":185,"column":8},"end":{"line":187,"column":9}},{"start":{},"end":{}}],"line":185},"34":{"loc":{"start":{"line":189,"column":8},"end":{"line":191,"column":9}},"type":"if","locations":[{"start":{"line":189,"column":8},"end":{"line":191,"column":9}},{"start":{},"end":{}}],"line":189},"35":{"loc":{"start":{"line":192,"column":8},"end":{"line":194,"column":9}},"type":"if","locations":[{"start":{"line":192,"column":8},"end":{"line":194,"column":9}},{"start":{},"end":{}}],"line":192},"36":{"loc":{"start":{"line":195,"column":8},"end":{"line":197,"column":9}},"type":"if","locations":[{"start":{"line":195,"column":8},"end":{"line":197,"column":9}},{"start":{},"end":{}}],"line":195},"37":{"loc":{"start":{"line":198,"column":8},"end":{"line":200,"column":9}},"type":"if","locations":[{"start":{"line":198,"column":8},"end":{"line":200,"column":9}},{"start":{},"end":{}}],"line":198},"38":{"loc":{"start":{"line":202,"column":8},"end":{"line":204,"column":9}},"type":"if","locations":[{"start":{"line":202,"column":8},"end":{"line":204,"column":9}},{"start":{},"end":{}}],"line":202},"39":{"loc":{"start":{"line":205,"column":8},"end":{"line":207,"column":9}},"type":"if","locations":[{"start":{"line":205,"column":8},"end":{"line":207,"column":9}},{"start":{},"end":{}}],"line":205},"40":{"loc":{"start":{"line":208,"column":8},"end":{"line":210,"column":9}},"type":"if","locations":[{"start":{"line":208,"column":8},"end":{"line":210,"column":9}},{"start":{},"end":{}}],"line":208},"41":{"loc":{"start":{"line":211,"column":8},"end":{"line":213,"column":9}},"type":"if","locations":[{"start":{"line":211,"column":8},"end":{"line":213,"column":9}},{"start":{},"end":{}}],"line":211},"42":{"loc":{"start":{"line":215,"column":8},"end":{"line":217,"column":9}},"type":"if","locations":[{"start":{"line":215,"column":8},"end":{"line":217,"column":9}},{"start":{},"end":{}}],"line":215},"43":{"loc":{"start":{"line":218,"column":8},"end":{"line":220,"column":9}},"type":"if","locations":[{"start":{"line":218,"column":8},"end":{"line":220,"column":9}},{"start":{},"end":{}}],"line":218},"44":{"loc":{"start":{"line":221,"column":8},"end":{"line":223,"column":9}},"type":"if","locations":[{"start":{"line":221,"column":8},"end":{"line":223,"column":9}},{"start":{},"end":{}}],"line":221},"45":{"loc":{"start":{"line":224,"column":8},"end":{"line":226,"column":9}},"type":"if","locations":[{"start":{"line":224,"column":8},"end":{"line":226,"column":9}},{"start":{},"end":{}}],"line":224},"46":{"loc":{"start":{"line":228,"column":8},"end":{"line":230,"column":9}},"type":"if","locations":[{"start":{"line":228,"column":8},"end":{"line":230,"column":9}},{"start":{},"end":{}}],"line":228},"47":{"loc":{"start":{"line":231,"column":8},"end":{"line":233,"column":9}},"type":"if","locations":[{"start":{"line":231,"column":8},"end":{"line":233,"column":9}},{"start":{},"end":{}}],"line":231},"48":{"loc":{"start":{"line":235,"column":8},"end":{"line":237,"column":9}},"type":"if","locations":[{"start":{"line":235,"column":8},"end":{"line":237,"column":9}},{"start":{},"end":{}}],"line":235},"49":{"loc":{"start":{"line":238,"column":8},"end":{"line":240,"column":9}},"type":"if","locations":[{"start":{"line":238,"column":8},"end":{"line":240,"column":9}},{"start":{},"end":{}}],"line":238},"50":{"loc":{"start":{"line":242,"column":8},"end":{"line":244,"column":9}},"type":"if","locations":[{"start":{"line":242,"column":8},"end":{"line":244,"column":9}},{"start":{},"end":{}}],"line":242},"51":{"loc":{"start":{"line":245,"column":8},"end":{"line":247,"column":9}},"type":"if","locations":[{"start":{"line":245,"column":8},"end":{"line":247,"column":9}},{"start":{},"end":{}}],"line":245},"52":{"loc":{"start":{"line":248,"column":8},"end":{"line":250,"column":9}},"type":"if","locations":[{"start":{"line":248,"column":8},"end":{"line":250,"column":9}},{"start":{},"end":{}}],"line":248},"53":{"loc":{"start":{"line":252,"column":8},"end":{"line":254,"column":9}},"type":"if","locations":[{"start":{"line":252,"column":8},"end":{"line":254,"column":9}},{"start":{},"end":{}}],"line":252},"54":{"loc":{"start":{"line":256,"column":8},"end":{"line":258,"column":9}},"type":"if","locations":[{"start":{"line":256,"column":8},"end":{"line":258,"column":9}},{"start":{},"end":{}}],"line":256},"55":{"loc":{"start":{"line":260,"column":8},"end":{"line":262,"column":9}},"type":"if","locations":[{"start":{"line":260,"column":8},"end":{"line":262,"column":9}},{"start":{},"end":{}}],"line":260},"56":{"loc":{"start":{"line":265,"column":8},"end":{"line":267,"column":9}},"type":"if","locations":[{"start":{"line":265,"column":8},"end":{"line":267,"column":9}},{"start":{},"end":{}}],"line":265},"57":{"loc":{"start":{"line":268,"column":8},"end":{"line":270,"column":9}},"type":"if","locations":[{"start":{"line":268,"column":8},"end":{"line":270,"column":9}},{"start":{},"end":{}}],"line":268},"58":{"loc":{"start":{"line":271,"column":8},"end":{"line":273,"column":9}},"type":"if","locations":[{"start":{"line":271,"column":8},"end":{"line":273,"column":9}},{"start":{},"end":{}}],"line":271},"59":{"loc":{"start":{"line":276,"column":8},"end":{"line":278,"column":9}},"type":"if","locations":[{"start":{"line":276,"column":8},"end":{"line":278,"column":9}},{"start":{},"end":{}}],"line":276}},"s":{"0":9,"1":9,"2":9,"3":9,"4":9,"5":9,"6":9,"7":9,"8":124,"9":124,"10":124,"11":2,"12":122,"13":122,"14":4,"15":118,"16":3,"17":115,"18":115,"19":0,"20":115,"21":115,"22":0,"23":115,"24":115,"25":115,"26":0,"27":115,"28":115,"29":0,"30":0,"31":0,"32":9,"33":54,"34":54,"35":54,"36":1,"37":1,"38":1,"39":0,"40":1,"41":53,"42":53,"43":10,"44":43,"45":43,"46":1,"47":42,"48":1,"49":41,"50":1,"51":40,"52":1,"53":39,"54":2,"55":37,"56":1,"57":36,"58":1,"59":35,"60":1,"61":34,"62":1,"63":33,"64":1,"65":32,"66":1,"67":31,"68":1,"69":30,"70":1,"71":29,"72":1,"73":28,"74":28,"75":1,"76":27,"77":1,"78":26,"79":1,"80":25,"81":1,"82":24,"83":1,"84":23,"85":0,"86":23,"87":0,"88":23,"89":0,"90":23,"91":0,"92":23,"93":23,"94":23,"95":0,"96":23,"97":23,"98":23,"99":23,"100":23,"101":0,"102":0,"103":0,"104":9,"105":59,"106":59,"107":59,"108":11,"109":48,"110":48,"111":1,"112":47,"113":1,"114":46,"115":1,"116":45,"117":1,"118":44,"119":2,"120":42,"121":1,"122":41,"123":1,"124":40,"125":1,"126":39,"127":1,"128":38,"129":1,"130":37,"131":1,"132":36,"133":1,"134":35,"135":1,"136":34,"137":1,"138":33,"139":33,"140":1,"141":32,"142":1,"143":31,"144":1,"145":30,"146":1,"147":29,"148":1,"149":28,"150":0,"151":28,"152":1,"153":27,"154":27,"155":1,"156":26,"157":0,"158":26,"159":0,"160":26,"161":0,"162":26,"163":26,"164":26,"165":0,"166":26,"167":26,"168":26,"169":26,"170":26,"171":0,"172":0,"173":0,"174":9},"f":{"0":124,"1":115,"2":54,"3":1,"4":59},"b":{"0":[2,122],"1":[4,118],"2":[3,115],"3":[0,115],"4":[0,115],"5":[0,115],"6":[1,53],"7":[0,1],"8":[10,43],"9":[1,42],"10":[1,41],"11":[1,40],"12":[1,39],"13":[2,37],"14":[1,36],"15":[1,35],"16":[1,34],"17":[1,33],"18":[1,32],"19":[1,31],"20":[1,30],"21":[1,29],"22":[1,28],"23":[1,27],"24":[1,26],"25":[1,25],"26":[1,24],"27":[1,23],"28":[0,23],"29":[0,23],"30":[0,23],"31":[0,23],"32":[0,23],"33":[11,48],"34":[1,47],"35":[1,46],"36":[1,45],"37":[1,44],"38":[2,42],"39":[1,41],"40":[1,40],"41":[1,39],"42":[1,38],"43":[1,37],"44":[1,36],"45":[1,35],"46":[1,34],"47":[1,33],"48":[1,32],"49":[1,31],"50":[1,30],"51":[1,29],"52":[1,28],"53":[0,28],"54":[1,27],"55":[1,26],"56":[0,26],"57":[0,26],"58":[0,26],"59":[0,26]},"_coverageSchema":"1a1c01bbd47fc00a2c39e90264f33305004495a9","hash":"902878f0c8db43daa5ea2c4880c37f4a380bbff9"}
,"C:\\Users\\maru\\Desktop\\MP7\\src\\controllers\\products.controller.js": {"path":"C:\\Users\\maru\\Desktop\\MP7\\src\\controllers\\products.controller.js","statementMap":{"0":{"start":{"line":1,"column":23},"end":{"line":1,"column":47}},"1":{"start":{"line":2,"column":20},"end":{"line":2,"column":40}},"2":{"start":{"line":3,"column":15},"end":{"line":3,"column":43}},"3":{"start":{"line":4,"column":13},"end":{"line":4,"column":40}},"4":{"start":{"line":7,"column":20},"end":{"line":31,"column":1}},"5":{"start":{"line":8,"column":2},"end":{"line":30,"column":3}},"6":{"start":{"line":10,"column":21},"end":{"line":21,"column":6}},"7":{"start":{"line":22,"column":4},"end":{"line":22,"column":100}},"8":{"start":{"line":23,"column":4},"end":{"line":23,"column":49}},"9":{"start":{"line":25,"column":4},"end":{"line":25,"column":128}},"10":{"start":{"line":26,"column":4},"end":{"line":28,"column":79}},"11":{"start":{"line":29,"column":4},"end":{"line":29,"column":31}},"12":{"start":{"line":34,"column":23},"end":{"line":75,"column":1}},"13":{"start":{"line":35,"column":2},"end":{"line":74,"column":3}},"14":{"start":{"line":36,"column":15},"end":{"line":36,"column":28}},"15":{"start":{"line":39,"column":4},"end":{"line":42,"column":5}},"16":{"start":{"line":40,"column":6},"end":{"line":40,"column":131}},"17":{"start":{"line":41,"column":6},"end":{"line":41,"column":62}},"18":{"start":{"line":43,"column":4},"end":{"line":46,"column":5}},"19":{"start":{"line":44,"column":6},"end":{"line":44,"column":129}},"20":{"start":{"line":45,"column":6},"end":{"line":45,"column":60}},"21":{"start":{"line":47,"column":4},"end":{"line":50,"column":5}},"22":{"start":{"line":48,"column":6},"end":{"line":48,"column":147}},"23":{"start":{"line":49,"column":6},"end":{"line":49,"column":78}},"24":{"start":{"line":52,"column":23},"end":{"line":62,"column":6}},"25":{"start":{"line":63,"column":4},"end":{"line":65,"column":5}},"26":{"start":{"line":64,"column":6},"end":{"line":64,"column":71}},"27":{"start":{"line":66,"column":4},"end":{"line":66,"column":148}},"28":{"start":{"line":67,"column":4},"end":{"line":67,"column":50}},"29":{"start":{"line":69,"column":4},"end":{"line":69,"column":172}},"30":{"start":{"line":70,"column":4},"end":{"line":72,"column":79}},"31":{"start":{"line":73,"column":4},"end":{"line":73,"column":31}},"32":{"start":{"line":78,"column":26},"end":{"line":125,"column":1}},"33":{"start":{"line":79,"column":2},"end":{"line":124,"column":3}},"34":{"start":{"line":81,"column":26},"end":{"line":81,"column":45}},"35":{"start":{"line":84,"column":22},"end":{"line":92,"column":5}},"36":{"start":{"line":93,"column":4},"end":{"line":96,"column":5}},"37":{"start":{"line":94,"column":6},"end":{"line":94,"column":191}},"38":{"start":{"line":95,"column":6},"end":{"line":95,"column":76}},"39":{"start":{"line":98,"column":24},"end":{"line":109,"column":6}},"40":{"start":{"line":110,"column":4},"end":{"line":115,"column":5}},"41":{"start":{"line":111,"column":6},"end":{"line":111,"column":212}},"42":{"start":{"line":112,"column":6},"end":{"line":114,"column":70}},"43":{"start":{"line":117,"column":4},"end":{"line":117,"column":51}},"44":{"start":{"line":119,"column":4},"end":{"line":119,"column":238}},"45":{"start":{"line":120,"column":4},"end":{"line":122,"column":79}},"46":{"start":{"line":123,"column":4},"end":{"line":123,"column":31}},"47":{"start":{"line":128,"column":27},"end":{"line":168,"column":1}},"48":{"start":{"line":129,"column":2},"end":{"line":167,"column":3}},"49":{"start":{"line":130,"column":25},"end":{"line":130,"column":38}},"50":{"start":{"line":131,"column":30},"end":{"line":131,"column":38}},"51":{"start":{"line":134,"column":4},"end":{"line":137,"column":5}},"52":{"start":{"line":135,"column":6},"end":{"line":135,"column":160}},"53":{"start":{"line":136,"column":6},"end":{"line":136,"column":75}},"54":{"start":{"line":139,"column":24},"end":{"line":151,"column":6}},"55":{"start":{"line":153,"column":4},"end":{"line":158,"column":5}},"56":{"start":{"line":154,"column":6},"end":{"line":154,"column":175}},"57":{"start":{"line":155,"column":6},"end":{"line":157,"column":65}},"58":{"start":{"line":160,"column":4},"end":{"line":160,"column":52}},"59":{"start":{"line":162,"column":4},"end":{"line":162,"column":201}},"60":{"start":{"line":163,"column":4},"end":{"line":165,"column":79}},"61":{"start":{"line":166,"column":4},"end":{"line":166,"column":31}},"62":{"start":{"line":171,"column":20},"end":{"line":311,"column":1}},"63":{"start":{"line":172,"column":2},"end":{"line":310,"column":3}},"64":{"start":{"line":173,"column":20},"end":{"line":173,"column":31}},"65":{"start":{"line":174,"column":65},"end":{"line":174,"column":73}},"66":{"start":{"line":175,"column":24},"end":{"line":175,"column":33}},"67":{"start":{"line":178,"column":4},"end":{"line":183,"column":5}},"68":{"start":{"line":179,"column":6},"end":{"line":179,"column":148}},"69":{"start":{"line":180,"column":6},"end":{"line":182,"column":69}},"70":{"start":{"line":185,"column":4},"end":{"line":190,"column":5}},"71":{"start":{"line":186,"column":6},"end":{"line":186,"column":149}},"72":{"start":{"line":187,"column":6},"end":{"line":189,"column":70}},"73":{"start":{"line":192,"column":4},"end":{"line":197,"column":5}},"74":{"start":{"line":193,"column":6},"end":{"line":193,"column":149}},"75":{"start":{"line":194,"column":6},"end":{"line":196,"column":70}},"76":{"start":{"line":199,"column":4},"end":{"line":204,"column":5}},"77":{"start":{"line":200,"column":6},"end":{"line":200,"column":152}},"78":{"start":{"line":201,"column":6},"end":{"line":203,"column":73}},"79":{"start":{"line":206,"column":4},"end":{"line":215,"column":5}},"80":{"start":{"line":207,"column":6},"end":{"line":207,"column":31}},"81":{"start":{"line":208,"column":6},"end":{"line":214,"column":7}},"82":{"start":{"line":209,"column":8},"end":{"line":209,"column":34}},"83":{"start":{"line":210,"column":8},"end":{"line":210,"column":47}},"84":{"start":{"line":212,"column":8},"end":{"line":213,"column":35}},"85":{"start":{"line":217,"column":4},"end":{"line":220,"column":5}},"86":{"start":{"line":218,"column":6},"end":{"line":219,"column":31}},"87":{"start":{"line":223,"column":4},"end":{"line":226,"column":5}},"88":{"start":{"line":224,"column":6},"end":{"line":224,"column":132}},"89":{"start":{"line":225,"column":6},"end":{"line":225,"column":73}},"90":{"start":{"line":227,"column":4},"end":{"line":230,"column":5}},"91":{"start":{"line":228,"column":6},"end":{"line":228,"column":133}},"92":{"start":{"line":229,"column":6},"end":{"line":229,"column":74}},"93":{"start":{"line":231,"column":4},"end":{"line":234,"column":5}},"94":{"start":{"line":232,"column":6},"end":{"line":232,"column":136}},"95":{"start":{"line":233,"column":6},"end":{"line":233,"column":77}},"96":{"start":{"line":237,"column":4},"end":{"line":240,"column":5}},"97":{"start":{"line":238,"column":6},"end":{"line":238,"column":132}},"98":{"start":{"line":239,"column":6},"end":{"line":239,"column":73}},"99":{"start":{"line":241,"column":4},"end":{"line":244,"column":5}},"100":{"start":{"line":242,"column":6},"end":{"line":242,"column":133}},"101":{"start":{"line":243,"column":6},"end":{"line":243,"column":74}},"102":{"start":{"line":245,"column":4},"end":{"line":248,"column":5}},"103":{"start":{"line":246,"column":6},"end":{"line":246,"column":138}},"104":{"start":{"line":247,"column":6},"end":{"line":247,"column":79}},"105":{"start":{"line":251,"column":4},"end":{"line":256,"column":5}},"106":{"start":{"line":252,"column":6},"end":{"line":252,"column":141}},"107":{"start":{"line":253,"column":6},"end":{"line":255,"column":62}},"108":{"start":{"line":257,"column":4},"end":{"line":262,"column":5}},"109":{"start":{"line":258,"column":6},"end":{"line":258,"column":152}},"110":{"start":{"line":259,"column":6},"end":{"line":261,"column":73}},"111":{"start":{"line":263,"column":4},"end":{"line":268,"column":5}},"112":{"start":{"line":264,"column":6},"end":{"line":264,"column":147}},"113":{"start":{"line":265,"column":6},"end":{"line":267,"column":68}},"114":{"start":{"line":271,"column":22},"end":{"line":279,"column":5}},"115":{"start":{"line":280,"column":4},"end":{"line":284,"column":5}},"116":{"start":{"line":281,"column":6},"end":{"line":281,"column":135}},"117":{"start":{"line":283,"column":6},"end":{"line":283,"column":76}},"118":{"start":{"line":287,"column":24},"end":{"line":294,"column":6}},"119":{"start":{"line":295,"column":4},"end":{"line":295,"column":186}},"120":{"start":{"line":296,"column":4},"end":{"line":303,"column":7}},"121"
[...]
,"C:\\Users\\maru\\Desktop\\MP7\\src\\middleware\\authentication.js": {"path":"C:\\Users\\maru\\Desktop\\MP7\\src\\middleware\\authentication.js","statementMap":{"0":{"start":{"line":1,"column":12},"end":{"line":1,"column":35}},"1":{"start":{"line":2,"column":15},"end":{"line":2,"column":43}},"2":{"start":{"line":4,"column":23},"end":{"line":28,"column":1}},"3":{"start":{"line":5,"column":4},"end":{"line":27,"column":5}},"4":{"start":{"line":6,"column":28},"end":{"line":6,"column":56}},"5":{"start":{"line":7,"column":8},"end":{"line":22,"column":9}},"6":{"start":{"line":8,"column":26},"end":{"line":8,"column":51}},"7":{"start":{"line":9,"column":12},"end":{"line":18,"column":14}},"8":{"start":{"line":10,"column":16},"end":{"line":17,"column":17}},"9":{"start":{"line":11,"column":20},"end":{"line":11,"column":93}},"10":{"start":{"line":14,"column":24},"end":{"line":14,"column":42}},"11":{"start":{"line":16,"column":24},"end":{"line":16,"column":30}},"12":{"start":{"line":21,"column":12},"end":{"line":21,"column":71}},"13":{"start":{"line":25,"column":8},"end":{"line":25,"column":76}},"14":{"start":{"line":26,"column":8},"end":{"line":26,"column":97}},"15":{"start":{"line":30,"column":0},"end":{"line":30,"column":31}}},"fnMap":{"0":{"name":"(anonymous_0)","decl":{"start":{"line":4,"column":23},"end":{"line":4,"column":24}},"loc":{"start":{"line":4,"column":43},"end":{"line":28,"column":1}},"line":4},"1":{"name":"(anonymous_1)","decl":{"start":{"line":9,"column":57},"end":{"line":9,"column":58}},"loc":{"start":{"line":9,"column":77},"end":{"line":18,"column":13}},"line":9}},"branchMap":{"0":{"loc":{"start":{"line":7,"column":8},"end":{"line":22,"column":9}},"type":"if","locations":[{"start":{"line":7,"column":8},"end":{"line":22,"column":9}},{"start":{"line":20,"column":13},"end":{"line":22,"column":9}}],"line":7},"1":{"loc":{"start":{"line":10,"column":16},"end":{"line":17,"column":17}},"type":"if","locations":[{"start":{"line":10,"column":16},"end":{"line":17,"column":17}},{"start":{"line":13,"column":25},"end":{"line":17,"column":17}}],"line":10}},"s":{"0":9,"1":9,"2":9,"3":71,"4":71,"5":71,"6":69,"7":69,"8":69,"9":1,"10":68,"11":68,"12":2,"13":0,"14":0,"15":9},"f":{"0":71,"1":69},"b":{"0":[69,2],"1":[1,68]},"_coverageSchema":"1a1c01bbd47fc00a2c39e90264f33305004495a9","hash":"91212215bab1d8c18ff5646aa4f1338e0b243ef9"}
,"C:\\Users\\maru\\Desktop\\MP7\\src\\middleware\\authorization.js": {"path":"C:\\Users\\maru\\Desktop\\MP7\\src\\middleware\\authorization.js","statementMap":{"0":{"start":{"line":1,"column":0},"end":{"line":1,"column":26}},"1":{"start":{"line":2,"column":15},"end":{"line":2,"column":43}},"2":{"start":{"line":3,"column":20},"end":{"line":3,"column":40}},"3":{"start":{"line":4,"column":24},"end":{"line":4,"column":44}},"4":{"start":{"line":8,"column":16},"end":{"line":24,"column":1}},"5":{"start":{"line":9,"column":4},"end":{"line":23,"column":5}},"6":{"start":{"line":10,"column":26},"end":{"line":10,"column":44}},"7":{"start":{"line":11,"column":8},"end":{"line":17,"column":9}},"8":{"start":{"line":13,"column":12},"end":{"line":13,"column":18}},"9":{"start":{"line":16,"column":12},"end":{"line":16,"column":73}},"10":{"start":{"line":20,"column":8},"end":{"line":20,"column":69}},"11":{"start":{"line":21,"column":8},"end":{"line":21,"column":97}},"12":{"start":{"line":22,"column":8},"end":{"line":22,"column":34}},"13":{"start":{"line":27,"column":22},"end":{"line":53,"column":1}},"14":{"start":{"line":28,"column":4},"end":{"line":52,"column":5}},"15":{"start":{"line":29,"column":27},"end":{"line":29,"column":40}},"16":{"start":{"line":30,"column":8},"end":{"line":32,"column":9}},"17":{"start":{"line":31,"column":12},"end":{"line":31,"column":85}},"18":{"start":{"line":33,"column":24},"end":{"line":33,"column":35}},"19":{"start":{"line":34,"column":27},"end":{"line":34,"column":79}},"20":{"start":{"line":35,"column":8},"end":{"line":38,"column":9}},"21":{"start":{"line":36,"column":12},"end":{"line":36,"column":78}},"22":{"start":{"line":39,"column":29},"end":{"line":39,"column":52}},"23":{"start":{"line":40,"column":8},"end":{"line":42,"column":9}},"24":{"start":{"line":41,"column":12},"end":{"line":41,"column":82}},"25":{"start":{"line":44,"column":8},"end":{"line":44,"column":21}},"26":{"start":{"line":49,"column":8},"end":{"line":49,"column":75}},"27":{"start":{"line":50,"column":8},"end":{"line":50,"column":97}},"28":{"start":{"line":51,"column":8},"end":{"line":51,"column":34}},"29":{"start":{"line":56,"column":26},"end":{"line":79,"column":1}},"30":{"start":{"line":57,"column":4},"end":{"line":78,"column":5}},"31":{"start":{"line":58,"column":31},"end":{"line":58,"column":44}},"32":{"start":{"line":59,"column":24},"end":{"line":59,"column":35}},"33":{"start":{"line":60,"column":31},"end":{"line":60,"column":91}},"34":{"start":{"line":61,"column":8},"end":{"line":72,"column":9}},"35":{"start":{"line":62,"column":38},"end":{"line":62,"column":70}},"36":{"start":{"line":63,"column":12},"end":{"line":68,"column":13}},"37":{"start":{"line":64,"column":16},"end":{"line":64,"column":22}},"38":{"start":{"line":67,"column":16},"end":{"line":67,"column":77}},"39":{"start":{"line":71,"column":12},"end":{"line":71,"column":73}},"40":{"start":{"line":75,"column":8},"end":{"line":75,"column":79}},"41":{"start":{"line":76,"column":8},"end":{"line":76,"column":97}},"42":{"start":{"line":77,"column":8},"end":{"line":77,"column":34}},"43":{"start":{"line":81,"column":0},"end":{"line":85,"column":1}}},"fnMap":{"0":{"name":"(anonymous_0)","decl":{"start":{"line":8,"column":16},"end":{"line":8,"column":17}},"loc":{"start":{"line":8,"column":36},"end":{"line":24,"column":1}},"line":8},"1":{"name":"(anonymous_1)","decl":{"start":{"line":27,"column":22},"end":{"line":27,"column":23}},"loc":{"start":{"line":27,"column":48},"end":{"line":53,"column":1}},"line":27},"2":{"name":"(anonymous_2)","decl":{"start":{"line":56,"column":26},"end":{"line":56,"column":27}},"loc":{"start":{"line":56,"column":52},"end":{"line":79,"column":1}},"line":56}},"branchMap":{"0":{"loc":{"start":{"line":11,"column":8},"end":{"line":17,"column":9}},"type":"if","locations":[{"start":{"line":11,"column":8},"end":{"line":17,"column":9}},{"start":{"line":15,"column":13},"end":{"line":17,"column":9}}],"line":11},"1":{"loc":{"start":{"line":30,"column":8},"end":{"line":32,"column":9}},"type":"if","locations":[{"start":{"line":30,"column":8},"end":{"line":32,"column":9}},{"start":{},"end":{}}],"line":30},"2":{"loc":{"start":{"line":35,"column":8},"end":{"line":38,"column":9}},"type":"if","locations":[{"start":{"line":35,"column":8},"end":{"line":38,"column":9}},{"start":{},"end":{}}],"line":35},"3":{"loc":{"start":{"line":40,"column":8},"end":{"line":42,"column":9}},"type":"if","locations":[{"start":{"line":40,"column":8},"end":{"line":42,"column":9}},{"start":{},"end":{}}],"line":40},"4":{"loc":{"start":{"line":61,"column":8},"end":{"line":72,"column":9}},"type":"if","locations":[{"start":{"line":61,"column":8},"end":{"line":72,"column":9}},{"start":{"line":70,"column":13},"end":{"line":72,"column":9}}],"line":61},"5":{"loc":{"start":{"line":63,"column":12},"end":{"line":68,"column":13}},"type":"if","locations":[{"start":{"line":63,"column":12},"end":{"line":68,"column":13}},{"start":{"line":66,"column":17},"end":{"line":68,"column":13}}],"line":63}},"s":{"0":9,"1":9,"2":9,"3":9,"4":9,"5":60,"6":60,"7":60,"8":59,"9":1,"10":0,"11":0,"12":0,"13":9,"14":8,"15":8,"16":8,"17":2,"18":6,"19":6,"20":6,"21":2,"22":4,"23":4,"24":2,"25":2,"26":0,"27":0,"28":0,"29":9,"30":0,"31":0,"32":0,"33":0,"34":0,"35":0,"36":0,"37":0,"38":0,"39":0,"40":0,"41":0,"42":0,"43":9},"f":{"0":60,"1":8,"2":0},"b":{"0":[59,1],"1":[2,6],"2":[2,4],"3":[2,2],"4":[0,0],"5":[0,0]},"_coverageSchema":"1a1c01bbd47fc00a2c39e90264f33305004495a9","hash":"18e11cdcce7ac73d7f37f12ff7377f40478c5bb2"}
,"C:\\Users\\maru\\Desktop\\MP7\\src\\models\\index.js": {"path":"C:\\Users\\maru\\Desktop\\MP7\\src\\models\\index.js","statementMap":{"0":{"start":{"line":3,"column":11},"end":{"line":3,"column":24}},"1":{"start":{"line":4,"column":13},"end":{"line":4,"column":28}},"2":{"start":{"line":5,"column":18},"end":{"line":5,"column":38}},"3":{"start":{"line":6,"column":16},"end":{"line":6,"column":34}},"4":{"start":{"line":7,"column":17},"end":{"line":7,"column":42}},"5":{"start":{"line":8,"column":12},"end":{"line":8,"column":49}},"6":{"start":{"line":9,"column":15},"end":{"line":9,"column":65}},"7":{"start":{"line":11,"column":11},"end":{"line":11,"column":13}},"8":{"start":{"line":17,"column":2},"end":{"line":17,"column":87}},"9":{"start":{"line":20,"column":0},"end":{"line":35,"column":5}},"10":{"start":{"line":23,"column":4},"end":{"line":28,"column":6}},"11":{"start":{"line":31,"column":18},"end":{"line":31,"column":78}},"12":{"start":{"line":34,"column":4},"end":{"line":34,"column":27}},"13":{"start":{"line":37,"column":0},"end":{"line":41,"column":3}},"14":{"start":{"line":38,"column":2},"end":{"line":40,"column":3}},"15":{"start":{"line":39,"column":4},"end":{"line":39,"column":32}},"16":{"start":{"line":43,"column":0},"end":{"line":43,"column":25}},"17":{"start":{"line":44,"column":0},"end":{"line":44,"column":25}},"18":{"start":{"line":46,"column":0},"end":{"line":46,"column":20}}},"fnMap":{"0":{"name":"(anonymous_0)","decl":{"start":{"line":22,"column":10},"end":{"line":22,"column":11}},"loc":{"start":{"line":22,"column":18},"end":{"line":29,"column":3}},"line":22},"1":{"name":"(anonymous_1)","decl":{"start":{"line":30,"column":11},"end":{"line":30,"column":12}},"loc":{"start":{"line":30,"column":19},"end":{"line":35,"column":3}},"line":30},"2":{"name":"(anonymous_2)","decl":{"start":{"line":37,"column":24},"end":{"line":37,"column":25}},"loc":{"start":{"line":37,"column":37},"end":{"line":41,"column":1}},"line":37}},"branchMap":{"0":{"loc":{"start":{"line":8,"column":12},"end":{"line":8,"column":49}},"type":"binary-expr","locations":[{"start":{"line":8,"column":12},"end":{"line":8,"column":32}},{"start":{"line":8,"column":36},"end":{"line":8,"column":49}}],"line":8},"1":{"loc":{"start":{"line":24,"column":6},"end":{"line":27,"column":37}},"type":"binary-expr","locations":[{"start":{"line":24,"column":6},"end":{"line":24,"column":29}},{"start":{"line":25,"column":6},"end":{"line":25,"column":23}},{"start":{"line":26,"column":6},"end":{"line":26,"column":30}},{"start":{"line":27,"column":6},"end":{"line":27,"column":37}}],"line":24},"2":{"loc":{"start":{"line":38,"column":2},"end":{"line":40,"column":3}},"type":"if","locations":[{"start":{"line":38,"column":2},"end":{"line":40,"column":3}},{"start":{},"end":{}}],"line":38}},"s":{"0":9,"1":9,"2":9,"3":9,"4":9,"5":9,"6":9,"7":9,"8":9,"9":9,"10":36,"11":27,"12":27,"13":9,"14":27,"15":27,"16":9,"17":9,"18":9},"f":{"0":36,"1":27,"2":27},"b":{"0":[9,0],"1":[36,36,27,27],"2":[27,0]},"_coverageSchema":"1a1c01bbd47fc00a2c39e90264f33305004495a9","hash":"86a691b46631c335fef656de8e75d26ed7f060ff"}
,"C:\\Users\\maru\\Desktop\\MP7\\src\\models\\product.model.js": {"path":"C:\\Users\\maru\\Desktop\\MP7\\src\\models\\product.model.js","statementMap":{"0":{"start":{"line":4,"column":4},"end":{"line":4,"column":24}},"1":{"start":{"line":5,"column":0},"end":{"line":54,"column":2}},"2":{"start":{"line":8,"column":6},"end":{"line":14,"column":10}},"3":{"start":{"line":17,"column":2},"end":{"line":52,"column":5}},"4":{"start":{"line":53,"column":2},"end":{"line":53,"column":17}}},"fnMap":{"0":{"name":"(anonymous_0)","decl":{"start":{"line":5,"column":17},"end":{"line":5,"column":18}},"loc":{"start":{"line":5,"column":43},"end":{"line":54,"column":1}},"line":5},"1":{"name":"(anonymous_1)","decl":{"start":{"line":7,"column":4},"end":{"line":7,"column":5}},"loc":{"start":{"line":7,"column":29},"end":{"line":15,"column":5}},"line":7}},"branchMap":{},"s":{"0":9,"1":9,"2":9,"3":9,"4":9},"f":{"0":9,"1":9},"b":{},"_coverageSchema":"1a1c01bbd47fc00a2c39e90264f33305004495a9","hash":"9b30ed4c92067b697edc5503373b48e110ec8c22"}
,"C:\\Users\\maru\\Desktop\\MP7\\src\\models\\transaction.model.js": {"path":"C:\\Users\\maru\\Desktop\\MP7\\src\\models\\transaction.model.js","statementMap":{"0":{"start":{"line":4,"column":4},"end":{"line":4,"column":24}},"1":{"start":{"line":5,"column":0},"end":{"line":41,"column":2}},"2":{"start":{"line":8,"column":6},"end":{"line":15,"column":10}},"3":{"start":{"line":18,"column":2},"end":{"line":39,"column":5}},"4":{"start":{"line":40,"column":2},"end":{"line":40,"column":21}}},"fnMap":{"0":{"name":"(anonymous_0)","decl":{"start":{"line":5,"column":17},"end":{"line":5,"column":18}},"loc":{"start":{"line":5,"column":43},"end":{"line":41,"column":1}},"line":5},"1":{"name":"(anonymous_1)","decl":{"start":{"line":7,"column":4},"end":{"line":7,"column":5}},"loc":{"start":{"line":7,"column":29},"end":{"line":16,"column":5}},"line":7}},"branchMap":{},"s":{"0":9,"1":9,"2":9,"3":9,"4":9},"f":{"0":9,"1":9},"b":{},"_coverageSchema":"1a1c01bbd47fc00a2c39e90264f33305004495a9","hash":"6929af87dc73a256d103ff642128ac13fb8ea0a5"}
,"C:\\Users\\maru\\Desktop\\MP7\\src\\models\\user.model.js": {"path":"C:\\Users\\maru\\Desktop\\MP7\\src\\models\\user.model.js","statementMap":{"0":{"start":{"line":4,"column":18},"end":{"line":4,"column":38}},"1":{"start":{"line":5,"column":0},"end":{"line":66,"column":2}},"2":{"start":{"line":8,"column":6},"end":{"line":13,"column":11}},"3":{"start":{"line":16,"column":2},"end":{"line":64,"column":4}},"4":{"start":{"line":65,"column":2},"end":{"line":65,"column":14}}},"fnMap":{"0":{"name":"(anonymous_0)","decl":{"start":{"line":5,"column":17},"end":{"line":5,"column":18}},"loc":{"start":{"line":5,"column":43},"end":{"line":66,"column":1}},"line":5},"1":{"name":"(anonymous_1)","decl":{"start":{"line":7,"column":4},"end":{"line":7,"column":5}},"loc":{"start":{"line":7,"column":29},"end":{"line":14,"column":5}},"line":7}},"branchMap":{},"s":{"0":9,"1":9,"2":9,"3":9,"4":9},"f":{"0":9,"1":9},"b":{},"_coverageSchema":"1a1c01bbd47fc00a2c39e90264f33305004495a9","hash":"961487cb0459b92fd64e61845b5363658a4de393"}
,"C:\\Users\\maru\\Desktop\\MP7\\src\\routes\\admin.routes.js": {"path":"C:\\Users\\maru\\Desktop\\MP7\\src\\routes\\admin.routes.js","statementMap":{"0":{"start":{"line":1,"column":19},"end":{"line":1,"column":37}},"1":{"start":{"line":4,"column":114},"end":{"line":4,"column":156}},"2":{"start":{"line":5,"column":20},"end":{"line":5,"column":58}},"3":{"start":{"line":6,"column":23},"end":{"line":6,"column":62}},"4":{"start":{"line":7,"column":31},"end":{"line":7,"column":80}},"5":{"start":{"line":8,"column":26},"end":{"line":8,"column":71}},"6":{"start":{"line":9,"column":24},"end":{"line":9,"column":65}},"7":{"start":{"line":10,"column":15},"end":{"line":10,"column":23}},"8":{"start":{"line":13,"column":0},"end":{"line":13,"column":63}},"9":{"start":{"line":14,"column":0},"end":{"line":14,"column":67}},"10":{"start":{"line":15,"column":0},"end":{"line":15,"column":70}},"11":{"start":{"line":16,"column":0},"end":{"line":16,"column":73}},"12":{"start":{"line":19,"column":0},"end":{"line":19,"column":77}},"13":{"start":{"line":20,"column":0},"end":{"line":20,"column":76}},"14":{"start":{"line":21,"column":0},"end":{"line":21,"column":80}},"15":{"start":{"line":22,"column":0},"end":{"line":22,"column":83}},"16":{"start":{"line":26,"column":0},"end":{"line":26,"column":67}},"17":{"start":{"line":27,"column":0},"end":{"line":27,"column":72}},"18":{"start":{"line":28,"column":0},"end":{"line":28,"column":70}},"19":{"start":{"line":31,"column":0},"end":{"line":31,"column":61}},"20":{"start":{"line":33,"column":0},"end":{"line":33,"column":23}}},"fnMap":{},"branchMap":{},"s":{"0":9,"1":9,"2":9,"3":9,"4":9,"5":9,"6":9,"7":9,"8":9,"9":9,"10":9,"11":9,"12":9,"13":9,"14":9,"15":9,"16":9,"17":9,"18":9,"19":9,"20":9},"f":{},"b":{},"_coverageSchema":"1a1c01bbd47fc00a2c39e90264f33305004495a9","hash":"4be6fab93a8511f73d850971e42a31171470f0b6"}
,"C:\\Users\\maru\\Desktop\\MP7\\src\\routes\\auth.routes.js": {"path":"C:\\Users\\maru\\Desktop\\MP7\\src\\routes\\auth.routes.js","statementMap":{"0":{"start":{"line":1,"column":19},"end":{"line":1,"column":37}},"1":{"start":{"line":2,"column":27},"end":{"line":2,"column":68}},"2":{"start":{"line":3,"column":15},"end":{"line":3,"column":23}},"3":{"start":{"line":5,"column":0},"end":{"line":5,"column":26}},"4":{"start":{"line":6,"column":0},"end":{"line":6,"column":26}},"5":{"start":{"line":8,"column":0},"end":{"line":8,"column":23}}},"fnMap":{},"branchMap":{},"s":{"0":9,"1":9,"2":9,"3":9,"4":9,"5":9},"f":{},"b":{},"_coverageSchema":"1a1c01bbd47fc00a2c39e90264f33305004495a9","hash":"dbd913556201af0f1b07f4ec9dcb425f635aba1c"}
,"C:\\Users\\maru\\Desktop\\MP7\\src\\routes\\products.routes.js": {"path":"C:\\Users\\maru\\Desktop\\MP7\\src\\routes\\products.routes.js","statementMap":{"0":{"start":{"line":1,"column":19},"end":{"line":1,"column":37}},"1":{"start":{"line":2,"column":122},"end":{"line":2,"column":167}},"2":{"start":{"line":3,"column":26},"end":{"line":3,"column":64}},"3":{"start":{"line":4,"column":23},"end":{"line":4,"column":62}},"4":{"start":{"line":5,"column":15},"end":{"line":5,"column":23}},"5":{"start":{"line":7,"column":0},"end":{"line":7,"column":28}},"6":{"start":{"line":8,"column":0},"end":{"line":8,"column":34}},"7":{"start":{"line":9,"column":0},"end":{"line":9,"column":43}},"8":{"start":{"line":10,"column":0},"end":{"line":10,"column":52}},"9":{"start":{"line":11,"column":0},"end":{"line":11,"column":45}},"10":{"start":{"line":12,"column":0},"end":{"line":12,"column":64}},"11":{"start":{"line":13,"column":0},"end":{"line":13,"column":67}},"12":{"start":{"line":15,"column":0},"end":{"line":15,"column":23}}},"fnMap":{},"branchMap":{},"s":{"0":9,"1":9,"2":9,"3":9,"4":9,"5":9,"6":9,"7":9,"8":9,"9":9,"10":9,"11":9,"12":9},"f":{},"b":{},"_coverageSchema":"1a1c01bbd47fc00a2c39e90264f33305004495a9","hash":"84f46d0b762bd6bf236269ce652e295da10df22e"}
,"C:\\Users\\maru\\Desktop\\MP7\\src\\routes\\transactions.routes.js": {"path":"C:\\Users\\maru\\Desktop\\MP7\\src\\routes\\transactions.routes.js","statementMap":{"0":{"start":{"line":1,"column":19},"end":{"line":1,"column":37}},"1":{"start":{"line":2,"column":108},"end":{"line":2,"column":157}},"2":{"start":{"line":3,"column":30},"end":{"line":3,"column":68}},"3":{"start":{"line":4,"column":23},"end":{"line":4,"column":62}},"4":{"start":{"line":5,"column":15},"end":{"line":5,"column":23}},"5":{"start":{"line":7,"column":0},"end":{"line":7,"column":51}},"6":{"start":{"line":8,"column":0},"end":{"line":8,"column":73}},"7":{"start":{"line":9,"column":0},"end":{"line":9,"column":66}},"8":{"start":{"line":10,"column":0},"end":{"line":10,"column":76}},"9":{"start":{"line":12,"column":0},"end":{"line":12,"column":23}}},"fnMap":{},"branchMap":{},"s":{"0":9,"1":9,"2":9,"3":9,"4":9,"5":9,"6":9,"7":9,"8":9,"9":9},"f":{},"b":{},"_coverageSchema":"1a1c01bbd47fc00a2c39e90264f33305004495a9","hash":"00207a00d553fd355069aa12bc00578e7877cce6"}
,"C:\\Users\\maru\\Desktop\\MP7\\src\\routes\\users.routes.js": {"path":"C:\\Users\\maru\\Desktop\\MP7\\src\\routes\\users.routes.js","statementMap":{"0":{"start":{"line":1,"column":19},"end":{"line":1,"column":37}},"1":{"start":{"line":2,"column":77},"end":{"line":2,"column":119}},"2":{"start":{"line":3,"column":23},"end":{"line":3,"column":62}},"3":{"start":{"line":4,"column":15},"end":{"line":4,"column":23}},"4":{"start":{"line":6,"column":0},"end":{"line":6,"column":31}},"5":{"start":{"line":7,"column":0},"end":{"line":7,"column":46}},"6":{"start":{"line":8,"column":0},"end":{"line":8,"column":62}},"7":{"start":{"line":9,"column":0},"end":{"line":9,"column":49}},"8":{"start":{"line":11,"column":0},"end":{"line":11,"column":23}}},"fnMap":{},"branchMap":{},"s":{"0":9,"1":9,"2":9,"3":9,"4":9,"5":9,"6":9,"7":9,"8":9},"f":{},"b":{},"_coverageSchema":"1a1c01bbd47fc00a2c39e90264f33305004495a9","hash":"7b3fbd966aa76080feb71eaebfa1ea8c8eef619f"}
}
