TN:
SF:app.js
FNF:0
FNH:0
DA:2,4
DA:3,4
DA:6,4
DA:7,4
DA:8,4
DA:9,4
DA:10,4
DA:13,4
DA:14,4
DA:15,4
DA:18,4
DA:19,4
DA:22,4
DA:23,4
DA:24,4
DA:25,4
DA:26,4
DA:27,4
DA:29,4
LF:19
LH:19
BRF:0
BRH:0
end_of_record
TN:
SF:src\controllers\admin.controller.js
FN:8,(anonymous_0)
FN:28,(anonymous_1)
FN:45,(anonymous_2)
FN:61,(anonymous_3)
FN:139,(anonymous_4)
FN:214,(anonymous_5)
FN:348,(anonymous_6)
FN:367,(anonymous_7)
FN:510,(anonymous_8)
FN:542,(anonymous_9)
FNF:10
FNH:0
FNDA:0,(anonymous_0)
FNDA:0,(anonymous_1)
FNDA:0,(anonymous_2)
FNDA:0,(anonymous_3)
FNDA:0,(anonymous_4)
FNDA:0,(anonymous_5)
FNDA:0,(anonymous_6)
FNDA:0,(anonymous_7)
FNDA:0,(anonymous_8)
FNDA:0,(anonymous_9)
DA:1,4
DA:2,4
DA:3,4
DA:4,4
DA:8,4
DA:9,0
DA:10,0
DA:11,0
DA:12,0
DA:14,0
DA:15,0
DA:16,0
DA:18,0
DA:21,0
DA:22,0
DA:28,4
DA:29,0
DA:30,0
DA:31,0
DA:32,0
DA:33,0
DA:35,0
DA:38,0
DA:39,0
DA:45,4
DA:46,0
DA:47,0
DA:48,0
DA:49,0
DA:50,0
DA:52,0
DA:55,0
DA:56,0
DA:61,4
DA:62,0
DA:63,0
DA:65,0
DA:66,0
DA:68,0
DA:69,0
DA:71,0
DA:72,0
DA:74,0
DA:75,0
DA:77,0
DA:78,0
DA:80,0
DA:81,0
DA:82,0
DA:84,0
DA:85,0
DA:86,0
DA:88,0
DA:89,0
DA:91,0
DA:92,0
DA:93,0
DA:95,0
DA:96,0
DA:98,0
DA:99,0
DA:101,0
DA:102,0
DA:103,0
DA:109,0
DA:113,0
DA:117,0
DA:118,0
DA:119,0
DA:125,0
DA:128,0
DA:133,0
DA:134,0
DA:139,4
DA:140,0
DA:141,0
DA:144,0
DA:145,0
DA:149,0
DA:150,0
DA:152,0
DA:153,0
DA:154,0
DA:158,0
DA:159,0
DA:161,0
DA:162,0
DA:164,0
DA:165,0
DA:169,0
DA:170,0
DA:172,0
DA:173,0
DA:175,0
DA:176,0
DA:180,0
DA:181,0
DA:183,0
DA:184,0
DA:186,0
DA:187,0
DA:191,0
DA:192,0
DA:193,0
DA:196,0
DA:204,0
DA:207,0
DA:208,0
DA:214,4
DA:215,0
DA:216,0
DA:217,0
DA:218,0
DA:220,0
DA:221,0
DA:222,0
DA:231,0
DA:234,0
DA:235,0
DA:237,0
DA:238,0
DA:241,0
DA:245,0
DA:246,0
DA:247,0
DA:249,0
DA:250,0
DA:253,0
DA:268,0
DA:269,0
DA:271,0
DA:272,0
DA:274,0
DA:275,0
DA:277,0
DA:278,0
DA:281,0
DA:285,0
DA:286,0
DA:288,0
DA:289,0
DA:291,0
DA:292,0
DA:294,0
DA:295,0
DA:298,0
DA:302,0
DA:303,0
DA:304,0
DA:306,0
DA:307,0
DA:310,0
DA:320,0
DA:330,0
DA:341,0
DA:342,0
DA:348,4
DA:349,0
DA:350,0
DA:351,0
DA:352,0
DA:354,0
DA:355,0
DA:356,0
DA:358,0
DA:361,0
DA:362,0
DA:367,4
DA:368,0
DA:369,0
DA:370,0
DA:371,0
DA:373,0
DA:374,0
DA:375,0
DA:377,0
DA:380,0
DA:381,0
DA:383,0
DA:384,0
DA:386,0
DA:387,0
DA:389,0
DA:390,0
DA:393,0
DA:397,0
DA:398,0
DA:400,0
DA:401,0
DA:403,0
DA:404,0
DA:406,0
DA:407,0
DA:410,0
DA:414,0
DA:415,0
DA:417,0
DA:418,0
DA:420,0
DA:421,0
DA:423,0
DA:424,0
DA:427,0
DA:431,0
DA:432,0
DA:434,0
DA:435,0
DA:436,0
DA:438,0
DA:439,0
DA:441,0
DA:442,0
DA:445,0
DA:449,0
DA:450,0
DA:452,0
DA:453,0
DA:455,0
DA:456,0
DA:459,0
DA:461,0
DA:464,0
DA:465,0
DA:466,0
DA:468,0
DA:469,0
DA:472,0
DA:476,0
DA:477,0
DA:480,0
DA:483,0
DA:492,0
DA:504,0
DA:505,0
DA:510,4
DA:511,0
DA:512,0
DA:513,0
DA:514,0
DA:516,0
DA:517,0
DA:518,0
DA:519,0
DA:521,0
DA:522,0
DA:525,0
DA:527,0
DA:532,0
DA:535,0
DA:536,0
DA:542,4
DA:543,0
DA:544,0
DA:545,0
DA:546,0
DA:548,0
DA:549,0
DA:550,0
DA:552,0
DA:553,0
DA:555,0
DA:556,0
DA:557,0
DA:559,0
DA:560,0
DA:563,0
DA:564,0
DA:569,4
LF:268
LH:15
BRDA:11,0,0,0
BRDA:11,0,1,0
BRDA:15,1,0,0
BRDA:15,1,1,0
BRDA:32,2,0,0
BRDA:32,2,1,0
BRDA:49,3,0,0
BRDA:49,3,1,0
BRDA:65,4,0,0
BRDA:65,4,1,0
BRDA:68,5,0,0
BRDA:68,5,1,0
BRDA:71,6,0,0
BRDA:71,6,1,0
BRDA:74,7,0,0
BRDA:74,7,1,0
BRDA:77,8,0,0
BRDA:77,8,1,0
BRDA:81,9,0,0
BRDA:81,9,1,0
BRDA:85,10,0,0
BRDA:85,10,1,0
BRDA:88,11,0,0
BRDA:88,11,1,0
BRDA:92,12,0,0
BRDA:92,12,1,0
BRDA:95,13,0,0
BRDA:95,13,1,0
BRDA:98,14,0,0
BRDA:98,14,1,0
BRDA:101,15,0,0
BRDA:101,15,1,0
BRDA:144,16,0,0
BRDA:144,16,1,0
BRDA:149,17,0,0
BRDA:149,17,1,0
BRDA:153,18,0,0
BRDA:153,18,1,0
BRDA:158,19,0,0
BRDA:158,19,1,0
BRDA:161,20,0,0
BRDA:161,20,1,0
BRDA:164,21,0,0
BRDA:164,21,1,0
BRDA:169,22,0,0
BRDA:169,22,1,0
BRDA:172,23,0,0
BRDA:172,23,1,0
BRDA:175,24,0,0
BRDA:175,24,1,0
BRDA:180,25,0,0
BRDA:180,25,1,0
BRDA:183,26,0,0
BRDA:183,26,1,0
BRDA:186,27,0,0
BRDA:186,27,1,0
BRDA:192,28,0,0
BRDA:192,28,1,0
BRDA:217,29,0,0
BRDA:217,29,1,0
BRDA:221,30,0,0
BRDA:221,30,1,0
BRDA:234,31,0,0
BRDA:234,31,1,0
BRDA:237,32,0,0
BRDA:237,32,1,0
BRDA:246,33,0,0
BRDA:246,33,1,0
BRDA:249,34,0,0
BRDA:249,34,1,0
BRDA:268,35,0,0
BRDA:268,35,1,0
BRDA:271,36,0,0
BRDA:271,36,1,0
BRDA:274,37,0,0
BRDA:274,37,1,0
BRDA:277,38,0,0
BRDA:277,38,1,0
BRDA:285,39,0,0
BRDA:285,39,1,0
BRDA:288,40,0,0
BRDA:288,40,1,0
BRDA:291,41,0,0
BRDA:291,41,1,0
BRDA:294,42,0,0
BRDA:294,42,1,0
BRDA:303,43,0,0
BRDA:303,43,1,0
BRDA:306,44,0,0
BRDA:306,44,1,0
BRDA:351,45,0,0
BRDA:351,45,1,0
BRDA:355,46,0,0
BRDA:355,46,1,0
BRDA:370,47,0,0
BRDA:370,47,1,0
BRDA:374,48,0,0
BRDA:374,48,1,0
BRDA:380,49,0,0
BRDA:380,49,1,0
BRDA:383,50,0,0
BRDA:383,50,1,0
BRDA:386,51,0,0
BRDA:386,51,1,0
BRDA:389,52,0,0
BRDA:389,52,1,0
BRDA:397,53,0,0
BRDA:397,53,1,0
BRDA:400,54,0,0
BRDA:400,54,1,0
BRDA:403,55,0,0
BRDA:403,55,1,0
BRDA:406,56,0,0
BRDA:406,56,1,0
BRDA:414,57,0,0
BRDA:414,57,1,0
BRDA:417,58,0,0
BRDA:417,58,1,0
BRDA:420,59,0,0
BRDA:420,59,1,0
BRDA:423,60,0,0
BRDA:423,60,1,0
BRDA:431,61,0,0
BRDA:431,61,1,0
BRDA:435,62,0,0
BRDA:435,62,1,0
BRDA:438,63,0,0
BRDA:438,63,1,0
BRDA:441,64,0,0
BRDA:441,64,1,0
BRDA:449,65,0,0
BRDA:449,65,1,0
BRDA:452,66,0,0
BRDA:452,66,1,0
BRDA:455,67,0,0
BRDA:455,67,1,0
BRDA:465,68,0,0
BRDA:465,68,1,0
BRDA:468,69,0,0
BRDA:468,69,1,0
BRDA:476,70,0,0
BRDA:476,70,1,0
BRDA:513,71,0,0
BRDA:513,71,1,0
BRDA:518,72,0,0
BRDA:518,72,1,0
BRDA:521,73,0,0
BRDA:521,73,1,0
BRDA:545,74,0,0
BRDA:545,74,1,0
BRDA:549,75,0,0
BRDA:549,75,1,0
BRDA:552,76,0,0
BRDA:552,76,1,0
BRDA:556,77,0,0
BRDA:556,77,1,0
BRF:156
BRH:0
end_of_record
TN:
SF:src\controllers\auth.controller.js
FN:7,(anonymous_0)
FN:32,(anonymous_1)
FN:46,(anonymous_2)
FN:51,(anonymous_3)
FN:154,(anonymous_4)
FNF:5
FNH:5
FNDA:77,(anonymous_0)
FNDA:20,(anonymous_1)
FNDA:52,(anonymous_2)
FNDA:1,(anonymous_3)
FNDA:10,(anonymous_4)
DA:1,4
DA:2,4
DA:3,4
DA:4,4
DA:7,4
DA:8,77
DA:9,77
DA:10,77
DA:11,2
DA:13,75
DA:14,75
DA:15,4
DA:17,71
DA:18,3
DA:20,68
DA:21,68
DA:22,48
DA:24,20
DA:25,20
DA:26,0
DA:28,20
DA:32,20
DA:33,20
DA:34,0
DA:36,20
DA:40,0
DA:41,0
DA:46,4
DA:47,52
DA:48,52
DA:49,52
DA:50,1
DA:51,1
DA:52,1
DA:53,1
DA:56,1
DA:58,51
DA:59,51
DA:60,7
DA:62,44
DA:63,44
DA:64,0
DA:66,44
DA:67,1
DA:69,43
DA:70,1
DA:72,42
DA:73,1
DA:76,41
DA:77,2
DA:79,39
DA:80,1
DA:82,38
DA:83,1
DA:85,37
DA:86,1
DA:89,36
DA:90,1
DA:92,35
DA:93,1
DA:95,34
DA:96,1
DA:98,33
DA:99,1
DA:102,32
DA:103,1
DA:105,31
DA:106,1
DA:108,30
DA:109,30
DA:110,1
DA:112,29
DA:113,1
DA:116,28
DA:117,1
DA:119,27
DA:120,1
DA:122,26
DA:123,1
DA:126,25
DA:127,0
DA:129,25
DA:130,25
DA:138,25
DA:148,1
DA:149,0
DA:154,4
DA:155,10
DA:156,10
DA:157,10
DA:158,0
DA:160,10
DA:161,9
DA:162,9
DA:164,0
DA:165,0
DA:167,0
DA:168,0
DA:170,0
DA:171,0
DA:174,0
DA:175,0
DA:177,0
DA:178,0
DA:180,0
DA:181,0
DA:183,0
DA:184,0
DA:187,0
DA:188,0
DA:190,0
DA:191,0
DA:193,0
DA:194,0
DA:196,0
DA:197,0
DA:200,0
DA:201,0
DA:203,0
DA:204,0
DA:206,0
DA:207,0
DA:208,0
DA:210,0
DA:211,0
DA:214,0
DA:215,0
DA:217,0
DA:218,0
DA:220,0
DA:221,0
DA:224,0
DA:225,0
DA:228,0
DA:229,0
DA:231,0
DA:232,0
DA:233,0
DA:235,0
DA:236,0
DA:245,0
DA:248,1
DA:249,1
DA:253,4
LF:144
LH:89
BRDA:10,0,0,2
BRDA:10,0,1,75
BRDA:14,1,0,4
BRDA:14,1,1,71
BRDA:17,2,0,3
BRDA:17,2,1,68
BRDA:21,3,0,48
BRDA:21,3,1,20
BRDA:25,4,0,0
BRDA:25,4,1,20
BRDA:33,5,0,0
BRDA:33,5,1,20
BRDA:49,6,0,1
BRDA:49,6,1,51
BRDA:52,7,0,1
BRDA:52,7,1,0
BRDA:59,8,0,7
BRDA:59,8,1,44
BRDA:63,9,0,0
BRDA:63,9,1,44
BRDA:66,10,0,1
BRDA:66,10,1,43
BRDA:69,11,0,1
BRDA:69,11,1,42
BRDA:72,12,0,1
BRDA:72,12,1,41
BRDA:76,13,0,2
BRDA:76,13,1,39
BRDA:79,14,0,1
BRDA:79,14,1,38
BRDA:82,15,0,1
BRDA:82,15,1,37
BRDA:85,16,0,1
BRDA:85,16,1,36
BRDA:89,17,0,1
BRDA:89,17,1,35
BRDA:92,18,0,1
BRDA:92,18,1,34
BRDA:95,19,0,1
BRDA:95,19,1,33
BRDA:98,20,0,1
BRDA:98,20,1,32
BRDA:102,21,0,1
BRDA:102,21,1,31
BRDA:105,22,0,1
BRDA:105,22,1,30
BRDA:109,23,0,1
BRDA:109,23,1,29
BRDA:112,24,0,1
BRDA:112,24,1,28
BRDA:116,25,0,1
BRDA:116,25,1,27
BRDA:119,26,0,1
BRDA:119,26,1,26
BRDA:122,27,0,1
BRDA:122,27,1,25
BRDA:126,28,0,0
BRDA:126,28,1,25
BRDA:157,29,0,0
BRDA:157,29,1,10
BRDA:161,30,0,9
BRDA:161,30,1,0
BRDA:164,31,0,0
BRDA:164,31,1,0
BRDA:167,32,0,0
BRDA:167,32,1,0
BRDA:170,33,0,0
BRDA:170,33,1,0
BRDA:174,34,0,0
BRDA:174,34,1,0
BRDA:177,35,0,0
BRDA:177,35,1,0
BRDA:180,36,0,0
BRDA:180,36,1,0
BRDA:183,37,0,0
BRDA:183,37,1,0
BRDA:187,38,0,0
BRDA:187,38,1,0
BRDA:190,39,0,0
BRDA:190,39,1,0
BRDA:193,40,0,0
BRDA:193,40,1,0
BRDA:196,41,0,0
BRDA:196,41,1,0
BRDA:200,42,0,0
BRDA:200,42,1,0
BRDA:203,43,0,0
BRDA:203,43,1,0
BRDA:207,44,0,0
BRDA:207,44,1,0
BRDA:210,45,0,0
BRDA:210,45,1,0
BRDA:214,46,0,0
BRDA:214,46,1,0
BRDA:217,47,0,0
BRDA:217,47,1,0
BRDA:220,48,0,0
BRDA:220,48,1,0
BRDA:224,49,0,0
BRDA:224,49,1,0
BRDA:228,50,0,0
BRDA:228,50,1,0
BRDA:232,51,0,0
BRDA:232,51,1,0
BRF:104
BRH:55
end_of_record
TN:
SF:src\controllers\products.controller.js
FN:5,(anonymous_0)
FN:19,(anonymous_1)
FN:42,(anonymous_2)
FN:70,(anonymous_3)
FN:96,(anonymous_4)
FN:165,(anonymous_5)
FN:271,(anonymous_6)
FNF:7
FNH:1
FNDA:2,(anonymous_0)
FNDA:0,(anonymous_1)
FNDA:0,(anonymous_2)
FNDA:0,(anonymous_3)
FNDA:0,(anonymous_4)
FNDA:0,(anonymous_5)
FNDA:0,(anonymous_6)
DA:1,4
DA:5,4
DA:6,2
DA:7,2
DA:8,2
DA:9,2
DA:12,0
DA:13,0
DA:19,4
DA:20,0
DA:21,0
DA:24,0
DA:25,0
DA:28,0
DA:29,0
DA:30,0
DA:32,0
DA:35,0
DA:36,0
DA:42,4
DA:43,0
DA:44,0
DA:45,0
DA:46,0
DA:49,0
DA:50,0
DA:51,0
DA:54,0
DA:55,0
DA:56,0
DA:59,0
DA:63,0
DA:64,0
DA:70,4
DA:71,0
DA:72,0
DA:73,0
DA:76,0
DA:77,0
DA:80,0
DA:82,0
DA:83,0
DA:86,0
DA:89,0
DA:90,0
DA:96,4
DA:97,0
DA:98,0
DA:99,0
DA:102,0
DA:103,0
DA:105,0
DA:106,0
DA:108,0
DA:109,0
DA:113,0
DA:114,0
DA:116,0
DA:117,0
DA:119,0
DA:120,0
DA:124,0
DA:125,0
DA:127,0
DA:128,0
DA:130,0
DA:131,0
DA:136,0
DA:137,0
DA:138,0
DA:142,0
DA:149,0
DA:158,0
DA:159,0
DA:165,4
DA:166,0
DA:167,0
DA:168,0
DA:169,0
DA:172,0
DA:173,0
DA:175,0
DA:176,0
DA:178,0
DA:179,0
DA:183,0
DA:184,0
DA:186,0
DA:187,0
DA:189,0
DA:190,0
DA:194,0
DA:195,0
DA:197,0
DA:198,0
DA:200,0
DA:201,0
DA:205,0
DA:206,0
DA:207,0
DA:211,0
DA:212,0
DA:215,0
DA:217,0
DA:218,0
DA:221,0
DA:223,0
DA:224,0
DA:227,0
DA:229,0
DA:230,0
DA:233,0
DA:235,0
DA:236,0
DA:239,0
DA:243,0
DA:254,0
DA:264,0
DA:265,0
DA:271,4
DA:272,0
DA:273,0
DA:276,0
DA:277,0
DA:280,0
DA:281,0
DA:282,0
DA:285,0
DA:286,0
DA:289,0
DA:290,0
DA:294,4
LF:132
LH:13
BRDA:24,0,0,0
BRDA:24,0,1,0
BRDA:29,1,0,0
BRDA:29,1,1,0
BRDA:50,2,0,0
BRDA:50,2,1,0
BRDA:55,3,0,0
BRDA:55,3,1,0
BRDA:76,4,0,0
BRDA:76,4,1,0
BRDA:82,5,0,0
BRDA:82,5,1,0
BRDA:102,6,0,0
BRDA:102,6,1,0
BRDA:105,7,0,0
BRDA:105,7,1,0
BRDA:108,8,0,0
BRDA:108,8,1,0
BRDA:113,9,0,0
BRDA:113,9,1,0
BRDA:116,10,0,0
BRDA:116,10,1,0
BRDA:119,11,0,0
BRDA:119,11,1,0
BRDA:124,12,0,0
BRDA:124,12,1,0
BRDA:127,13,0,0
BRDA:127,13,1,0
BRDA:130,14,0,0
BRDA:130,14,1,0
BRDA:137,15,0,0
BRDA:137,15,1,0
BRDA:172,16,0,0
BRDA:172,16,1,0
BRDA:175,17,0,0
BRDA:175,17,1,0
BRDA:178,18,0,0
BRDA:178,18,1,0
BRDA:183,19,0,0
BRDA:183,19,1,0
BRDA:186,20,0,0
BRDA:186,20,1,0
BRDA:189,21,0,0
BRDA:189,21,1,0
BRDA:194,22,0,0
BRDA:194,22,1,0
BRDA:197,23,0,0
BRDA:197,23,1,0
BRDA:200,24,0,0
BRDA:200,24,1,0
BRDA:206,25,0,0
BRDA:206,25,1,0
BRDA:211,26,0,0
BRDA:211,26,1,0
BRDA:217,27,0,0
BRDA:217,27,1,0
BRDA:223,28,0,0
BRDA:223,28,1,0
BRDA:229,29,0,0
BRDA:229,29,1,0
BRDA:235,30,0,0
BRDA:235,30,1,0
BRDA:276,31,0,0
BRDA:276,31,1,0
BRDA:281,32,0,0
BRDA:281,32,1,0
BRF:66
BRH:0
end_of_record
TN:
SF:src\controllers\transactions.controller.js
FN:5,(anonymous_0)
FN:19,(anonymous_1)
FN:40,(anonymous_2)
FN:115,(anonymous_3)
FNF:4
FNH:0
FNDA:0,(anonymous_0)
FNDA:0,(anonymous_1)
FNDA:0,(anonymous_2)
FNDA:0,(anonymous_3)
DA:1,4
DA:2,4
DA:5,4
DA:6,0
DA:7,0
DA:8,0
DA:9,0
DA:10,0
DA:13,0
DA:14,0
DA:19,4
DA:20,0
DA:21,0
DA:24,0
DA:25,0
DA:27,0
DA:28,0
DA:29,0
DA:31,0
DA:34,0
DA:35,0
DA:40,4
DA:41,0
DA:42,0
DA:43,0
DA:44,0
DA:46,0
DA:47,0
DA:49,0
DA:50,0
DA:52,0
DA:53,0
DA:55,0
DA:56,0
DA:57,0
DA:58,0
DA:60,0
DA:61,0
DA:62,0
DA:64,0
DA:65,0
DA:68,0
DA:69,0
DA:71,0
DA:72,0
DA:73,0
DA:78,0
DA:82,0
DA:90,0
DA:91,0
DA:92,0
DA:97,0
DA:100,0
DA:109,0
DA:110,0
DA:115,4
DA:116,0
DA:117,0
DA:118,0
DA:119,0
DA:121,0
DA:122,0
DA:123,0
DA:128,0
DA:130,0
DA:133,0
DA:134,0
DA:138,4
LF:68
LH:7
BRDA:24,0,0,0
BRDA:24,0,1,0
BRDA:28,1,0,0
BRDA:28,1,1,0
BRDA:43,2,0,0
BRDA:43,2,1,0
BRDA:46,3,0,0
BRDA:46,3,1,0
BRDA:49,4,0,0
BRDA:49,4,1,0
BRDA:52,5,0,0
BRDA:52,5,1,0
BRDA:57,6,0,0
BRDA:57,6,1,0
BRDA:61,7,0,0
BRDA:61,7,1,0
BRDA:64,8,0,0
BRDA:64,8,1,0
BRDA:68,9,0,0
BRDA:68,9,1,0
BRDA:71,10,0,0
BRDA:71,10,1,0
BRDA:118,11,0,0
BRDA:118,11,1,0
BRDA:122,12,0,0
BRDA:122,12,1,0
BRF:26
BRH:0
end_of_record
TN:
SF:src\controllers\users.controller.js
FN:6,(anonymous_0)
FN:27,(anonymous_1)
FN:123,(anonymous_2)
FN:143,(anonymous_3)
FNF:4
FNH:0
FNDA:0,(anonymous_0)
FNDA:0,(anonymous_1)
FNDA:0,(anonymous_2)
FNDA:0,(anonymous_3)
DA:1,4
DA:2,4
DA:6,4
DA:7,0
DA:8,0
DA:11,0
DA:12,0
DA:13,0
DA:14,0
DA:15,0
DA:17,0
DA:20,0
DA:21,0
DA:27,4
DA:28,0
DA:29,0
DA:30,0
DA:31,0
DA:33,0
DA:34,0
DA:37,0
DA:38,0
DA:40,0
DA:41,0
DA:43,0
DA:44,0
DA:46,0
DA:48,0
DA:49,0
DA:52,0
DA:53,0
DA:55,0
DA:56,0
DA:58,0
DA:59,0
DA:61,0
DA:63,0
DA:64,0
DA:67,0
DA:68,0
DA:70,0
DA:71,0
DA:73,0
DA:74,0
DA:76,0
DA:78,0
DA:79,0
DA:82,0
DA:83,0
DA:85,0
DA:86,0
DA:87,0
DA:89,0
DA:90,0
DA:92,0
DA:94,0
DA:95,0
DA:98,0
DA:100,0
DA:107,0
DA:117,0
DA:118,0
DA:123,4
DA:124,0
DA:125,0
DA:126,0
DA:127,0
DA:129,0
DA:130,0
DA:131,0
DA:133,0
DA:134,0
DA:137,0
DA:138,0
DA:143,4
DA:144,0
DA:145,0
DA:146,0
DA:147,0
DA:149,0
DA:150,0
DA:153,0
DA:154,0
DA:155,0
DA:157,0
DA:158,0
DA:161,0
DA:162,0
DA:165,0
DA:166,0
DA:169,0
DA:171,0
DA:174,0
DA:180,0
DA:181,0
DA:186,4
LF:96
LH:7
BRDA:11,0,0,0
BRDA:11,0,1,0
BRDA:14,1,0,0
BRDA:14,1,1,0
BRDA:33,2,0,0
BRDA:33,2,1,0
BRDA:37,3,0,0
BRDA:37,3,1,0
BRDA:40,4,0,0
BRDA:40,4,1,0
BRDA:43,5,0,0
BRDA:43,5,1,0
BRDA:48,6,0,0
BRDA:48,6,1,0
BRDA:52,7,0,0
BRDA:52,7,1,0
BRDA:55,8,0,0
BRDA:55,8,1,0
BRDA:58,9,0,0
BRDA:58,9,1,0
BRDA:63,10,0,0
BRDA:63,10,1,0
BRDA:67,11,0,0
BRDA:67,11,1,0
BRDA:70,12,0,0
BRDA:70,12,1,0
BRDA:73,13,0,0
BRDA:73,13,1,0
BRDA:78,14,0,0
BRDA:78,14,1,0
BRDA:82,15,0,0
BRDA:82,15,1,0
BRDA:86,16,0,0
BRDA:86,16,1,0
BRDA:89,17,0,0
BRDA:89,17,1,0
BRDA:94,18,0,0
BRDA:94,18,1,0
BRDA:126,19,0,0
BRDA:126,19,1,0
BRDA:130,20,0,0
BRDA:130,20,1,0
BRDA:149,21,0,0
BRDA:149,21,1,0
BRDA:149,22,0,0
BRDA:149,22,1,0
BRDA:154,23,0,0
BRDA:154,23,1,0
BRDA:157,24,0,0
BRDA:157,24,1,0
BRDA:161,25,0,0
BRDA:161,25,1,0
BRDA:161,26,0,0
BRDA:161,26,1,0
BRDA:165,27,0,0
BRDA:165,27,1,0
BRDA:165,28,0,0
BRDA:165,28,1,0
BRF:58
BRH:0
end_of_record
TN:
SF:src\helpers\bcrypt.js
FN:5,(anonymous_0)
FN:10,(anonymous_1)
FNF:2
FNH:2
FNDA:31,(anonymous_0)
FNDA:22,(anonymous_1)
DA:1,4
DA:2,4
DA:5,4
DA:6,31
DA:10,4
DA:11,22
DA:14,4
LF:7
LH:7
BRF:0
BRH:0
end_of_record
TN:
SF:src\helpers\swagger.js
FNF:0
FNH:0
DA:1,4
DA:3,4
DA:36,4
LF:3
LH:3
BRF:0
BRH:0
end_of_record
TN:
SF:src\middleware\authentication.js
FN:3,(anonymous_0)
FN:8,(anonymous_1)
FNF:2
FNH:2
FNDA:59,(anonymous_0)
FNDA:58,(anonymous_1)
DA:1,4
DA:3,4
DA:4,59
DA:5,59
DA:6,59
DA:7,58
DA:8,58
DA:9,58
DA:10,48
DA:13,10
DA:14,10
DA:19,1
DA:23,0
DA:27,4
LF:14
LH:13
BRDA:6,0,0,58
BRDA:6,0,1,1
BRDA:9,1,0,48
BRDA:9,1,1,10
BRF:4
BRH:4
end_of_record
TN:
SF:src\middleware\authorization.js
FN:7,(anonymous_0)
FN:24,(anonymous_1)
FN:49,(anonymous_2)
FNF:3
FNH:1
FNDA:10,(anonymous_0)
FNDA:0,(anonymous_1)
FNDA:0,(anonymous_2)
DA:1,4
DA:2,4
DA:3,4
DA:4,4
DA:7,4
DA:8,10
DA:9,10
DA:10,10
DA:11,10
DA:14,0
DA:18,0
DA:19,0
DA:24,4
DA:25,0
DA:26,0
DA:27,0
DA:28,0
DA:29,0
DA:30,0
DA:31,0
DA:32,0
DA:35,0
DA:39,0
DA:43,0
DA:44,0
DA:49,4
DA:50,0
DA:51,0
DA:52,0
DA:53,0
DA:54,0
DA:55,0
DA:56,0
DA:57,0
DA:60,0
DA:64,0
DA:68,0
DA:69,0
DA:73,4
LF:39
LH:12
BRDA:10,0,0,10
BRDA:10,0,1,0
BRDA:29,1,0,0
BRDA:29,1,1,0
BRDA:31,2,0,0
BRDA:31,2,1,0
BRDA:54,3,0,0
BRDA:54,3,1,0
BRDA:56,4,0,0
BRDA:56,4,1,0
BRF:10
BRH:1
end_of_record
TN:
SF:src\models\index.js
FN:22,(anonymous_0)
FN:30,(anonymous_1)
FN:37,(anonymous_2)
FNF:3
FNH:3
FNDA:16,(anonymous_0)
FNDA:12,(anonymous_1)
FNDA:12,(anonymous_2)
DA:3,4
DA:4,4
DA:5,4
DA:6,4
DA:7,4
DA:8,4
DA:9,4
DA:11,4
DA:17,4
DA:20,4
DA:23,16
DA:31,12
DA:34,12
DA:37,4
DA:38,12
DA:39,12
DA:43,4
DA:44,4
DA:46,4
LF:19
LH:19
BRDA:8,0,0,4
BRDA:8,0,1,0
BRDA:24,1,0,16
BRDA:24,1,1,16
BRDA:24,1,2,12
BRDA:24,1,3,12
BRDA:38,2,0,12
BRDA:38,2,1,0
BRF:8
BRH:6
end_of_record
TN:
SF:src\models\product.model.js
FN:5,(anonymous_0)
FN:7,(anonymous_1)
FNF:2
FNH:2
FNDA:4,(anonymous_0)
FNDA:4,(anonymous_1)
DA:4,4
DA:5,4
DA:8,4
DA:17,4
DA:49,4
LF:5
LH:5
BRF:0
BRH:0
end_of_record
TN:
SF:src\models\transaction.model.js
FN:5,(anonymous_0)
FN:7,(anonymous_1)
FNF:2
FNH:2
FNDA:4,(anonymous_0)
FNDA:4,(anonymous_1)
DA:4,4
DA:5,4
DA:8,4
DA:18,4
DA:40,4
LF:5
LH:5
BRF:0
BRH:0
end_of_record
TN:
SF:src\models\user.model.js
FN:5,(anonymous_0)
FN:7,(anonymous_1)
FNF:2
FNH:2
FNDA:4,(anonymous_0)
FNDA:4,(anonymous_1)
DA:4,4
DA:5,4
DA:8,4
DA:16,4
DA:50,4
LF:5
LH:5
BRF:0
BRH:0
end_of_record
TN:
SF:src\routes\admin.routes.js
FNF:0
FNH:0
DA:1,4
DA:2,4
DA:3,4
DA:4,4
DA:5,4
DA:6,4
DA:7,4
DA:8,4
DA:11,4
DA:12,4
DA:13,4
DA:14,4
DA:17,4
DA:18,4
DA:19,4
DA:20,4
DA:21,4
DA:24,4
DA:25,4
DA:26,4
DA:29,4
DA:31,4
LF:22
LH:22
BRF:0
BRH:0
end_of_record
TN:
SF:src\routes\auth.routes.js
FNF:0
FNH:0
DA:1,4
DA:2,4
DA:3,4
DA:5,4
DA:6,4
DA:8,4
LF:6
LH:6
BRF:0
BRH:0
end_of_record
TN:
SF:src\routes\products.routes.js
FNF:0
FNH:0
DA:1,4
DA:2,4
DA:3,4
DA:4,4
DA:5,4
DA:7,4
DA:8,4
DA:9,4
DA:10,4
DA:11,4
DA:12,4
DA:13,4
DA:15,4
LF:13
LH:13
BRF:0
BRH:0
end_of_record
TN:
SF:src\routes\transactions.routes.js
FNF:0
FNH:0
DA:1,4
DA:2,4
DA:3,4
DA:4,4
DA:5,4
DA:7,4
DA:8,4
DA:9,4
DA:10,4
DA:12,4
LF:10
LH:10
BRF:0
BRH:0
end_of_record
TN:
SF:src\routes\users.routes.js
FNF:0
FNH:0
DA:1,4
DA:2,4
DA:3,4
DA:4,4
DA:6,4
DA:7,4
DA:8,4
DA:9,4
DA:11,4
LF:9
LH:9
BRF:0
BRH:0
end_of_record
